2024/03/09 11:13:15 [error] [exception.CHttpException.403] CHttpException: You are not allowed to access this page. in /var/www/html/framework/gii/GiiModule.php:170
Stack trace:
#0 /var/www/html/framework/web/CController.php(263): GiiModule->beforeControllerAction(Object(DefaultController), Object(CInlineAction))
#1 /var/www/html/framework/web/CWebApplication.php(282): CController->run('')
#2 /var/www/html/framework/web/CWebApplication.php(141): CWebApplication->runController('gii')
#3 /var/www/html/framework/base/CApplication.php(185): CWebApplication->processRequest()
#4 /var/www/html/coalize/index.php(13): CApplication->run()
#5 {main}
REQUEST_URI=/coalize/index.php?r=gii
---
2024/03/09 11:13:27 [error] [exception.CHttpException.403] CHttpException: You are not allowed to access this page. in /var/www/html/framework/gii/GiiModule.php:170
Stack trace:
#0 /var/www/html/framework/web/CController.php(263): GiiModule->beforeControllerAction(Object(DefaultController), Object(CInlineAction))
#1 /var/www/html/framework/web/CWebApplication.php(282): CController->run('')
#2 /var/www/html/framework/web/CWebApplication.php(141): CWebApplication->runController('gii')
#3 /var/www/html/framework/base/CApplication.php(185): CWebApplication->processRequest()
#4 /var/www/html/coalize/index.php(13): CApplication->run()
#5 {main}
REQUEST_URI=/coalize/index.php?r=gii
---
2024/03/09 11:19:07 [error] [exception.CHttpException.403] CHttpException: You are not allowed to access this page. in /var/www/html/framework/gii/GiiModule.php:170
Stack trace:
#0 /var/www/html/framework/web/CController.php(263): GiiModule->beforeControllerAction(Object(DefaultController), Object(CInlineAction))
#1 /var/www/html/framework/web/CWebApplication.php(282): CController->run('')
#2 /var/www/html/framework/web/CWebApplication.php(141): CWebApplication->runController('gii')
#3 /var/www/html/framework/base/CApplication.php(185): CWebApplication->processRequest()
#4 /var/www/html/coalize/index.php(13): CApplication->run()
#5 {main}
REQUEST_URI=/coalize/index.php?r=gii
---
2024/03/09 11:19:35 [error] [exception.CHttpException.403] CHttpException: You are not allowed to access this page. in /var/www/html/framework/gii/GiiModule.php:170
Stack trace:
#0 /var/www/html/framework/web/CController.php(263): GiiModule->beforeControllerAction(Object(DefaultController), Object(CInlineAction))
#1 /var/www/html/framework/web/CWebApplication.php(282): CController->run('')
#2 /var/www/html/framework/web/CWebApplication.php(141): CWebApplication->runController('gii')
#3 /var/www/html/framework/base/CApplication.php(185): CWebApplication->processRequest()
#4 /var/www/html/coalize/index.php(13): CApplication->run()
#5 {main}
REQUEST_URI=/coalize/index.php?r=gii
---
2024/03/09 11:20:16 [error] [exception.CHttpException.403] CHttpException: You are not allowed to access this page. in /var/www/html/framework/gii/GiiModule.php:170
Stack trace:
#0 /var/www/html/framework/web/CController.php(263): GiiModule->beforeControllerAction(Object(DefaultController), Object(CInlineAction))
#1 /var/www/html/framework/web/CWebApplication.php(282): CController->run('')
#2 /var/www/html/framework/web/CWebApplication.php(141): CWebApplication->runController('gii')
#3 /var/www/html/framework/base/CApplication.php(185): CWebApplication->processRequest()
#4 /var/www/html/coalize/index.php(13): CApplication->run()
#5 {main}
REQUEST_URI=/coalize/index.php?r=gii
---
2024/03/09 11:22:30 [error] [exception.CHttpException.403] CHttpException: You are not allowed to access this page. in /var/www/html/framework/gii/GiiModule.php:170
Stack trace:
#0 /var/www/html/framework/web/CController.php(263): GiiModule->beforeControllerAction(Object(DefaultController), Object(CInlineAction))
#1 /var/www/html/framework/web/CWebApplication.php(282): CController->run('')
#2 /var/www/html/framework/web/CWebApplication.php(141): CWebApplication->runController('gii')
#3 /var/www/html/framework/base/CApplication.php(185): CWebApplication->processRequest()
#4 /var/www/html/coalize/index.php(13): CApplication->run()
#5 {main}
REQUEST_URI=/coalize/index.php?r=gii
---
2024/03/09 11:22:35 [error] [exception.CHttpException.403] CHttpException: You are not allowed to access this page. in /var/www/html/framework/gii/GiiModule.php:170
Stack trace:
#0 /var/www/html/framework/web/CController.php(263): GiiModule->beforeControllerAction(Object(DefaultController), Object(CInlineAction))
#1 /var/www/html/framework/web/CWebApplication.php(282): CController->run('')
#2 /var/www/html/framework/web/CWebApplication.php(141): CWebApplication->runController('gii')
#3 /var/www/html/framework/base/CApplication.php(185): CWebApplication->processRequest()
#4 /var/www/html/coalize/index.php(13): CApplication->run()
#5 {main}
REQUEST_URI=/coalize/index.php?r=gii
---
2024/03/09 11:22:36 [error] [exception.CHttpException.403] CHttpException: You are not allowed to access this page. in /var/www/html/framework/gii/GiiModule.php:170
Stack trace:
#0 /var/www/html/framework/web/CController.php(263): GiiModule->beforeControllerAction(Object(DefaultController), Object(CInlineAction))
#1 /var/www/html/framework/web/CWebApplication.php(282): CController->run('')
#2 /var/www/html/framework/web/CWebApplication.php(141): CWebApplication->runController('gii')
#3 /var/www/html/framework/base/CApplication.php(185): CWebApplication->processRequest()
#4 /var/www/html/coalize/index.php(13): CApplication->run()
#5 {main}
REQUEST_URI=/coalize/index.php?r=gii
---
2024/03/09 11:23:51 [error] [exception.CHttpException.403] CHttpException: You are not allowed to access this page. in /var/www/html/framework/gii/GiiModule.php:170
Stack trace:
#0 /var/www/html/framework/web/CController.php(263): GiiModule->beforeControllerAction(Object(DefaultController), Object(CInlineAction))
#1 /var/www/html/framework/web/CWebApplication.php(282): CController->run('')
#2 /var/www/html/framework/web/CWebApplication.php(141): CWebApplication->runController('gii')
#3 /var/www/html/framework/base/CApplication.php(185): CWebApplication->processRequest()
#4 /var/www/html/coalize/index.php(13): CApplication->run()
#5 {main}
REQUEST_URI=/coalize/index.php?r=gii
---
2024/03/09 11:25:08 [error] [exception.CHttpException.403] CHttpException: You are not allowed to access this page. in /var/www/html/framework/gii/GiiModule.php:170
Stack trace:
#0 /var/www/html/framework/web/CController.php(263): GiiModule->beforeControllerAction(Object(DefaultController), Object(CInlineAction))
#1 /var/www/html/framework/web/CWebApplication.php(282): CController->run('')
#2 /var/www/html/framework/web/CWebApplication.php(141): CWebApplication->runController('gii')
#3 /var/www/html/framework/base/CApplication.php(185): CWebApplication->processRequest()
#4 /var/www/html/coalize/index.php(13): CApplication->run()
#5 {main}
REQUEST_URI=/coalize/index.php?r=gii
---
2024/03/09 13:16:37 [error] [exception.CHttpException.404] CHttpException: Unable to resolve the request "user". in /var/www/html/framework/web/CWebApplication.php:286
Stack trace:
#0 /var/www/html/framework/web/CWebApplication.php(141): CWebApplication->runController('user')
#1 /var/www/html/framework/base/CApplication.php(185): CWebApplication->processRequest()
#2 /var/www/html/coalize/index.php(13): CApplication->run()
#3 {main}
REQUEST_URI=/coalize/index.php?r=user
---
2024/03/09 14:21:54 [error] [exception.CHttpException.404] CHttpException: Unable to resolve the request "admin". in /var/www/html/framework/web/CWebApplication.php:286
Stack trace:
#0 /var/www/html/framework/web/CWebApplication.php(141): CWebApplication->runController('admin')
#1 /var/www/html/framework/base/CApplication.php(185): CWebApplication->processRequest()
#2 /var/www/html/coalize/index.php(13): CApplication->run()
#3 {main}
REQUEST_URI=/coalize/index.php?r=admin
---
2024/03/09 14:31:36 [error] [exception.CHttpException.404] CHttpException: The system is unable to find the requested action "user". in /var/www/html/framework/web/CController.php:486
Stack trace:
#0 /var/www/html/framework/web/CController.php(270): CController->missingAction('user')
#1 /var/www/html/framework/web/CWebApplication.php(282): CController->run('user')
#2 /var/www/html/framework/web/CWebApplication.php(141): CWebApplication->runController('site/user')
#3 /var/www/html/framework/base/CApplication.php(185): CWebApplication->processRequest()
#4 /var/www/html/coalize/index.php(13): CApplication->run()
#5 {main}
REQUEST_URI=/coalize/index.php?r=site/user
HTTP_REFERER=http://localhost/coalize/index.php
---
2024/03/09 14:32:46 [error] [exception.CException] CException: Property "CWebUser.cliente" is not defined. in /var/www/html/framework/base/CComponent.php:130
Stack trace:
#0 /var/www/html/framework/web/auth/CWebUser.php(146): CComponent->__get('cliente')
#1 /var/www/html/coalize/protected/views/layouts/main.php(38): CWebUser->__get('cliente')
#2 /var/www/html/framework/web/CBaseController.php(126): require('/var/www/html/c...')
#3 /var/www/html/framework/web/CBaseController.php(95): CBaseController->renderInternal('/var/www/html/c...', Array, true)
#4 /var/www/html/framework/web/widgets/CContentDecorator.php(76): CBaseController->renderFile('/var/www/html/c...', Array, true)
#5 /var/www/html/framework/web/widgets/CContentDecorator.php(54): CContentDecorator->decorate('<div id="conten...')
#6 /var/www/html/framework/web/widgets/COutputProcessor.php(44): CContentDecorator->processOutput('<div id="conten...')
#7 /var/www/html/framework/web/CBaseController.php(215): COutputProcessor->run()
#8 /var/www/html/framework/web/CBaseController.php(309): CBaseController->endWidget('CContentDecorat...')
#9 /var/www/html/coalize/protected/views/layouts/column1.php(6): CBaseController->endContent()
#10 /var/www/html/framework/web/CBaseController.php(126): require('/var/www/html/c...')
#11 /var/www/html/framework/web/CBaseController.php(95): CBaseController->renderInternal('/var/www/html/c...', Array, true)
#12 /var/www/html/framework/web/CController.php(787): CBaseController->renderFile('/var/www/html/c...', Array, true)
#13 /var/www/html/coalize/protected/controllers/SiteController.php(32): CController->render('index')
#14 /var/www/html/framework/web/actions/CInlineAction.php(49): SiteController->actionIndex()
#15 /var/www/html/framework/web/CController.php(308): CInlineAction->runWithParams(Array)
#16 /var/www/html/framework/web/CController.php(286): CController->runAction(Object(CInlineAction))
#17 /var/www/html/framework/web/CController.php(265): CController->runActionWithFilters(Object(CInlineAction), Array)
#18 /var/www/html/framework/web/CWebApplication.php(282): CController->run('')
#19 /var/www/html/framework/web/CWebApplication.php(141): CWebApplication->runController('')
#20 /var/www/html/framework/base/CApplication.php(185): CWebApplication->processRequest()
#21 /var/www/html/coalize/index.php(13): CApplication->run()
#22 {main}
REQUEST_URI=/coalize/index.php
HTTP_REFERER=http://localhost/coalize/index.php?r=cliente/admin
---
2024/03/09 14:32:52 [error] [exception.CException] CException: Property "CWebUser.cliente" is not defined. in /var/www/html/framework/base/CComponent.php:130
Stack trace:
#0 /var/www/html/framework/web/auth/CWebUser.php(146): CComponent->__get('cliente')
#1 /var/www/html/coalize/protected/views/layouts/main.php(38): CWebUser->__get('cliente')
#2 /var/www/html/framework/web/CBaseController.php(126): require('/var/www/html/c...')
#3 /var/www/html/framework/web/CBaseController.php(95): CBaseController->renderInternal('/var/www/html/c...', Array, true)
#4 /var/www/html/framework/web/widgets/CContentDecorator.php(76): CBaseController->renderFile('/var/www/html/c...', Array, true)
#5 /var/www/html/framework/web/widgets/CContentDecorator.php(54): CContentDecorator->decorate('<div class="spa...')
#6 /var/www/html/framework/web/widgets/COutputProcessor.php(44): CContentDecorator->processOutput('<div class="spa...')
#7 /var/www/html/framework/web/CBaseController.php(215): COutputProcessor->run()
#8 /var/www/html/framework/web/CBaseController.php(309): CBaseController->endWidget('CContentDecorat...')
#9 /var/www/html/coalize/protected/views/layouts/column2.php(22): CBaseController->endContent()
#10 /var/www/html/framework/web/CBaseController.php(126): require('/var/www/html/c...')
#11 /var/www/html/framework/web/CBaseController.php(95): CBaseController->renderInternal('/var/www/html/c...', Array, true)
#12 /var/www/html/framework/web/CController.php(787): CBaseController->renderFile('/var/www/html/c...', Array, true)
#13 /var/www/html/coalize/protected/controllers/ClienteController.php(142): CController->render('admin', Array)
#14 /var/www/html/framework/web/actions/CInlineAction.php(49): ClienteController->actionAdmin()
#15 /var/www/html/framework/web/CController.php(308): CInlineAction->runWithParams(Array)
#16 /var/www/html/framework/web/filters/CFilterChain.php(134): CController->runAction(Object(CInlineAction))
#17 /var/www/html/framework/web/filters/CFilter.php(40): CFilterChain->run()
#18 /var/www/html/framework/web/CController.php(1148): CFilter->filter(Object(CFilterChain))
#19 /var/www/html/framework/web/filters/CInlineFilter.php(58): CController->filterAccessControl(Object(CFilterChain))
#20 /var/www/html/framework/web/filters/CFilterChain.php(131): CInlineFilter->filter(Object(CFilterChain))
#21 /var/www/html/framework/web/CController.php(291): CFilterChain->run()
#22 /var/www/html/framework/web/CController.php(265): CController->runActionWithFilters(Object(CInlineAction), Array)
#23 /var/www/html/framework/web/CWebApplication.php(282): CController->run('admin')
#24 /var/www/html/framework/web/CWebApplication.php(141): CWebApplication->runController('cliente/admin')
#25 /var/www/html/framework/base/CApplication.php(185): CWebApplication->processRequest()
#26 /var/www/html/coalize/index.php(13): CApplication->run()
#27 {main}
REQUEST_URI=/coalize/index.php?r=cliente/admin
HTTP_REFERER=http://localhost/coalize/index.php?r=site/login
---
2024/03/09 14:32:55 [error] [exception.CException] CException: Property "CWebUser.cliente" is not defined. in /var/www/html/framework/base/CComponent.php:130
Stack trace:
#0 /var/www/html/framework/web/auth/CWebUser.php(146): CComponent->__get('cliente')
#1 /var/www/html/coalize/protected/views/layouts/main.php(38): CWebUser->__get('cliente')
#2 /var/www/html/framework/web/CBaseController.php(126): require('/var/www/html/c...')
#3 /var/www/html/framework/web/CBaseController.php(95): CBaseController->renderInternal('/var/www/html/c...', Array, true)
#4 /var/www/html/framework/web/widgets/CContentDecorator.php(76): CBaseController->renderFile('/var/www/html/c...', Array, true)
#5 /var/www/html/framework/web/widgets/CContentDecorator.php(54): CContentDecorator->decorate('<div id="conten...')
#6 /var/www/html/framework/web/widgets/COutputProcessor.php(44): CContentDecorator->processOutput('<div id="conten...')
#7 /var/www/html/framework/web/CBaseController.php(215): COutputProcessor->run()
#8 /var/www/html/framework/web/CBaseController.php(309): CBaseController->endWidget('CContentDecorat...')
#9 /var/www/html/coalize/protected/views/layouts/column1.php(6): CBaseController->endContent()
#10 /var/www/html/framework/web/CBaseController.php(126): require('/var/www/html/c...')
#11 /var/www/html/framework/web/CBaseController.php(95): CBaseController->renderInternal('/var/www/html/c...', Array, true)
#12 /var/www/html/framework/web/CController.php(787): CBaseController->renderFile('/var/www/html/c...', Array, true)
#13 /var/www/html/coalize/protected/controllers/SiteController.php(32): CController->render('index')
#14 /var/www/html/framework/web/actions/CInlineAction.php(49): SiteController->actionIndex()
#15 /var/www/html/framework/web/CController.php(308): CInlineAction->runWithParams(Array)
#16 /var/www/html/framework/web/CController.php(286): CController->runAction(Object(CInlineAction))
#17 /var/www/html/framework/web/CController.php(265): CController->runActionWithFilters(Object(CInlineAction), Array)
#18 /var/www/html/framework/web/CWebApplication.php(282): CController->run('')
#19 /var/www/html/framework/web/CWebApplication.php(141): CWebApplication->runController('')
#20 /var/www/html/framework/base/CApplication.php(185): CWebApplication->processRequest()
#21 /var/www/html/coalize/index.php(13): CApplication->run()
#22 {main}
REQUEST_URI=/coalize/index.php
---
2024/03/09 16:26:34 [error] [php] file_get_contents(/var/www/html/coalize/protected/migrations/template.php): failed to open stream: No such file or directory (/var/www/html/framework/cli/commands/MigrateCommand.php:595)
Stack trace:
#0 /var/www/html/framework/cli/commands/MigrateCommand.php(595): file_get_contents()
#1 /var/www/html/framework/cli/commands/MigrateCommand.php(390): MigrateCommand->getTemplate()
#2 unknown(0): MigrateCommand->actionCreate()
#3 /var/www/html/framework/console/CConsoleCommand.php(177): ReflectionMethod->invokeArgs()
#4 /var/www/html/framework/console/CConsoleCommandRunner.php(71): MigrateCommand->run()
#5 /var/www/html/framework/console/CConsoleApplication.php(92): CConsoleCommandRunner->run()
#6 /var/www/html/framework/base/CApplication.php(185): CConsoleApplication->processRequest()
#7 /var/www/html/framework/yiic.php(33): CConsoleApplication->run()
#8 /var/www/html/coalize/protected/yiic.php(7): require_once()

2024/03/09 16:28:30 [error] [php] file_get_contents(/var/www/html/coalize/protected/migrations/template.php): failed to open stream: No such file or directory (/var/www/html/framework/cli/commands/MigrateCommand.php:595)
Stack trace:
#0 /var/www/html/framework/cli/commands/MigrateCommand.php(595): file_get_contents()
#1 /var/www/html/framework/cli/commands/MigrateCommand.php(390): MigrateCommand->getTemplate()
#2 unknown(0): MigrateCommand->actionCreate()
#3 /var/www/html/framework/console/CConsoleCommand.php(177): ReflectionMethod->invokeArgs()
#4 /var/www/html/framework/console/CConsoleCommandRunner.php(71): MigrateCommand->run()
#5 /var/www/html/framework/console/CConsoleApplication.php(92): CConsoleCommandRunner->run()
#6 /var/www/html/framework/base/CApplication.php(185): CConsoleApplication->processRequest()
#7 /var/www/html/framework/yiic.php(33): CConsoleApplication->run()
#8 /var/www/html/coalize/protected/yiic.php(7): require_once()

2024/03/09 16:29:17 [error] [php] file_get_contents(/var/www/html/coalize/protected/migrations/template.php): failed to open stream: No such file or directory (/var/www/html/framework/cli/commands/MigrateCommand.php:595)
Stack trace:
#0 /var/www/html/framework/cli/commands/MigrateCommand.php(595): file_get_contents()
#1 /var/www/html/framework/cli/commands/MigrateCommand.php(390): MigrateCommand->getTemplate()
#2 unknown(0): MigrateCommand->actionCreate()
#3 /var/www/html/framework/console/CConsoleCommand.php(177): ReflectionMethod->invokeArgs()
#4 /var/www/html/framework/console/CConsoleCommandRunner.php(71): MigrateCommand->run()
#5 /var/www/html/framework/console/CConsoleApplication.php(92): CConsoleCommandRunner->run()
#6 /var/www/html/framework/base/CApplication.php(185): CConsoleApplication->processRequest()
#7 /var/www/html/framework/yiic.php(33): CConsoleApplication->run()
#8 /var/www/html/coalize/protected/yiic.php(7): require_once()

2024/03/09 16:32:05 [error] [php] file_get_contents(/var/www/html/framework/migrations/template.php): failed to open stream: No such file or directory (/var/www/html/framework/cli/commands/MigrateCommand.php:595)
Stack trace:
#0 /var/www/html/framework/cli/commands/MigrateCommand.php(595): file_get_contents()
#1 /var/www/html/framework/cli/commands/MigrateCommand.php(390): MigrateCommand->getTemplate()
#2 unknown(0): MigrateCommand->actionCreate()
#3 /var/www/html/framework/console/CConsoleCommand.php(177): ReflectionMethod->invokeArgs()
#4 /var/www/html/framework/console/CConsoleCommandRunner.php(71): MigrateCommand->run()
#5 /var/www/html/framework/console/CConsoleApplication.php(92): CConsoleCommandRunner->run()
#6 /var/www/html/framework/base/CApplication.php(185): CConsoleApplication->processRequest()
#7 /var/www/html/framework/yiic.php(33): CConsoleApplication->run()
#8 /var/www/html/coalize/protected/yiic.php(7): require_once()

2024/03/09 18:44:36 [error] [system.db.CDbCommand] CDbCommand::fetchAll() failed: SQLSTATE[42S02]: Base table or view not found: 1146 Table 'coalize.tbl_migration' doesn't exist. The SQL statement executed was: SHOW FULL COLUMNS FROM `tbl_migration`.
2024/03/09 18:47:40 [error] [exception.ParseError] ParseError: syntax error, unexpected '=>' (T_DOUBLE_ARROW), expecting ']' in /var/www/html/coalize/protected/migrations/m240309_165535_create_cliente_table.php:25
Stack trace:
#0 /var/www/html/framework/cli/commands/MigrateCommand.php(414): MigrateCommand->instantiateMigration('m240309_165535_...')
#1 /var/www/html/framework/cli/commands/MigrateCommand.php(109): MigrateCommand->migrateUp('m240309_165535_...')
#2 [internal function]: MigrateCommand->actionUp(Array)
#3 /var/www/html/framework/console/CConsoleCommand.php(177): ReflectionMethod->invokeArgs(Object(MigrateCommand), Array)
#4 /var/www/html/framework/console/CConsoleCommandRunner.php(71): CConsoleCommand->run(Array)
#5 /var/www/html/framework/console/CConsoleApplication.php(92): CConsoleCommandRunner->run(Array)
#6 /var/www/html/framework/base/CApplication.php(185): CConsoleApplication->processRequest()
#7 /var/www/html/framework/yiic.php(33): CApplication->run()
#8 /var/www/html/coalize/protected/yiic.php(7): require_once('/var/www/html/f...')
#9 {main}
---
2024/03/09 18:50:23 [error] [system.db.CDbCommand] CDbCommand::execute() failed: SQLSTATE[42S01]: Base table or view already exists: 1050 Table 'tbl_cliente' already exists. The SQL statement executed was: CREATE TABLE `tbl_cliente` (
	`id` int NOT NULL AUTO_INCREMENT,
	`nome` varchar(255) COLLATE utf8mb4_unicode_ci NOT NULL,
	`cpf` varchar(14) COLLATE utf8mb4_unicode_ci NOT NULL,
	`cep` varchar(10) COLLATE utf8mb4_unicode_ci NOT NULL,
	`logradouro` varchar(255) COLLATE utf8mb4_unicode_ci NOT NULL,
	`numero` int NOT NULL,
	`cidade` varchar(100) COLLATE utf8mb4_unicode_ci NOT NULL,
	`estado` char(3) COLLATE utf8mb4_unicode_ci NOT NULL,
	`complemento` varchar(255) COLLATE utf8mb4_unicode_ci DEFAULT NULL,
	`sexo` enum("Masculino","Feminino","Outro") COLLATE utf8mb4_unicode_ci NOT NULL,
	`foto` longblob
).
2024/03/09 18:50:23 [error] [exception.CDbException] CDbException: CDbCommand failed to execute the SQL statement: SQLSTATE[42S01]: Base table or view already exists: 1050 Table 'tbl_cliente' already exists. The SQL statement executed was: CREATE TABLE `tbl_cliente` (
	`id` int NOT NULL AUTO_INCREMENT,
	`nome` varchar(255) COLLATE utf8mb4_unicode_ci NOT NULL,
	`cpf` varchar(14) COLLATE utf8mb4_unicode_ci NOT NULL,
	`cep` varchar(10) COLLATE utf8mb4_unicode_ci NOT NULL,
	`logradouro` varchar(255) COLLATE utf8mb4_unicode_ci NOT NULL,
	`numero` int NOT NULL,
	`cidade` varchar(100) COLLATE utf8mb4_unicode_ci NOT NULL,
	`estado` char(3) COLLATE utf8mb4_unicode_ci NOT NULL,
	`complemento` varchar(255) COLLATE utf8mb4_unicode_ci DEFAULT NULL,
	`sexo` enum("Masculino","Feminino","Outro") COLLATE utf8mb4_unicode_ci NOT NULL,
	`foto` longblob
) in /var/www/html/framework/db/CDbCommand.php:358
Stack trace:
#0 /var/www/html/framework/db/CDbCommand.php(1352): CDbCommand->execute()
#1 /var/www/html/framework/db/CDbMigration.php(250): CDbCommand->createTable('tbl_cliente', Array, NULL)
#2 /var/www/html/coalize/protected/migrations/m240309_165535_create_cliente_table.php(9): CDbMigration->createTable('tbl_cliente', Array)
#3 /var/www/html/framework/cli/commands/MigrateCommand.php(415): m240309_165535_create_cliente_table->up()
#4 /var/www/html/framework/cli/commands/MigrateCommand.php(109): MigrateCommand->migrateUp('m240309_165535_...')
#5 [internal function]: MigrateCommand->actionUp(Array)
#6 /var/www/html/framework/console/CConsoleCommand.php(177): ReflectionMethod->invokeArgs(Object(MigrateCommand), Array)
#7 /var/www/html/framework/console/CConsoleCommandRunner.php(71): CConsoleCommand->run(Array)
#8 /var/www/html/framework/console/CConsoleApplication.php(92): CConsoleCommandRunner->run(Array)
#9 /var/www/html/framework/base/CApplication.php(185): CConsoleApplication->processRequest()
#10 /var/www/html/framework/yiic.php(33): CApplication->run()
#11 /var/www/html/coalize/protected/yiic.php(7): require_once('/var/www/html/f...')
#12 {main}
---
2024/03/09 18:52:16 [error] [system.db.CDbCommand] CDbCommand::execute() failed: SQLSTATE[42000]: Syntax error or access violation: 1075 Incorrect table definition; there can be only one auto column and it must be defined as a key. The SQL statement executed was: CREATE TABLE `tbl_cliente` (
	`id` int NOT NULL AUTO_INCREMENT,
	`nome` varchar(255) COLLATE utf8mb4_unicode_ci NOT NULL,
	`cpf` varchar(14) COLLATE utf8mb4_unicode_ci NOT NULL,
	`cep` varchar(10) COLLATE utf8mb4_unicode_ci NOT NULL,
	`logradouro` varchar(255) COLLATE utf8mb4_unicode_ci NOT NULL,
	`numero` int NOT NULL,
	`cidade` varchar(100) COLLATE utf8mb4_unicode_ci NOT NULL,
	`estado` char(3) COLLATE utf8mb4_unicode_ci NOT NULL,
	`complemento` varchar(255) COLLATE utf8mb4_unicode_ci DEFAULT NULL,
	`sexo` enum("Masculino","Feminino","Outro") COLLATE utf8mb4_unicode_ci NOT NULL,
	`foto` longblob
).
2024/03/09 18:52:16 [error] [exception.CDbException] CDbException: CDbCommand failed to execute the SQL statement: SQLSTATE[42000]: Syntax error or access violation: 1075 Incorrect table definition; there can be only one auto column and it must be defined as a key. The SQL statement executed was: CREATE TABLE `tbl_cliente` (
	`id` int NOT NULL AUTO_INCREMENT,
	`nome` varchar(255) COLLATE utf8mb4_unicode_ci NOT NULL,
	`cpf` varchar(14) COLLATE utf8mb4_unicode_ci NOT NULL,
	`cep` varchar(10) COLLATE utf8mb4_unicode_ci NOT NULL,
	`logradouro` varchar(255) COLLATE utf8mb4_unicode_ci NOT NULL,
	`numero` int NOT NULL,
	`cidade` varchar(100) COLLATE utf8mb4_unicode_ci NOT NULL,
	`estado` char(3) COLLATE utf8mb4_unicode_ci NOT NULL,
	`complemento` varchar(255) COLLATE utf8mb4_unicode_ci DEFAULT NULL,
	`sexo` enum("Masculino","Feminino","Outro") COLLATE utf8mb4_unicode_ci NOT NULL,
	`foto` longblob
) in /var/www/html/framework/db/CDbCommand.php:358
Stack trace:
#0 /var/www/html/framework/db/CDbCommand.php(1352): CDbCommand->execute()
#1 /var/www/html/framework/db/CDbMigration.php(250): CDbCommand->createTable('tbl_cliente', Array, NULL)
#2 /var/www/html/coalize/protected/migrations/m240309_165535_create_cliente_table.php(9): CDbMigration->createTable('tbl_cliente', Array)
#3 /var/www/html/framework/cli/commands/MigrateCommand.php(415): m240309_165535_create_cliente_table->up()
#4 /var/www/html/framework/cli/commands/MigrateCommand.php(109): MigrateCommand->migrateUp('m240309_165535_...')
#5 [internal function]: MigrateCommand->actionUp(Array)
#6 /var/www/html/framework/console/CConsoleCommand.php(177): ReflectionMethod->invokeArgs(Object(MigrateCommand), Array)
#7 /var/www/html/framework/console/CConsoleCommandRunner.php(71): CConsoleCommand->run(Array)
#8 /var/www/html/framework/console/CConsoleApplication.php(92): CConsoleCommandRunner->run(Array)
#9 /var/www/html/framework/base/CApplication.php(185): CConsoleApplication->processRequest()
#10 /var/www/html/framework/yiic.php(33): CApplication->run()
#11 /var/www/html/coalize/protected/yiic.php(7): require_once('/var/www/html/f...')
#12 {main}
---
2024/03/09 18:56:15 [error] [system.db.CDbCommand] CDbCommand::execute() failed: SQLSTATE[42000]: Syntax error or access violation: 1075 Incorrect table definition; there can be only one auto column and it must be defined as a key. The SQL statement executed was: CREATE TABLE `tbl_cliente` (
	`id` int NOT NULL AUTO_INCREMENT,
	`nome` varchar(255),
	`cpf` varchar(14) NOT NULL,
	`cep` varchar(10) NOT NULL,
	`logradouro` varchar(255) NOT NULL,
	`numero` char(10) NOT NULL,
	`cidade` varchar(100) NOT NULL,
	`estado` char(3) NOT NULL,
	`complemento` varchar(255) DEFAULT NULL,
	`sexo` enum("Masculino","Feminino","Outro") NOT NULL,
	`foto` longblob
).
2024/03/09 18:56:15 [error] [exception.CDbException] CDbException: CDbCommand failed to execute the SQL statement: SQLSTATE[42000]: Syntax error or access violation: 1075 Incorrect table definition; there can be only one auto column and it must be defined as a key. The SQL statement executed was: CREATE TABLE `tbl_cliente` (
	`id` int NOT NULL AUTO_INCREMENT,
	`nome` varchar(255),
	`cpf` varchar(14) NOT NULL,
	`cep` varchar(10) NOT NULL,
	`logradouro` varchar(255) NOT NULL,
	`numero` char(10) NOT NULL,
	`cidade` varchar(100) NOT NULL,
	`estado` char(3) NOT NULL,
	`complemento` varchar(255) DEFAULT NULL,
	`sexo` enum("Masculino","Feminino","Outro") NOT NULL,
	`foto` longblob
) in /var/www/html/framework/db/CDbCommand.php:358
Stack trace:
#0 /var/www/html/framework/db/CDbCommand.php(1352): CDbCommand->execute()
#1 /var/www/html/framework/db/CDbMigration.php(250): CDbCommand->createTable('tbl_cliente', Array, NULL)
#2 /var/www/html/coalize/protected/migrations/m240309_165535_create_cliente_table.php(9): CDbMigration->createTable('tbl_cliente', Array)
#3 /var/www/html/framework/cli/commands/MigrateCommand.php(415): m240309_165535_create_cliente_table->up()
#4 /var/www/html/framework/cli/commands/MigrateCommand.php(109): MigrateCommand->migrateUp('m240309_165535_...')
#5 [internal function]: MigrateCommand->actionUp(Array)
#6 /var/www/html/framework/console/CConsoleCommand.php(177): ReflectionMethod->invokeArgs(Object(MigrateCommand), Array)
#7 /var/www/html/framework/console/CConsoleCommandRunner.php(71): CConsoleCommand->run(Array)
#8 /var/www/html/framework/console/CConsoleApplication.php(92): CConsoleCommandRunner->run(Array)
#9 /var/www/html/framework/base/CApplication.php(185): CConsoleApplication->processRequest()
#10 /var/www/html/framework/yiic.php(33): CApplication->run()
#11 /var/www/html/coalize/protected/yiic.php(7): require_once('/var/www/html/f...')
#12 {main}
---
2024/03/09 19:01:11 [error] [system.db.CDbCommand] CDbCommand::fetchAll() failed: SQLSTATE[42S02]: Base table or view not found: 1146 Table 'coalize.tbl_migration' doesn't exist. The SQL statement executed was: SHOW FULL COLUMNS FROM `tbl_migration`.
2024/03/09 19:50:16 [error] [exception.CDbException] CDbException: CDbConnection failed to open the DB connection: SQLSTATE[HY000] [2002] Connection refused in /var/www/html/framework/db/CDbConnection.php:399
Stack trace:
#0 /var/www/html/framework/db/CDbConnection.php(347): CDbConnection->open()
#1 /var/www/html/framework/db/CDbConnection.php(325): CDbConnection->setActive(true)
#2 /var/www/html/framework/base/CModule.php(394): CDbConnection->init()
#3 /var/www/html/framework/cli/commands/MigrateCommand.php(472): CModule->getComponent('db')
#4 /var/www/html/framework/cli/commands/MigrateCommand.php(481): MigrateCommand->getDbConnection()
#5 /var/www/html/framework/cli/commands/MigrateCommand.php(512): MigrateCommand->getMigrationHistory(-1)
#6 /var/www/html/framework/cli/commands/MigrateCommand.php(84): MigrateCommand->getNewMigrations()
#7 [internal function]: MigrateCommand->actionUp(Array)
#8 /var/www/html/framework/console/CConsoleCommand.php(177): ReflectionMethod->invokeArgs(Object(MigrateCommand), Array)
#9 /var/www/html/framework/console/CConsoleCommandRunner.php(71): CConsoleCommand->run(Array)
#10 /var/www/html/framework/console/CConsoleApplication.php(92): CConsoleCommandRunner->run(Array)
#11 /var/www/html/framework/base/CApplication.php(185): CConsoleApplication->processRequest()
#12 /var/www/html/framework/yiic.php(33): CApplication->run()
#13 /var/www/html/coalize/protected/yiic.php(7): require_once('/var/www/html/f...')
#14 {main}
---
2024/03/09 19:52:53 [error] [exception.CDbException] CDbException: CDbConnection failed to open the DB connection: SQLSTATE[HY000] [2002] Connection refused in /var/www/html/framework/db/CDbConnection.php:399
Stack trace:
#0 /var/www/html/framework/db/CDbConnection.php(347): CDbConnection->open()
#1 /var/www/html/framework/db/CDbConnection.php(325): CDbConnection->setActive(true)
#2 /var/www/html/framework/base/CModule.php(394): CDbConnection->init()
#3 /var/www/html/framework/cli/commands/MigrateCommand.php(472): CModule->getComponent('db')
#4 /var/www/html/framework/cli/commands/MigrateCommand.php(481): MigrateCommand->getDbConnection()
#5 /var/www/html/framework/cli/commands/MigrateCommand.php(512): MigrateCommand->getMigrationHistory(-1)
#6 /var/www/html/framework/cli/commands/MigrateCommand.php(84): MigrateCommand->getNewMigrations()
#7 [internal function]: MigrateCommand->actionUp(Array)
#8 /var/www/html/framework/console/CConsoleCommand.php(177): ReflectionMethod->invokeArgs(Object(MigrateCommand), Array)
#9 /var/www/html/framework/console/CConsoleCommandRunner.php(71): CConsoleCommand->run(Array)
#10 /var/www/html/framework/console/CConsoleApplication.php(92): CConsoleCommandRunner->run(Array)
#11 /var/www/html/framework/base/CApplication.php(185): CConsoleApplication->processRequest()
#12 /var/www/html/framework/yiic.php(33): CApplication->run()
#13 /var/www/html/coalize/protected/yiic.php(7): require_once('/var/www/html/f...')
#14 {main}
---
2024/03/09 19:55:16 [error] [exception.CDbException] CDbException: CDbConnection failed to open the DB connection: SQLSTATE[HY000] [2002] Connection refused in /var/www/html/framework/db/CDbConnection.php:399
Stack trace:
#0 /var/www/html/framework/db/CDbConnection.php(347): CDbConnection->open()
#1 /var/www/html/framework/db/CDbConnection.php(325): CDbConnection->setActive(true)
#2 /var/www/html/framework/base/CModule.php(394): CDbConnection->init()
#3 /var/www/html/framework/cli/commands/MigrateCommand.php(472): CModule->getComponent('db')
#4 /var/www/html/framework/cli/commands/MigrateCommand.php(481): MigrateCommand->getDbConnection()
#5 /var/www/html/framework/cli/commands/MigrateCommand.php(512): MigrateCommand->getMigrationHistory(-1)
#6 /var/www/html/framework/cli/commands/MigrateCommand.php(84): MigrateCommand->getNewMigrations()
#7 [internal function]: MigrateCommand->actionUp(Array)
#8 /var/www/html/framework/console/CConsoleCommand.php(177): ReflectionMethod->invokeArgs(Object(MigrateCommand), Array)
#9 /var/www/html/framework/console/CConsoleCommandRunner.php(71): CConsoleCommand->run(Array)
#10 /var/www/html/framework/console/CConsoleApplication.php(92): CConsoleCommandRunner->run(Array)
#11 /var/www/html/framework/base/CApplication.php(185): CConsoleApplication->processRequest()
#12 /var/www/html/framework/yiic.php(33): CApplication->run()
#13 /var/www/html/coalize/protected/yiic.php(7): require_once('/var/www/html/f...')
#14 {main}
---
2024/03/09 20:26:07 [error] [exception.CException] CException: Property "CHttpRequest.parsers" is not defined. in /var/www/html/framework/base/CComponent.php:172
Stack trace:
#0 /var/www/html/framework/YiiBase.php(227): CComponent->__set('parsers', Array)
#1 /var/www/html/framework/base/CModule.php(393): YiiBase::createComponent(Array)
#2 /var/www/html/framework/base/CApplication.php(522): CModule->getComponent('request')
#3 /var/www/html/framework/web/CWebApplication.php(545): CApplication->getRequest()
#4 /var/www/html/framework/base/CApplication.php(170): CWebApplication->init()
#5 /var/www/html/framework/YiiBase.php(132): CApplication->__construct(Array)
#6 /var/www/html/framework/YiiBase.php(105): YiiBase::createApplication('CWebApplication', '/var/www/html/c...')
#7 /var/www/html/coalize/index.php(13): YiiBase::createWebApplication('/var/www/html/c...')
#8 {main}
REQUEST_URI=/coalize/index.php?r=user
HTTP_REFERER=http://localhost/coalize/index.php?r=site/contact
---
2024/03/09 20:26:12 [error] [exception.CException] CException: Property "CHttpRequest.parsers" is not defined. in /var/www/html/framework/base/CComponent.php:172
Stack trace:
#0 /var/www/html/framework/YiiBase.php(227): CComponent->__set('parsers', Array)
#1 /var/www/html/framework/base/CModule.php(393): YiiBase::createComponent(Array)
#2 /var/www/html/framework/base/CApplication.php(522): CModule->getComponent('request')
#3 /var/www/html/framework/web/CWebApplication.php(545): CApplication->getRequest()
#4 /var/www/html/framework/base/CApplication.php(170): CWebApplication->init()
#5 /var/www/html/framework/YiiBase.php(132): CApplication->__construct(Array)
#6 /var/www/html/framework/YiiBase.php(105): YiiBase::createApplication('CWebApplication', '/var/www/html/c...')
#7 /var/www/html/coalize/index.php(13): YiiBase::createWebApplication('/var/www/html/c...')
#8 {main}
REQUEST_URI=/coalize/
---
2024/03/09 20:26:26 [error] [exception.CException] CException: Property "CHttpRequest.parsers" is not defined. in /var/www/html/framework/base/CComponent.php:172
Stack trace:
#0 /var/www/html/framework/YiiBase.php(227): CComponent->__set('parsers', Array)
#1 /var/www/html/framework/base/CModule.php(393): YiiBase::createComponent(Array)
#2 /var/www/html/framework/base/CApplication.php(522): CModule->getComponent('request')
#3 /var/www/html/framework/web/CWebApplication.php(545): CApplication->getRequest()
#4 /var/www/html/framework/base/CApplication.php(170): CWebApplication->init()
#5 /var/www/html/framework/YiiBase.php(132): CApplication->__construct(Array)
#6 /var/www/html/framework/YiiBase.php(105): YiiBase::createApplication('CWebApplication', '/var/www/html/c...')
#7 /var/www/html/coalize/index.php(13): YiiBase::createWebApplication('/var/www/html/c...')
#8 {main}
REQUEST_URI=/coalize/
---
2024/03/09 20:28:19 [error] [exception.CException] CException: Property "CHttpRequest.parsers" is not defined. in /var/www/html/framework/base/CComponent.php:172
Stack trace:
#0 /var/www/html/framework/YiiBase.php(227): CComponent->__set('parsers', Array)
#1 /var/www/html/framework/base/CModule.php(393): YiiBase::createComponent(Array)
#2 /var/www/html/framework/base/CApplication.php(522): CModule->getComponent('request')
#3 /var/www/html/framework/web/CWebApplication.php(545): CApplication->getRequest()
#4 /var/www/html/framework/base/CApplication.php(170): CWebApplication->init()
#5 /var/www/html/framework/YiiBase.php(132): CApplication->__construct(Array)
#6 /var/www/html/framework/YiiBase.php(105): YiiBase::createApplication('CWebApplication', '/var/www/html/c...')
#7 /var/www/html/coalize/index.php(13): YiiBase::createWebApplication('/var/www/html/c...')
#8 {main}
REQUEST_URI=/coalize/
---
2024/03/09 20:33:55 [error] [exception.CException] CException: Property "CHttpRequest.cookieValidationKey" is not defined. in /var/www/html/framework/base/CComponent.php:172
Stack trace:
#0 /var/www/html/framework/YiiBase.php(227): CComponent->__set('cookieValidatio...', 'ymoaYrebZHa8gUR...')
#1 /var/www/html/framework/base/CModule.php(393): YiiBase::createComponent(Array)
#2 /var/www/html/framework/base/CApplication.php(522): CModule->getComponent('request')
#3 /var/www/html/framework/web/CWebApplication.php(545): CApplication->getRequest()
#4 /var/www/html/framework/base/CApplication.php(170): CWebApplication->init()
#5 /var/www/html/framework/YiiBase.php(132): CApplication->__construct(Array)
#6 /var/www/html/framework/YiiBase.php(105): YiiBase::createApplication('CWebApplication', '/var/www/html/c...')
#7 /var/www/html/coalize/index.php(13): YiiBase::createWebApplication('/var/www/html/c...')
#8 {main}
REQUEST_URI=/coalize/
---
2024/03/09 20:34:19 [error] [exception.CException] CException: Property "CUrlManager.enablePrettyUrl" is not defined. in /var/www/html/framework/base/CComponent.php:172
Stack trace:
#0 /var/www/html/framework/YiiBase.php(227): CComponent->__set('enablePrettyUrl', true)
#1 /var/www/html/framework/base/CModule.php(393): YiiBase::createComponent(Array)
#2 /var/www/html/framework/base/CApplication.php(531): CModule->getComponent('urlManager')
#3 /var/www/html/framework/web/CWebApplication.php(140): CApplication->getUrlManager()
#4 /var/www/html/framework/base/CApplication.php(185): CWebApplication->processRequest()
#5 /var/www/html/coalize/index.php(13): CApplication->run()
#6 {main}
REQUEST_URI=/coalize/
---
2024/03/09 21:05:48 [error] [exception.CHttpException.404] CHttpException: Unable to resolve the request "about". in /var/www/html/framework/web/CWebApplication.php:286
Stack trace:
#0 /var/www/html/framework/web/CWebApplication.php(141): CWebApplication->runController('about')
#1 /var/www/html/framework/base/CApplication.php(185): CWebApplication->processRequest()
#2 /var/www/html/coalize/index.php(13): CApplication->run()
#3 {main}
REQUEST_URI=/about
---
2024/03/10 11:29:45 [error] [exception.CHttpException.404] CHttpException: Unable to resolve the request "api/list". in /var/www/html/framework/web/CWebApplication.php:286
Stack trace:
#0 /var/www/html/framework/web/CWebApplication.php(141): CWebApplication->runController('api/list')
#1 /var/www/html/framework/base/CApplication.php(185): CWebApplication->processRequest()
#2 /var/www/html/coalize/index.php(13): CApplication->run()
#3 {main}
REQUEST_URI=/api/users
---
2024/03/10 11:32:25 [error] [php] include(Post.php): failed to open stream: No such file or directory (/var/www/html/framework/YiiBase.php:463)
Stack trace:
#0 /var/www/html/framework/YiiBase.php(463): include()
#1 unknown(0): autoload()
#2 /var/www/html/coalize/protected/controllers/ApiController.php(32): spl_autoload_call()
#3 /var/www/html/framework/web/actions/CInlineAction.php(49): ApiController->actionList()
#4 /var/www/html/framework/web/CController.php(308): CInlineAction->runWithParams()
#5 /var/www/html/framework/web/CController.php(286): ApiController->runAction()
#6 /var/www/html/framework/web/CController.php(265): ApiController->runActionWithFilters()
#7 /var/www/html/framework/web/CWebApplication.php(282): ApiController->run()
#8 /var/www/html/framework/web/CWebApplication.php(141): CWebApplication->runController()
#9 /var/www/html/framework/base/CApplication.php(185): CWebApplication->processRequest()
#10 /var/www/html/coalize/index.php(13): CWebApplication->run()
REQUEST_URI=/api/clientes
in /var/www/html/coalize/protected/controllers/ApiController.php (32)
in /var/www/html/coalize/index.php (13)
2024/03/10 11:44:59 [error] [exception.CHttpException.404] CHttpException: The system is unable to find the requested action "produto". in /var/www/html/framework/web/CController.php:486
Stack trace:
#0 /var/www/html/framework/web/CController.php(270): CController->missingAction('produto')
#1 /var/www/html/framework/web/CWebApplication.php(282): CController->run('produto')
#2 /var/www/html/framework/web/CWebApplication.php(141): CWebApplication->runController('api/produto/1')
#3 /var/www/html/framework/base/CApplication.php(185): CWebApplication->processRequest()
#4 /var/www/html/coalize/index.php(13): CApplication->run()
#5 {main}
REQUEST_URI=/api/produto/1
---
2024/03/10 13:36:44 [error] [exception.CHttpException.404] CHttpException: The system is unable to find the requested action "produto". in /var/www/html/framework/web/CController.php:486
Stack trace:
#0 /var/www/html/framework/web/CController.php(270): CController->missingAction('produto')
#1 /var/www/html/framework/web/CWebApplication.php(282): CController->run('produto')
#2 /var/www/html/framework/web/CWebApplication.php(141): CWebApplication->runController('api/produto/1')
#3 /var/www/html/framework/base/CApplication.php(185): CWebApplication->processRequest()
#4 /var/www/html/coalize/index.php(13): CApplication->run()
#5 {main}
REQUEST_URI=/api/produto/1?nome=Cueca&preco=5&cliente_id=1
---
2024/03/10 13:37:17 [error] [exception.CHttpException.404] CHttpException: The system is unable to find the requested action "produto". in /var/www/html/framework/web/CController.php:486
Stack trace:
#0 /var/www/html/framework/web/CController.php(270): CController->missingAction('produto')
#1 /var/www/html/framework/web/CWebApplication.php(282): CController->run('produto')
#2 /var/www/html/framework/web/CWebApplication.php(141): CWebApplication->runController('api/produto/1')
#3 /var/www/html/framework/base/CApplication.php(185): CWebApplication->processRequest()
#4 /var/www/html/coalize/index.php(13): CApplication->run()
#5 {main}
REQUEST_URI=/api/produto/1
---
2024/03/10 13:41:49 [error] [php] Invalid argument supplied for foreach() (/var/www/html/coalize/protected/controllers/ApiController.php:162)
Stack trace:
#0 /var/www/html/framework/web/actions/CInlineAction.php(49): ApiController->actionUpdate()
#1 /var/www/html/framework/web/CController.php(308): CInlineAction->runWithParams()
#2 /var/www/html/framework/web/CController.php(286): ApiController->runAction()
#3 /var/www/html/framework/web/CController.php(265): ApiController->runActionWithFilters()
#4 /var/www/html/framework/web/CWebApplication.php(282): ApiController->run()
#5 /var/www/html/framework/web/CWebApplication.php(141): CWebApplication->runController()
#6 /var/www/html/framework/base/CApplication.php(185): CWebApplication->processRequest()
#7 /var/www/html/coalize/index.php(13): CWebApplication->run()
REQUEST_URI=/api/produto/1
in /var/www/html/coalize/protected/controllers/ApiController.php (162)
in /var/www/html/coalize/index.php (13)
2024/03/10 13:43:05 [error] [php] Invalid argument supplied for foreach() (/var/www/html/coalize/protected/controllers/ApiController.php:162)
Stack trace:
#0 /var/www/html/framework/web/actions/CInlineAction.php(49): ApiController->actionUpdate()
#1 /var/www/html/framework/web/CController.php(308): CInlineAction->runWithParams()
#2 /var/www/html/framework/web/CController.php(286): ApiController->runAction()
#3 /var/www/html/framework/web/CController.php(265): ApiController->runActionWithFilters()
#4 /var/www/html/framework/web/CWebApplication.php(282): ApiController->run()
#5 /var/www/html/framework/web/CWebApplication.php(141): CWebApplication->runController()
#6 /var/www/html/framework/base/CApplication.php(185): CWebApplication->processRequest()
#7 /var/www/html/coalize/index.php(13): CWebApplication->run()
REQUEST_URI=/api/produto/1
in /var/www/html/coalize/protected/controllers/ApiController.php (162)
in /var/www/html/coalize/index.php (13)
2024/03/10 13:43:21 [error] [exception.CHttpException.404] CHttpException: The system is unable to find the requested action "produto". in /var/www/html/framework/web/CController.php:486
Stack trace:
#0 /var/www/html/framework/web/CController.php(270): CController->missingAction('produto')
#1 /var/www/html/framework/web/CWebApplication.php(282): CController->run('produto')
#2 /var/www/html/framework/web/CWebApplication.php(141): CWebApplication->runController('api/produto/1')
#3 /var/www/html/framework/base/CApplication.php(185): CWebApplication->processRequest()
#4 /var/www/html/coalize/index.php(13): CApplication->run()
#5 {main}
REQUEST_URI=/api/produto/1
---
2024/03/10 13:43:49 [error] [exception.CHttpException.404] CHttpException: The system is unable to find the requested action "produtos". in /var/www/html/framework/web/CController.php:486
Stack trace:
#0 /var/www/html/framework/web/CController.php(270): CController->missingAction('produtos')
#1 /var/www/html/framework/web/CWebApplication.php(282): CController->run('produtos')
#2 /var/www/html/framework/web/CWebApplication.php(141): CWebApplication->runController('api/produtos/1')
#3 /var/www/html/framework/base/CApplication.php(185): CWebApplication->processRequest()
#4 /var/www/html/coalize/index.php(13): CApplication->run()
#5 {main}
REQUEST_URI=/api/produtos/1
---
2024/03/10 13:43:54 [error] [exception.CHttpException.404] CHttpException: The system is unable to find the requested action "produtos". in /var/www/html/framework/web/CController.php:486
Stack trace:
#0 /var/www/html/framework/web/CController.php(270): CController->missingAction('produtos')
#1 /var/www/html/framework/web/CWebApplication.php(282): CController->run('produtos')
#2 /var/www/html/framework/web/CWebApplication.php(141): CWebApplication->runController('api/produtos')
#3 /var/www/html/framework/base/CApplication.php(185): CWebApplication->processRequest()
#4 /var/www/html/coalize/index.php(13): CApplication->run()
#5 {main}
REQUEST_URI=/api/produtos
---
2024/03/10 13:44:17 [error] [exception.CHttpException.404] CHttpException: The system is unable to find the requested action "produtos". in /var/www/html/framework/web/CController.php:486
Stack trace:
#0 /var/www/html/framework/web/CController.php(270): CController->missingAction('produtos')
#1 /var/www/html/framework/web/CWebApplication.php(282): CController->run('produtos')
#2 /var/www/html/framework/web/CWebApplication.php(141): CWebApplication->runController('api/produtos')
#3 /var/www/html/framework/base/CApplication.php(185): CWebApplication->processRequest()
#4 /var/www/html/coalize/index.php(13): CApplication->run()
#5 {main}
REQUEST_URI=/api/produtos
---
2024/03/10 13:45:38 [error] [exception.CHttpException.404] CHttpException: The system is unable to find the requested action "cliente". in /var/www/html/framework/web/CController.php:486
Stack trace:
#0 /var/www/html/framework/web/CController.php(270): CController->missingAction('cliente')
#1 /var/www/html/framework/web/CWebApplication.php(282): CController->run('cliente')
#2 /var/www/html/framework/web/CWebApplication.php(141): CWebApplication->runController('api/cliente')
#3 /var/www/html/framework/base/CApplication.php(185): CWebApplication->processRequest()
#4 /var/www/html/coalize/index.php(13): CApplication->run()
#5 {main}
REQUEST_URI=/api/cliente
---
2024/03/10 13:46:15 [error] [exception.CHttpException.404] CHttpException: The system is unable to find the requested action "produto". in /var/www/html/framework/web/CController.php:486
Stack trace:
#0 /var/www/html/framework/web/CController.php(270): CController->missingAction('produto')
#1 /var/www/html/framework/web/CWebApplication.php(282): CController->run('produto')
#2 /var/www/html/framework/web/CWebApplication.php(141): CWebApplication->runController('api/produto')
#3 /var/www/html/framework/base/CApplication.php(185): CWebApplication->processRequest()
#4 /var/www/html/coalize/index.php(13): CApplication->run()
#5 {main}
REQUEST_URI=/api/produto
---
2024/03/10 13:49:41 [error] [exception.CHttpException.404] CHttpException: The system is unable to find the requested action "produto". in /var/www/html/framework/web/CController.php:486
Stack trace:
#0 /var/www/html/framework/web/CController.php(270): CController->missingAction('produto')
#1 /var/www/html/framework/web/CWebApplication.php(282): CController->run('produto')
#2 /var/www/html/framework/web/CWebApplication.php(141): CWebApplication->runController('api/produto')
#3 /var/www/html/framework/base/CApplication.php(185): CWebApplication->processRequest()
#4 /var/www/html/coalize/index.php(13): CApplication->run()
#5 {main}
REQUEST_URI=/api/produto
---
2024/03/10 14:09:51 [error] [php] Invalid argument supplied for foreach() (/var/www/html/coalize/protected/controllers/ApiController.php:162)
Stack trace:
#0 /var/www/html/framework/web/actions/CInlineAction.php(49): ApiController->actionUpdate()
#1 /var/www/html/framework/web/CController.php(308): CInlineAction->runWithParams()
#2 /var/www/html/framework/web/CController.php(286): ApiController->runAction()
#3 /var/www/html/framework/web/CController.php(265): ApiController->runActionWithFilters()
#4 /var/www/html/framework/web/CWebApplication.php(282): ApiController->run()
#5 /var/www/html/framework/web/CWebApplication.php(141): CWebApplication->runController()
#6 /var/www/html/framework/base/CApplication.php(185): CWebApplication->processRequest()
#7 /var/www/html/coalize/index.php(13): CWebApplication->run()
REQUEST_URI=/api/produto/2
in /var/www/html/coalize/protected/controllers/ApiController.php (162)
in /var/www/html/coalize/index.php (13)
2024/03/10 14:11:11 [error] [php] Invalid argument supplied for foreach() (/var/www/html/coalize/protected/controllers/ApiController.php:162)
Stack trace:
#0 /var/www/html/framework/web/actions/CInlineAction.php(49): ApiController->actionUpdate()
#1 /var/www/html/framework/web/CController.php(308): CInlineAction->runWithParams()
#2 /var/www/html/framework/web/CController.php(286): ApiController->runAction()
#3 /var/www/html/framework/web/CController.php(265): ApiController->runActionWithFilters()
#4 /var/www/html/framework/web/CWebApplication.php(282): ApiController->run()
#5 /var/www/html/framework/web/CWebApplication.php(141): CWebApplication->runController()
#6 /var/www/html/framework/base/CApplication.php(185): CWebApplication->processRequest()
#7 /var/www/html/coalize/index.php(13): CWebApplication->run()
REQUEST_URI=/api/produto/2
in /var/www/html/coalize/protected/controllers/ApiController.php (162)
in /var/www/html/coalize/index.php (13)
2024/03/10 14:14:06 [error] [exception.CHttpException.404] CHttpException: The system is unable to find the requested action "produto". in /var/www/html/framework/web/CController.php:486
Stack trace:
#0 /var/www/html/framework/web/CController.php(270): CController->missingAction('produto')
#1 /var/www/html/framework/web/CWebApplication.php(282): CController->run('produto')
#2 /var/www/html/framework/web/CWebApplication.php(141): CWebApplication->runController('api/produto/2')
#3 /var/www/html/framework/base/CApplication.php(185): CWebApplication->processRequest()
#4 /var/www/html/coalize/index.php(13): CApplication->run()
#5 {main}
REQUEST_URI=/api/produto/2
---
2024/03/10 14:14:39 [error] [exception.CHttpException.404] CHttpException: The system is unable to find the requested action "produtos". in /var/www/html/framework/web/CController.php:486
Stack trace:
#0 /var/www/html/framework/web/CController.php(270): CController->missingAction('produtos')
#1 /var/www/html/framework/web/CWebApplication.php(282): CController->run('produtos')
#2 /var/www/html/framework/web/CWebApplication.php(141): CWebApplication->runController('api/produtos/2')
#3 /var/www/html/framework/base/CApplication.php(185): CWebApplication->processRequest()
#4 /var/www/html/coalize/index.php(13): CApplication->run()
#5 {main}
REQUEST_URI=/api/produtos/2
---
2024/03/10 14:14:58 [error] [php] Invalid argument supplied for foreach() (/var/www/html/coalize/protected/controllers/ApiController.php:162)
Stack trace:
#0 /var/www/html/framework/web/actions/CInlineAction.php(49): ApiController->actionUpdate()
#1 /var/www/html/framework/web/CController.php(308): CInlineAction->runWithParams()
#2 /var/www/html/framework/web/CController.php(286): ApiController->runAction()
#3 /var/www/html/framework/web/CController.php(265): ApiController->runActionWithFilters()
#4 /var/www/html/framework/web/CWebApplication.php(282): ApiController->run()
#5 /var/www/html/framework/web/CWebApplication.php(141): CWebApplication->runController()
#6 /var/www/html/framework/base/CApplication.php(185): CWebApplication->processRequest()
#7 /var/www/html/coalize/index.php(13): CWebApplication->run()
REQUEST_URI=/api/produto/2
in /var/www/html/coalize/protected/controllers/ApiController.php (162)
in /var/www/html/coalize/index.php (13)
2024/03/10 14:16:12 [error] [php] Invalid argument supplied for foreach() (/var/www/html/coalize/protected/controllers/ApiController.php:162)
Stack trace:
#0 /var/www/html/framework/web/actions/CInlineAction.php(49): ApiController->actionUpdate()
#1 /var/www/html/framework/web/CController.php(308): CInlineAction->runWithParams()
#2 /var/www/html/framework/web/CController.php(286): ApiController->runAction()
#3 /var/www/html/framework/web/CController.php(265): ApiController->runActionWithFilters()
#4 /var/www/html/framework/web/CWebApplication.php(282): ApiController->run()
#5 /var/www/html/framework/web/CWebApplication.php(141): CWebApplication->runController()
#6 /var/www/html/framework/base/CApplication.php(185): CWebApplication->processRequest()
#7 /var/www/html/coalize/index.php(13): CWebApplication->run()
REQUEST_URI=/api/produto/2
in /var/www/html/coalize/protected/controllers/ApiController.php (162)
in /var/www/html/coalize/index.php (13)
2024/03/10 14:16:39 [error] [php] Invalid argument supplied for foreach() (/var/www/html/coalize/protected/controllers/ApiController.php:162)
Stack trace:
#0 /var/www/html/framework/web/actions/CInlineAction.php(49): ApiController->actionUpdate()
#1 /var/www/html/framework/web/CController.php(308): CInlineAction->runWithParams()
#2 /var/www/html/framework/web/CController.php(286): ApiController->runAction()
#3 /var/www/html/framework/web/CController.php(265): ApiController->runActionWithFilters()
#4 /var/www/html/framework/web/CWebApplication.php(282): ApiController->run()
#5 /var/www/html/framework/web/CWebApplication.php(141): CWebApplication->runController()
#6 /var/www/html/framework/base/CApplication.php(185): CWebApplication->processRequest()
#7 /var/www/html/coalize/index.php(13): CWebApplication->run()
REQUEST_URI=/api/produto/2
in /var/www/html/coalize/protected/controllers/ApiController.php (162)
in /var/www/html/coalize/index.php (13)
2024/03/10 14:19:03 [error] [exception.CHttpException.404] CHttpException: The system is unable to find the requested action "produto". in /var/www/html/framework/web/CController.php:486
Stack trace:
#0 /var/www/html/framework/web/CController.php(270): CController->missingAction('produto')
#1 /var/www/html/framework/web/CWebApplication.php(282): CController->run('produto')
#2 /var/www/html/framework/web/CWebApplication.php(141): CWebApplication->runController('api/produto')
#3 /var/www/html/framework/base/CApplication.php(185): CWebApplication->processRequest()
#4 /var/www/html/coalize/index.php(13): CApplication->run()
#5 {main}
REQUEST_URI=/api/produto
---
2024/03/10 14:47:35 [error] [exception.CHttpException.404] CHttpException: The system is unable to find the requested action "produtos". in /var/www/html/framework/web/CController.php:486
Stack trace:
#0 /var/www/html/framework/web/CController.php(270): CController->missingAction('produtos')
#1 /var/www/html/framework/web/CWebApplication.php(282): CController->run('produtos')
#2 /var/www/html/framework/web/CWebApplication.php(141): CWebApplication->runController('api/produtos/cl...')
#3 /var/www/html/framework/base/CApplication.php(185): CWebApplication->processRequest()
#4 /var/www/html/coalize/index.php(13): CApplication->run()
#5 {main}
REQUEST_URI=/api/produtos/cliente_id/2
---
2024/03/10 14:56:58 [error] [exception.CHttpException.404] CHttpException: The system is unable to find the requested action "produtos". in /var/www/html/framework/web/CController.php:486
Stack trace:
#0 /var/www/html/framework/web/CController.php(270): CController->missingAction('produtos')
#1 /var/www/html/framework/web/CWebApplication.php(282): CController->run('produtos')
#2 /var/www/html/framework/web/CWebApplication.php(141): CWebApplication->runController('api/produtos/cl...')
#3 /var/www/html/framework/base/CApplication.php(185): CWebApplication->processRequest()
#4 /var/www/html/coalize/index.php(13): CApplication->run()
#5 {main}
REQUEST_URI=/index.php/api/produtos/cliente/
---
2024/03/10 14:57:02 [error] [exception.CHttpException.404] CHttpException: Unable to resolve the request "index/api/produtos/cliente". in /var/www/html/framework/web/CWebApplication.php:286
Stack trace:
#0 /var/www/html/framework/web/CWebApplication.php(141): CWebApplication->runController('index/api/produ...')
#1 /var/www/html/framework/base/CApplication.php(185): CWebApplication->processRequest()
#2 /var/www/html/coalize/index.php(13): CApplication->run()
#3 {main}
REQUEST_URI=/index/api/produtos/cliente/
---
2024/03/10 14:57:06 [error] [exception.CHttpException.404] CHttpException: The system is unable to find the requested action "produtos". in /var/www/html/framework/web/CController.php:486
Stack trace:
#0 /var/www/html/framework/web/CController.php(270): CController->missingAction('produtos')
#1 /var/www/html/framework/web/CWebApplication.php(282): CController->run('produtos')
#2 /var/www/html/framework/web/CWebApplication.php(141): CWebApplication->runController('api/produtos/cl...')
#3 /var/www/html/framework/base/CApplication.php(185): CWebApplication->processRequest()
#4 /var/www/html/coalize/index.php(13): CApplication->run()
#5 {main}
REQUEST_URI=/api/produtos/cliente/
---
2024/03/10 14:58:00 [error] [exception.CHttpException.404] CHttpException: The system is unable to find the requested action "produtos". in /var/www/html/framework/web/CController.php:486
Stack trace:
#0 /var/www/html/framework/web/CController.php(270): CController->missingAction('produtos')
#1 /var/www/html/framework/web/CWebApplication.php(282): CController->run('produtos')
#2 /var/www/html/framework/web/CWebApplication.php(141): CWebApplication->runController('api/produtos/cl...')
#3 /var/www/html/framework/base/CApplication.php(185): CWebApplication->processRequest()
#4 /var/www/html/coalize/index.php(13): CApplication->run()
#5 {main}
REQUEST_URI=/api/produtos/cliente_id/2
---
2024/03/10 15:01:48 [error] [exception.CHttpException.404] CHttpException: The system is unable to find the requested action "produtos". in /var/www/html/framework/web/CController.php:486
Stack trace:
#0 /var/www/html/framework/web/CController.php(270): CController->missingAction('produtos')
#1 /var/www/html/framework/web/CWebApplication.php(282): CController->run('produtos')
#2 /var/www/html/framework/web/CWebApplication.php(141): CWebApplication->runController('api/produtos/cl...')
#3 /var/www/html/framework/base/CApplication.php(185): CWebApplication->processRequest()
#4 /var/www/html/coalize/index.php(13): CApplication->run()
#5 {main}
REQUEST_URI=/api/produtos/cliente_id/2
---
2024/03/10 15:03:50 [error] [exception.CException] CException: Produto and its behaviors do not have a method or closure named "findBy". in /var/www/html/framework/base/CComponent.php:264
Stack trace:
#0 /var/www/html/framework/db/ar/CActiveRecord.php(229): CComponent->__call('findBy', Array)
#1 /var/www/html/coalize/protected/controllers/ApiController.php(37): CActiveRecord->__call('findBy', Array)
#2 /var/www/html/framework/web/actions/CInlineAction.php(49): ApiController->actionList()
#3 /var/www/html/framework/web/CController.php(308): CInlineAction->runWithParams(Array)
#4 /var/www/html/framework/web/CController.php(286): CController->runAction(Object(CInlineAction))
#5 /var/www/html/framework/web/CController.php(265): CController->runActionWithFilters(Object(CInlineAction), Array)
#6 /var/www/html/framework/web/CWebApplication.php(282): CController->run('list')
#7 /var/www/html/framework/web/CWebApplication.php(141): CWebApplication->runController('api/list')
#8 /var/www/html/framework/base/CApplication.php(185): CWebApplication->processRequest()
#9 /var/www/html/coalize/index.php(13): CApplication->run()
#10 {main}
REQUEST_URI=/api/produtos/?id=2
---
2024/03/10 15:04:55 [error] [exception.CHttpException.404] CHttpException: The system is unable to find the requested action "produtos". in /var/www/html/framework/web/CController.php:486
Stack trace:
#0 /var/www/html/framework/web/CController.php(270): CController->missingAction('produtos')
#1 /var/www/html/framework/web/CWebApplication.php(282): CController->run('produtos')
#2 /var/www/html/framework/web/CWebApplication.php(141): CWebApplication->runController('api/produtos/cl...')
#3 /var/www/html/framework/base/CApplication.php(185): CWebApplication->processRequest()
#4 /var/www/html/coalize/index.php(13): CApplication->run()
#5 {main}
REQUEST_URI=/api/produtos/cliente_id=2
---
2024/03/10 15:08:50 [error] [exception.ParseError] ParseError: syntax error, unexpected '->' (T_OBJECT_OPERATOR), expecting identifier (T_STRING) or variable (T_VARIABLE) or '{' or '$' in /var/www/html/coalize/protected/controllers/ApiController.php:37
Stack trace:
#0 /var/www/html/framework/web/CWebApplication.php(276): CWebApplication->createController('list/')
#1 /var/www/html/framework/web/CWebApplication.php(141): CWebApplication->runController('api/list')
#2 /var/www/html/framework/base/CApplication.php(185): CWebApplication->processRequest()
#3 /var/www/html/coalize/index.php(13): CApplication->run()
#4 {main}
REQUEST_URI=/api/produtos/?cliente_id=2
---
2024/03/10 15:09:02 [error] [exception.CDbException] CDbException: Relation "client_id" is not defined in active record class "Produto". in /var/www/html/framework/db/ar/CActiveFinder.php:227
Stack trace:
#0 /var/www/html/framework/db/ar/CActiveFinder.php(300): CActiveFinder->buildJoinTree(Object(CJoinElement), 'client_id')
#1 /var/www/html/framework/db/ar/CActiveFinder.php(48): CActiveFinder->buildJoinTree(Object(CJoinElement), Array)
#2 /var/www/html/framework/db/ar/CActiveRecord.php(915): CActiveFinder->__construct(Object(Produto), Array)
#3 /var/www/html/framework/db/ar/CActiveRecord.php(1363): CActiveRecord->getActiveFinder(Array)
#4 /var/www/html/framework/db/ar/CActiveRecord.php(1478): CActiveRecord->query(Object(CDbCriteria), true)
#5 /var/www/html/coalize/protected/controllers/ApiController.php(37): CActiveRecord->findAll()
#6 /var/www/html/framework/web/actions/CInlineAction.php(49): ApiController->actionList()
#7 /var/www/html/framework/web/CController.php(308): CInlineAction->runWithParams(Array)
#8 /var/www/html/framework/web/CController.php(286): CController->runAction(Object(CInlineAction))
#9 /var/www/html/framework/web/CController.php(265): CController->runActionWithFilters(Object(CInlineAction), Array)
#10 /var/www/html/framework/web/CWebApplication.php(282): CController->run('list')
#11 /var/www/html/framework/web/CWebApplication.php(141): CWebApplication->runController('api/list')
#12 /var/www/html/framework/base/CApplication.php(185): CWebApplication->processRequest()
#13 /var/www/html/coalize/index.php(13): CApplication->run()
#14 {main}
REQUEST_URI=/api/produtos/?cliente_id=2
---
2024/03/10 15:58:40 [error] [exception.CDbException] CDbException: Relation "client_id" is not defined in active record class "Produto". in /var/www/html/framework/db/ar/CActiveFinder.php:227
Stack trace:
#0 /var/www/html/framework/db/ar/CActiveFinder.php(300): CActiveFinder->buildJoinTree(Object(CJoinElement), 'client_id')
#1 /var/www/html/framework/db/ar/CActiveFinder.php(48): CActiveFinder->buildJoinTree(Object(CJoinElement), Array)
#2 /var/www/html/framework/db/ar/CActiveRecord.php(915): CActiveFinder->__construct(Object(Produto), Array)
#3 /var/www/html/framework/db/ar/CActiveRecord.php(1363): CActiveRecord->getActiveFinder(Array)
#4 /var/www/html/framework/db/ar/CActiveRecord.php(1478): CActiveRecord->query(Object(CDbCriteria), true)
#5 /var/www/html/coalize/protected/controllers/ApiController.php(37): CActiveRecord->findAll()
#6 /var/www/html/framework/web/actions/CInlineAction.php(49): ApiController->actionList()
#7 /var/www/html/framework/web/CController.php(308): CInlineAction->runWithParams(Array)
#8 /var/www/html/framework/web/CController.php(286): CController->runAction(Object(CInlineAction))
#9 /var/www/html/framework/web/CController.php(265): CController->runActionWithFilters(Object(CInlineAction), Array)
#10 /var/www/html/framework/web/CWebApplication.php(282): CController->run('list')
#11 /var/www/html/framework/web/CWebApplication.php(141): CWebApplication->runController('api/list')
#12 /var/www/html/framework/base/CApplication.php(185): CWebApplication->processRequest()
#13 /var/www/html/coalize/index.php(13): CApplication->run()
#14 {main}
REQUEST_URI=/api/produtos/?Cliente_page=2
---
2024/03/10 17:04:18 [error] [exception.Error] Error: Call to a member function limit() on array in /var/www/html/coalize/protected/controllers/ApiController.php:36
Stack trace:
#0 /var/www/html/framework/web/actions/CInlineAction.php(49): ApiController->actionList()
#1 /var/www/html/framework/web/CController.php(308): CInlineAction->runWithParams(Array)
#2 /var/www/html/framework/web/CController.php(286): CController->runAction(Object(CInlineAction))
#3 /var/www/html/framework/web/CController.php(265): CController->runActionWithFilters(Object(CInlineAction), Array)
#4 /var/www/html/framework/web/CWebApplication.php(282): CController->run('list')
#5 /var/www/html/framework/web/CWebApplication.php(141): CWebApplication->runController('api/list')
#6 /var/www/html/framework/base/CApplication.php(185): CWebApplication->processRequest()
#7 /var/www/html/coalize/index.php(13): CApplication->run()
#8 {main}
REQUEST_URI=/api/produtos/?cliente_id=1
---
2024/03/10 17:04:47 [error] [exception.CException] CException: Produto and its behaviors do not have a method or closure named "limit". in /var/www/html/framework/base/CComponent.php:264
Stack trace:
#0 /var/www/html/framework/db/ar/CActiveRecord.php(229): CComponent->__call('limit', Array)
#1 /var/www/html/coalize/protected/controllers/ApiController.php(36): CActiveRecord->__call('limit', Array)
#2 /var/www/html/framework/web/actions/CInlineAction.php(49): ApiController->actionList()
#3 /var/www/html/framework/web/CController.php(308): CInlineAction->runWithParams(Array)
#4 /var/www/html/framework/web/CController.php(286): CController->runAction(Object(CInlineAction))
#5 /var/www/html/framework/web/CController.php(265): CController->runActionWithFilters(Object(CInlineAction), Array)
#6 /var/www/html/framework/web/CWebApplication.php(282): CController->run('list')
#7 /var/www/html/framework/web/CWebApplication.php(141): CWebApplication->runController('api/list')
#8 /var/www/html/framework/base/CApplication.php(185): CWebApplication->processRequest()
#9 /var/www/html/coalize/index.php(13): CApplication->run()
#10 {main}
REQUEST_URI=/api/produtos/?cliente_id=1
---
2024/03/10 17:05:49 [error] [exception.ParseError] ParseError: syntax error, unexpected '=', expecting ']' in /var/www/html/coalize/protected/controllers/ApiController.php:37
Stack trace:
#0 /var/www/html/framework/web/CWebApplication.php(276): CWebApplication->createController('list/')
#1 /var/www/html/framework/web/CWebApplication.php(141): CWebApplication->runController('api/list')
#2 /var/www/html/framework/base/CApplication.php(185): CWebApplication->processRequest()
#3 /var/www/html/coalize/index.php(13): CApplication->run()
#4 {main}
REQUEST_URI=/api/produtos/?cliente_id=1
---
2024/03/10 17:06:06 [error] [exception.Error] Error: Call to a member function with() on array in /var/www/html/coalize/protected/controllers/ApiController.php:37
Stack trace:
#0 /var/www/html/framework/web/actions/CInlineAction.php(49): ApiController->actionList()
#1 /var/www/html/framework/web/CController.php(308): CInlineAction->runWithParams(Array)
#2 /var/www/html/framework/web/CController.php(286): CController->runAction(Object(CInlineAction))
#3 /var/www/html/framework/web/CController.php(265): CController->runActionWithFilters(Object(CInlineAction), Array)
#4 /var/www/html/framework/web/CWebApplication.php(282): CController->run('list')
#5 /var/www/html/framework/web/CWebApplication.php(141): CWebApplication->runController('api/list')
#6 /var/www/html/framework/base/CApplication.php(185): CWebApplication->processRequest()
#7 /var/www/html/coalize/index.php(13): CApplication->run()
#8 {main}
REQUEST_URI=/api/produtos/?cliente_id=1
---
2024/03/10 17:08:18 [error] [exception.CHttpException.404] CHttpException: The system is unable to find the requested action "produtos". in /var/www/html/framework/web/CController.php:486
Stack trace:
#0 /var/www/html/framework/web/CController.php(270): CController->missingAction('produtos')
#1 /var/www/html/framework/web/CWebApplication.php(282): CController->run('produtos')
#2 /var/www/html/framework/web/CWebApplication.php(141): CWebApplication->runController('api/produtos/cl...')
#3 /var/www/html/framework/base/CApplication.php(185): CWebApplication->processRequest()
#4 /var/www/html/coalize/index.php(13): CApplication->run()
#5 {main}
REQUEST_URI=/api/produtos/cliente/2
---
2024/03/10 17:16:01 [error] [php] Cannot modify header information - headers already sent by (output started at /var/www/html/coalize/protected/controllers/ApiController.php:37) (/var/www/html/coalize/protected/controllers/ApiController.php:234)
Stack trace:
#0 /var/www/html/coalize/protected/controllers/ApiController.php(234): header()
#1 /var/www/html/coalize/protected/controllers/ApiController.php(60): ApiController->_sendResponse()
#2 /var/www/html/framework/web/actions/CInlineAction.php(49): ApiController->actionList()
#3 /var/www/html/framework/web/CController.php(308): CInlineAction->runWithParams()
#4 /var/www/html/framework/web/CController.php(286): ApiController->runAction()
#5 /var/www/html/framework/web/CController.php(265): ApiController->runActionWithFilters()
#6 /var/www/html/framework/web/CWebApplication.php(282): ApiController->run()
#7 /var/www/html/framework/web/CWebApplication.php(141): CWebApplication->runController()
#8 /var/www/html/framework/base/CApplication.php(185): CWebApplication->processRequest()
#9 /var/www/html/coalize/index.php(13): CWebApplication->run()
REQUEST_URI=/api/produtos/cliente_id/2
in /var/www/html/coalize/protected/controllers/ApiController.php (234)
in /var/www/html/coalize/protected/controllers/ApiController.php (60)
in /var/www/html/coalize/index.php (13)
2024/03/10 17:19:07 [error] [exception.CDbException] CDbException: Table "tbl_produto" does not have a column named "client_id". in /var/www/html/framework/db/schema/CDbCommandBuilder.php:697
Stack trace:
#0 /var/www/html/framework/db/ar/CActiveRecord.php(1526): CDbCommandBuilder->createColumnCriteria(Object(CMysqlTableSchema), Array, '', Array, '`t`.')
#1 /var/www/html/coalize/protected/controllers/ApiController.php(40): CActiveRecord->findByAttributes(Array)
#2 /var/www/html/framework/web/actions/CInlineAction.php(49): ApiController->actionList()
#3 /var/www/html/framework/web/CController.php(308): CInlineAction->runWithParams(Array)
#4 /var/www/html/framework/web/CController.php(286): CController->runAction(Object(CInlineAction))
#5 /var/www/html/framework/web/CController.php(265): CController->runActionWithFilters(Object(CInlineAction), Array)
#6 /var/www/html/framework/web/CWebApplication.php(282): CController->run('list')
#7 /var/www/html/framework/web/CWebApplication.php(141): CWebApplication->runController('api/list')
#8 /var/www/html/framework/base/CApplication.php(185): CWebApplication->processRequest()
#9 /var/www/html/coalize/index.php(13): CApplication->run()
#10 {main}
REQUEST_URI=/api/produtos/cliente_id/2
---
2024/03/10 17:21:11 [error] [system.db.CDbCommand] CDbCommand::fetch() failed: SQLSTATE[42S22]: Column not found: 1054 Unknown column 'status' in 'where clause'. The SQL statement executed was: SELECT * FROM `tbl_produto` `t` WHERE `t`.`cliente_id`=:yp0 AND (status=1) LIMIT 1.
in /var/www/html/coalize/protected/controllers/ApiController.php (42)
in /var/www/html/coalize/index.php (13)
2024/03/10 17:21:11 [error] [exception.CDbException] CDbException: CDbCommand failed to execute the SQL statement: SQLSTATE[42S22]: Column not found: 1054 Unknown column 'status' in 'where clause'. The SQL statement executed was: SELECT * FROM `tbl_produto` `t` WHERE `t`.`cliente_id`=:yp0 AND (status=1) LIMIT 1 in /var/www/html/framework/db/CDbCommand.php:543
Stack trace:
#0 /var/www/html/framework/db/CDbCommand.php(415): CDbCommand->queryInternal('fetch', Array, Array)
#1 /var/www/html/framework/db/ar/CActiveRecord.php(1359): CDbCommand->queryRow()
#2 /var/www/html/framework/db/ar/CActiveRecord.php(1527): CActiveRecord->query(Object(CDbCriteria))
#3 /var/www/html/coalize/protected/controllers/ApiController.php(42): CActiveRecord->findByAttributes(Array, 'status=1')
#4 /var/www/html/framework/web/actions/CInlineAction.php(49): ApiController->actionList()
#5 /var/www/html/framework/web/CController.php(308): CInlineAction->runWithParams(Array)
#6 /var/www/html/framework/web/CController.php(286): CController->runAction(Object(CInlineAction))
#7 /var/www/html/framework/web/CController.php(265): CController->runActionWithFilters(Object(CInlineAction), Array)
#8 /var/www/html/framework/web/CWebApplication.php(282): CController->run('list')
#9 /var/www/html/framework/web/CWebApplication.php(141): CWebApplication->runController('api/list')
#10 /var/www/html/framework/base/CApplication.php(185): CWebApplication->processRequest()
#11 /var/www/html/coalize/index.php(13): CApplication->run()
#12 {main}
REQUEST_URI=/api/produtos/cliente_id/2
---
2024/03/10 17:21:50 [error] [system.db.CDbCommand] CDbCommand::fetch() failed: SQLSTATE[42S22]: Column not found: 1054 Unknown column 'status' in 'where clause'. The SQL statement executed was: SELECT * FROM `tbl_produto` `t` WHERE `t`.`cliente_id`=:yp0 AND (status=1) LIMIT 1.
in /var/www/html/coalize/protected/controllers/ApiController.php (42)
in /var/www/html/coalize/index.php (13)
2024/03/10 17:21:50 [error] [exception.CDbException] CDbException: CDbCommand failed to execute the SQL statement: SQLSTATE[42S22]: Column not found: 1054 Unknown column 'status' in 'where clause'. The SQL statement executed was: SELECT * FROM `tbl_produto` `t` WHERE `t`.`cliente_id`=:yp0 AND (status=1) LIMIT 1 in /var/www/html/framework/db/CDbCommand.php:543
Stack trace:
#0 /var/www/html/framework/db/CDbCommand.php(415): CDbCommand->queryInternal('fetch', Array, Array)
#1 /var/www/html/framework/db/ar/CActiveRecord.php(1359): CDbCommand->queryRow()
#2 /var/www/html/framework/db/ar/CActiveRecord.php(1527): CActiveRecord->query(Object(CDbCriteria))
#3 /var/www/html/coalize/protected/controllers/ApiController.php(42): CActiveRecord->findByAttributes(Array, 'status=1')
#4 /var/www/html/framework/web/actions/CInlineAction.php(49): ApiController->actionList()
#5 /var/www/html/framework/web/CController.php(308): CInlineAction->runWithParams(Array)
#6 /var/www/html/framework/web/CController.php(286): CController->runAction(Object(CInlineAction))
#7 /var/www/html/framework/web/CController.php(265): CController->runActionWithFilters(Object(CInlineAction), Array)
#8 /var/www/html/framework/web/CWebApplication.php(282): CController->run('list')
#9 /var/www/html/framework/web/CWebApplication.php(141): CWebApplication->runController('api/list')
#10 /var/www/html/framework/base/CApplication.php(185): CWebApplication->processRequest()
#11 /var/www/html/coalize/index.php(13): CApplication->run()
#12 {main}
REQUEST_URI=/api/produtos/cliente_id/2
---
2024/03/10 17:23:13 [error] [exception.ParseError] ParseError: syntax error, unexpected ',' in /var/www/html/coalize/protected/controllers/ApiController.php:42
Stack trace:
#0 /var/www/html/framework/web/CWebApplication.php(276): CWebApplication->createController('list/')
#1 /var/www/html/framework/web/CWebApplication.php(141): CWebApplication->runController('api/list')
#2 /var/www/html/framework/base/CApplication.php(185): CWebApplication->processRequest()
#3 /var/www/html/coalize/index.php(13): CApplication->run()
#4 {main}
REQUEST_URI=/api/produtos/cliente_id/2
---
2024/03/10 17:23:25 [error] [system.db.CDbCommand] CDbCommand::fetch() failed: SQLSTATE[HY093]: Invalid parameter number: number of bound variables does not match number of tokens. The SQL statement executed was: SELECT * FROM `tbl_produto` `t` WHERE `t`.`cliente_id`=:yp0 AND (status=1) LIMIT 1.
in /var/www/html/coalize/protected/controllers/ApiController.php (43)
in /var/www/html/coalize/index.php (13)
2024/03/10 17:23:25 [error] [exception.CDbException] CDbException: CDbCommand failed to execute the SQL statement: SQLSTATE[HY093]: Invalid parameter number: number of bound variables does not match number of tokens. The SQL statement executed was: SELECT * FROM `tbl_produto` `t` WHERE `t`.`cliente_id`=:yp0 AND (status=1) LIMIT 1 in /var/www/html/framework/db/CDbCommand.php:543
Stack trace:
#0 /var/www/html/framework/db/CDbCommand.php(415): CDbCommand->queryInternal('fetch', Array, Array)
#1 /var/www/html/framework/db/ar/CActiveRecord.php(1359): CDbCommand->queryRow()
#2 /var/www/html/framework/db/ar/CActiveRecord.php(1527): CActiveRecord->query(Object(CDbCriteria))
#3 /var/www/html/coalize/protected/controllers/ApiController.php(43): CActiveRecord->findByAttributes(Array, 'status=1', Array)
#4 /var/www/html/framework/web/actions/CInlineAction.php(49): ApiController->actionList()
#5 /var/www/html/framework/web/CController.php(308): CInlineAction->runWithParams(Array)
#6 /var/www/html/framework/web/CController.php(286): CController->runAction(Object(CInlineAction))
#7 /var/www/html/framework/web/CController.php(265): CController->runActionWithFilters(Object(CInlineAction), Array)
#8 /var/www/html/framework/web/CWebApplication.php(282): CController->run('list')
#9 /var/www/html/framework/web/CWebApplication.php(141): CWebApplication->runController('api/list')
#10 /var/www/html/framework/base/CApplication.php(185): CWebApplication->processRequest()
#11 /var/www/html/coalize/index.php(13): CApplication->run()
#12 {main}
REQUEST_URI=/api/produtos/cliente_id/2
---
2024/03/10 17:25:04 [error] [system.db.CDbCommand] CDbCommand::fetch() failed: SQLSTATE[42S22]: Column not found: 1054 Unknown column 'status' in 'where clause'. The SQL statement executed was: SELECT * FROM `tbl_produto` `t` WHERE `t`.`cliente_id`=:yp0 AND (status=:status) LIMIT 1.
in /var/www/html/coalize/protected/controllers/ApiController.php (44)
in /var/www/html/coalize/index.php (13)
2024/03/10 17:25:04 [error] [exception.CDbException] CDbException: CDbCommand failed to execute the SQL statement: SQLSTATE[42S22]: Column not found: 1054 Unknown column 'status' in 'where clause'. The SQL statement executed was: SELECT * FROM `tbl_produto` `t` WHERE `t`.`cliente_id`=:yp0 AND (status=:status) LIMIT 1 in /var/www/html/framework/db/CDbCommand.php:543
Stack trace:
#0 /var/www/html/framework/db/CDbCommand.php(415): CDbCommand->queryInternal('fetch', Array, Array)
#1 /var/www/html/framework/db/ar/CActiveRecord.php(1359): CDbCommand->queryRow()
#2 /var/www/html/framework/db/ar/CActiveRecord.php(1527): CActiveRecord->query(Object(CDbCriteria))
#3 /var/www/html/coalize/protected/controllers/ApiController.php(44): CActiveRecord->findByAttributes(Array, Array)
#4 /var/www/html/framework/web/actions/CInlineAction.php(49): ApiController->actionList()
#5 /var/www/html/framework/web/CController.php(308): CInlineAction->runWithParams(Array)
#6 /var/www/html/framework/web/CController.php(286): CController->runAction(Object(CInlineAction))
#7 /var/www/html/framework/web/CController.php(265): CController->runActionWithFilters(Object(CInlineAction), Array)
#8 /var/www/html/framework/web/CWebApplication.php(282): CController->run('list')
#9 /var/www/html/framework/web/CWebApplication.php(141): CWebApplication->runController('api/list')
#10 /var/www/html/framework/base/CApplication.php(185): CWebApplication->processRequest()
#11 /var/www/html/coalize/index.php(13): CApplication->run()
#12 {main}
REQUEST_URI=/api/produtos/cliente_id/2
---
2024/03/10 17:25:48 [error] [exception.ParseError] ParseError: syntax error, unexpected '=', expecting ')' in /var/www/html/coalize/protected/controllers/ApiController.php:41
Stack trace:
#0 /var/www/html/framework/web/CWebApplication.php(276): CWebApplication->createController('list/')
#1 /var/www/html/framework/web/CWebApplication.php(141): CWebApplication->runController('api/list')
#2 /var/www/html/framework/base/CApplication.php(185): CWebApplication->processRequest()
#3 /var/www/html/coalize/index.php(13): CApplication->run()
#4 {main}
REQUEST_URI=/api/produtos/cliente_id/2
---
2024/03/10 17:26:04 [error] [system.db.CDbCommand] CDbCommand::fetch() failed: SQLSTATE[42S22]: Column not found: 1054 Unknown column 'status' in 'where clause'. The SQL statement executed was: SELECT * FROM `tbl_produto` `t` WHERE `t`.`cliente_id`=:yp0 AND (status=1) LIMIT 1.
in /var/www/html/coalize/protected/controllers/ApiController.php (42)
in /var/www/html/coalize/index.php (13)
2024/03/10 17:26:04 [error] [exception.CDbException] CDbException: CDbCommand failed to execute the SQL statement: SQLSTATE[42S22]: Column not found: 1054 Unknown column 'status' in 'where clause'. The SQL statement executed was: SELECT * FROM `tbl_produto` `t` WHERE `t`.`cliente_id`=:yp0 AND (status=1) LIMIT 1 in /var/www/html/framework/db/CDbCommand.php:543
Stack trace:
#0 /var/www/html/framework/db/CDbCommand.php(415): CDbCommand->queryInternal('fetch', Array, Array)
#1 /var/www/html/framework/db/ar/CActiveRecord.php(1359): CDbCommand->queryRow()
#2 /var/www/html/framework/db/ar/CActiveRecord.php(1527): CActiveRecord->query(Object(CDbCriteria))
#3 /var/www/html/coalize/protected/controllers/ApiController.php(42): CActiveRecord->findByAttributes(Array, 'status=1')
#4 /var/www/html/framework/web/actions/CInlineAction.php(49): ApiController->actionList()
#5 /var/www/html/framework/web/CController.php(308): CInlineAction->runWithParams(Array)
#6 /var/www/html/framework/web/CController.php(286): CController->runAction(Object(CInlineAction))
#7 /var/www/html/framework/web/CController.php(265): CController->runActionWithFilters(Object(CInlineAction), Array)
#8 /var/www/html/framework/web/CWebApplication.php(282): CController->run('list')
#9 /var/www/html/framework/web/CWebApplication.php(141): CWebApplication->runController('api/list')
#10 /var/www/html/framework/base/CApplication.php(185): CWebApplication->processRequest()
#11 /var/www/html/coalize/index.php(13): CApplication->run()
#12 {main}
REQUEST_URI=/api/produtos/cliente_id/2
---
2024/03/10 17:26:26 [error] [exception.CHttpException.404] CHttpException: The system is unable to find the requested action "admin`cliente_id`=:yp0 AND". in /var/www/html/framework/web/CController.php:486
Stack trace:
#0 /var/www/html/framework/web/CController.php(270): CController->missingAction('admin`cliente_i...')
#1 /var/www/html/framework/web/CWebApplication.php(282): CController->run('admin`cliente_i...')
#2 /var/www/html/framework/web/CWebApplication.php(141): CWebApplication->runController('produto/admin`c...')
#3 /var/www/html/framework/base/CApplication.php(185): CWebApplication->processRequest()
#4 /var/www/html/coalize/index.php(13): CApplication->run()
#5 {main}
REQUEST_URI=/index.php/produto/admin%60cliente_id%60=:yp0%20AND
---
2024/03/10 17:28:33 [error] [exception.ParseError] ParseError: syntax error, unexpected ')' in /var/www/html/coalize/protected/controllers/ApiController.php:43
Stack trace:
#0 /var/www/html/framework/web/CWebApplication.php(276): CWebApplication->createController('list/')
#1 /var/www/html/framework/web/CWebApplication.php(141): CWebApplication->runController('api/list')
#2 /var/www/html/framework/base/CApplication.php(185): CWebApplication->processRequest()
#3 /var/www/html/coalize/index.php(13): CApplication->run()
#4 {main}
REQUEST_URI=/api/produtos/cliente_id/2
---
2024/03/10 17:35:23 [error] [system.db.CDbCommand] CDbCommand::fetchAll() failed: SQLSTATE[HY093]: Invalid parameter number: parameter was not defined. The SQL statement executed was: SELECT * FROM `tbl_produto` `t` WHERE cliente_id=:cliente_id.
in /var/www/html/coalize/protected/controllers/ApiController.php (39)
in /var/www/html/coalize/index.php (13)
2024/03/10 17:35:23 [error] [exception.CDbException] CDbException: CDbCommand failed to execute the SQL statement: SQLSTATE[HY093]: Invalid parameter number: parameter was not defined. The SQL statement executed was: SELECT * FROM `tbl_produto` `t` WHERE cliente_id=:cliente_id in /var/www/html/framework/db/CDbCommand.php:543
Stack trace:
#0 /var/www/html/framework/db/CDbCommand.php(396): CDbCommand->queryInternal('fetchAll', Array, Array)
#1 /var/www/html/framework/db/ar/CActiveRecord.php(1359): CDbCommand->queryAll()
#2 /var/www/html/framework/db/ar/CActiveRecord.php(1478): CActiveRecord->query(Object(CDbCriteria), true)
#3 /var/www/html/coalize/protected/controllers/ApiController.php(39): CActiveRecord->findAll('cliente_id=:cli...', Array)
#4 /var/www/html/framework/web/actions/CInlineAction.php(49): ApiController->actionList()
#5 /var/www/html/framework/web/CController.php(308): CInlineAction->runWithParams(Array)
#6 /var/www/html/framework/web/CController.php(286): CController->runAction(Object(CInlineAction))
#7 /var/www/html/framework/web/CController.php(265): CController->runActionWithFilters(Object(CInlineAction), Array)
#8 /var/www/html/framework/web/CWebApplication.php(282): CController->run('list')
#9 /var/www/html/framework/web/CWebApplication.php(141): CWebApplication->runController('api/list')
#10 /var/www/html/framework/base/CApplication.php(185): CWebApplication->processRequest()
#11 /var/www/html/coalize/index.php(13): CApplication->run()
#12 {main}
REQUEST_URI=/api/produtos/cliente/3
---
2024/03/10 17:40:44 [error] [exception.Error] Error: Call to a member function limit() on array in /var/www/html/coalize/protected/controllers/ApiController.php:41
Stack trace:
#0 /var/www/html/framework/web/actions/CInlineAction.php(49): ApiController->actionList()
#1 /var/www/html/framework/web/CController.php(308): CInlineAction->runWithParams(Array)
#2 /var/www/html/framework/web/CController.php(286): CController->runAction(Object(CInlineAction))
#3 /var/www/html/framework/web/CController.php(265): CController->runActionWithFilters(Object(CInlineAction), Array)
#4 /var/www/html/framework/web/CWebApplication.php(282): CController->run('list')
#5 /var/www/html/framework/web/CWebApplication.php(141): CWebApplication->runController('api/list')
#6 /var/www/html/framework/base/CApplication.php(185): CWebApplication->processRequest()
#7 /var/www/html/coalize/index.php(13): CApplication->run()
#8 {main}
REQUEST_URI=/api/produtos
---
2024/03/10 17:40:53 [error] [exception.CException] CException: Produto and its behaviors do not have a method or closure named "limit". in /var/www/html/framework/base/CComponent.php:264
Stack trace:
#0 /var/www/html/framework/db/ar/CActiveRecord.php(229): CComponent->__call('limit', Array)
#1 /var/www/html/coalize/protected/controllers/ApiController.php(41): CActiveRecord->__call('limit', Array)
#2 /var/www/html/framework/web/actions/CInlineAction.php(49): ApiController->actionList()
#3 /var/www/html/framework/web/CController.php(308): CInlineAction->runWithParams(Array)
#4 /var/www/html/framework/web/CController.php(286): CController->runAction(Object(CInlineAction))
#5 /var/www/html/framework/web/CController.php(265): CController->runActionWithFilters(Object(CInlineAction), Array)
#6 /var/www/html/framework/web/CWebApplication.php(282): CController->run('list')
#7 /var/www/html/framework/web/CWebApplication.php(141): CWebApplication->runController('api/list')
#8 /var/www/html/framework/base/CApplication.php(185): CWebApplication->processRequest()
#9 /var/www/html/coalize/index.php(13): CApplication->run()
#10 {main}
REQUEST_URI=/api/produtos
---
2024/03/10 17:43:30 [error] [exception.ParseError] ParseError: syntax error, unexpected '=>' (T_DOUBLE_ARROW), expecting ',' or ')' in /var/www/html/coalize/protected/controllers/ApiController.php:42
Stack trace:
#0 /var/www/html/framework/web/CWebApplication.php(276): CWebApplication->createController('list/')
#1 /var/www/html/framework/web/CWebApplication.php(141): CWebApplication->runController('api/list')
#2 /var/www/html/framework/base/CApplication.php(185): CWebApplication->processRequest()
#3 /var/www/html/coalize/index.php(13): CApplication->run()
#4 {main}
REQUEST_URI=/api/produtos
---
2024/03/10 17:43:57 [error] [exception.ParseError] ParseError: syntax error, unexpected '=>' (T_DOUBLE_ARROW), expecting ',' or ')' in /var/www/html/coalize/protected/controllers/ApiController.php:42
Stack trace:
#0 /var/www/html/framework/web/CWebApplication.php(276): CWebApplication->createController('list/')
#1 /var/www/html/framework/web/CWebApplication.php(141): CWebApplication->runController('api/list')
#2 /var/www/html/framework/base/CApplication.php(185): CWebApplication->processRequest()
#3 /var/www/html/coalize/index.php(13): CApplication->run()
#4 {main}
REQUEST_URI=/api/produtos
---
2024/03/10 17:48:31 [error] [exception.ParseError] ParseError: syntax error, unexpected ''params'' (T_CONSTANT_ENCAPSED_STRING), expecting ')' in /var/www/html/coalize/protected/controllers/ApiController.php:44
Stack trace:
#0 /var/www/html/framework/web/CWebApplication.php(276): CWebApplication->createController('list/')
#1 /var/www/html/framework/web/CWebApplication.php(141): CWebApplication->runController('api/list')
#2 /var/www/html/framework/base/CApplication.php(185): CWebApplication->processRequest()
#3 /var/www/html/coalize/index.php(13): CApplication->run()
#4 {main}
REQUEST_URI=/api/produtos
---
2024/03/10 17:49:38 [error] [system.db.CDbCommand] CDbCommand::fetchAll() failed: SQLSTATE[42S22]: Column not found: 1054 Unknown column 'content_1' in 'where clause'. The SQL statement executed was: SELECT * FROM `tbl_produto` `t` WHERE content_1=:c LIMIT 5.
in /var/www/html/coalize/protected/controllers/ApiController.php (45)
in /var/www/html/coalize/index.php (13)
2024/03/10 17:49:38 [error] [exception.CDbException] CDbException: CDbCommand failed to execute the SQL statement: SQLSTATE[42S22]: Column not found: 1054 Unknown column 'content_1' in 'where clause'. The SQL statement executed was: SELECT * FROM `tbl_produto` `t` WHERE content_1=:c LIMIT 5 in /var/www/html/framework/db/CDbCommand.php:543
Stack trace:
#0 /var/www/html/framework/db/CDbCommand.php(396): CDbCommand->queryInternal('fetchAll', Array, Array)
#1 /var/www/html/framework/db/ar/CActiveRecord.php(1359): CDbCommand->queryAll()
#2 /var/www/html/framework/db/ar/CActiveRecord.php(1478): CActiveRecord->query(Object(CDbCriteria), true)
#3 /var/www/html/coalize/protected/controllers/ApiController.php(45): CActiveRecord->findAll(Array)
#4 /var/www/html/framework/web/actions/CInlineAction.php(49): ApiController->actionList()
#5 /var/www/html/framework/web/CController.php(308): CInlineAction->runWithParams(Array)
#6 /var/www/html/framework/web/CController.php(286): CController->runAction(Object(CInlineAction))
#7 /var/www/html/framework/web/CController.php(265): CController->runActionWithFilters(Object(CInlineAction), Array)
#8 /var/www/html/framework/web/CWebApplication.php(282): CController->run('list')
#9 /var/www/html/framework/web/CWebApplication.php(141): CWebApplication->runController('api/list')
#10 /var/www/html/framework/base/CApplication.php(185): CWebApplication->processRequest()
#11 /var/www/html/coalize/index.php(13): CApplication->run()
#12 {main}
REQUEST_URI=/api/produtos
---
2024/03/10 17:51:12 [error] [exception.CException] CException: Property "CDbCriteria.init" is not defined. in /var/www/html/framework/base/CComponent.php:172
Stack trace:
#0 /var/www/html/framework/db/schema/CDbCriteria.php(160): CComponent->__set('init', 5)
#1 /var/www/html/framework/db/schema/CDbCommandBuilder.php(588): CDbCriteria->__construct(Array)
#2 /var/www/html/framework/db/ar/CActiveRecord.php(1477): CDbCommandBuilder->createCriteria(Array, Array)
#3 /var/www/html/coalize/protected/controllers/ApiController.php(43): CActiveRecord->findAll(Array)
#4 /var/www/html/framework/web/actions/CInlineAction.php(49): ApiController->actionList()
#5 /var/www/html/framework/web/CController.php(308): CInlineAction->runWithParams(Array)
#6 /var/www/html/framework/web/CController.php(286): CController->runAction(Object(CInlineAction))
#7 /var/www/html/framework/web/CController.php(265): CController->runActionWithFilters(Object(CInlineAction), Array)
#8 /var/www/html/framework/web/CWebApplication.php(282): CController->run('list')
#9 /var/www/html/framework/web/CWebApplication.php(141): CWebApplication->runController('api/list')
#10 /var/www/html/framework/base/CApplication.php(185): CWebApplication->processRequest()
#11 /var/www/html/coalize/index.php(13): CApplication->run()
#12 {main}
REQUEST_URI=/api/produtos
---
2024/03/10 17:53:42 [error] [exception.ParseError] ParseError: syntax error, unexpected ',' in /var/www/html/coalize/protected/controllers/ApiController.php:42
Stack trace:
#0 /var/www/html/framework/web/CWebApplication.php(276): CWebApplication->createController('list/')
#1 /var/www/html/framework/web/CWebApplication.php(141): CWebApplication->runController('api/list')
#2 /var/www/html/framework/base/CApplication.php(185): CWebApplication->processRequest()
#3 /var/www/html/coalize/index.php(13): CApplication->run()
#4 {main}
REQUEST_URI=/api/produtos
---
2024/03/10 18:55:40 [error] [exception.CException] CException: Property "CStringValidator.0" is not defined. in /var/www/html/framework/base/CComponent.php:172
Stack trace:
#0 /var/www/html/framework/validators/CValidator.php(177): CComponent->__set('0', 'ext.validators....')
#1 /var/www/html/framework/base/CModel.php(287): CValidator::createValidator(0, Object(Cliente), Array, Array)
#2 /var/www/html/framework/base/CModel.php(260): CModel->createValidators()
#3 /var/www/html/framework/base/CModel.php(158): CModel->getValidators()
#4 /var/www/html/framework/db/ar/CActiveRecord.php(810): CModel->validate(NULL)
#5 /var/www/html/coalize/protected/controllers/ApiController.php(145): CActiveRecord->save()
#6 /var/www/html/framework/web/actions/CInlineAction.php(49): ApiController->actionCreate()
#7 /var/www/html/framework/web/CController.php(308): CInlineAction->runWithParams(Array)
#8 /var/www/html/framework/web/CController.php(286): CController->runAction(Object(CInlineAction))
#9 /var/www/html/framework/web/CController.php(265): CController->runActionWithFilters(Object(CInlineAction), Array)
#10 /var/www/html/framework/web/CWebApplication.php(282): CController->run('create')
#11 /var/www/html/framework/web/CWebApplication.php(141): CWebApplication->runController('api/create')
#12 /var/www/html/framework/base/CApplication.php(185): CWebApplication->processRequest()
#13 /var/www/html/coalize/index.php(13): CApplication->run()
#14 {main}
REQUEST_URI=/api/cliente
---
2024/03/10 18:56:32 [error] [exception.CException] CException: Property "CStringValidator.0" is not defined. in /var/www/html/framework/base/CComponent.php:172
Stack trace:
#0 /var/www/html/framework/validators/CValidator.php(177): CComponent->__set('0', 'ext.validators....')
#1 /var/www/html/framework/base/CModel.php(287): CValidator::createValidator(0, Object(Cliente), Array, Array)
#2 /var/www/html/framework/base/CModel.php(260): CModel->createValidators()
#3 /var/www/html/framework/base/CModel.php(158): CModel->getValidators()
#4 /var/www/html/framework/db/ar/CActiveRecord.php(810): CModel->validate(NULL)
#5 /var/www/html/coalize/protected/controllers/ApiController.php(145): CActiveRecord->save()
#6 /var/www/html/framework/web/actions/CInlineAction.php(49): ApiController->actionCreate()
#7 /var/www/html/framework/web/CController.php(308): CInlineAction->runWithParams(Array)
#8 /var/www/html/framework/web/CController.php(286): CController->runAction(Object(CInlineAction))
#9 /var/www/html/framework/web/CController.php(265): CController->runActionWithFilters(Object(CInlineAction), Array)
#10 /var/www/html/framework/web/CWebApplication.php(282): CController->run('create')
#11 /var/www/html/framework/web/CWebApplication.php(141): CWebApplication->runController('api/create')
#12 /var/www/html/framework/base/CApplication.php(185): CWebApplication->processRequest()
#13 /var/www/html/coalize/index.php(13): CApplication->run()
#14 {main}
REQUEST_URI=/api/cliente
---
2024/03/10 18:57:25 [error] [exception.CException] CException: Property "CStringValidator.0" is not defined. in /var/www/html/framework/base/CComponent.php:172
Stack trace:
#0 /var/www/html/framework/validators/CValidator.php(177): CComponent->__set('0', 'ext.validators....')
#1 /var/www/html/framework/base/CModel.php(287): CValidator::createValidator(0, Object(Cliente), Array, Array)
#2 /var/www/html/framework/base/CModel.php(260): CModel->createValidators()
#3 /var/www/html/framework/base/CModel.php(158): CModel->getValidators()
#4 /var/www/html/framework/db/ar/CActiveRecord.php(810): CModel->validate(NULL)
#5 /var/www/html/coalize/protected/controllers/ApiController.php(145): CActiveRecord->save()
#6 /var/www/html/framework/web/actions/CInlineAction.php(49): ApiController->actionCreate()
#7 /var/www/html/framework/web/CController.php(308): CInlineAction->runWithParams(Array)
#8 /var/www/html/framework/web/CController.php(286): CController->runAction(Object(CInlineAction))
#9 /var/www/html/framework/web/CController.php(265): CController->runActionWithFilters(Object(CInlineAction), Array)
#10 /var/www/html/framework/web/CWebApplication.php(282): CController->run('create')
#11 /var/www/html/framework/web/CWebApplication.php(141): CWebApplication->runController('api/create')
#12 /var/www/html/framework/base/CApplication.php(185): CWebApplication->processRequest()
#13 /var/www/html/coalize/index.php(13): CApplication->run()
#14 {main}
REQUEST_URI=/api/cliente
---
2024/03/10 19:02:22 [error] [exception.CException] CException: Property "CStringValidator.0" is not defined. in /var/www/html/framework/base/CComponent.php:172
Stack trace:
#0 /var/www/html/framework/validators/CValidator.php(177): CComponent->__set('0', 'ext.validators....')
#1 /var/www/html/framework/base/CModel.php(287): CValidator::createValidator(0, Object(Cliente), Array, Array)
#2 /var/www/html/framework/base/CModel.php(260): CModel->createValidators()
#3 /var/www/html/framework/base/CModel.php(158): CModel->getValidators()
#4 /var/www/html/framework/db/ar/CActiveRecord.php(810): CModel->validate(NULL)
#5 /var/www/html/coalize/protected/controllers/ApiController.php(145): CActiveRecord->save()
#6 /var/www/html/framework/web/actions/CInlineAction.php(49): ApiController->actionCreate()
#7 /var/www/html/framework/web/CController.php(308): CInlineAction->runWithParams(Array)
#8 /var/www/html/framework/web/CController.php(286): CController->runAction(Object(CInlineAction))
#9 /var/www/html/framework/web/CController.php(265): CController->runActionWithFilters(Object(CInlineAction), Array)
#10 /var/www/html/framework/web/CWebApplication.php(282): CController->run('create')
#11 /var/www/html/framework/web/CWebApplication.php(141): CWebApplication->runController('api/create')
#12 /var/www/html/framework/base/CApplication.php(185): CWebApplication->processRequest()
#13 /var/www/html/coalize/index.php(13): CApplication->run()
#14 {main}
REQUEST_URI=/api/cliente
---
2024/03/10 19:02:41 [error] [exception.CException] CException: Property "CStringValidator.0" is not defined. in /var/www/html/framework/base/CComponent.php:172
Stack trace:
#0 /var/www/html/framework/validators/CValidator.php(177): CComponent->__set('0', 'extensions.vali...')
#1 /var/www/html/framework/base/CModel.php(287): CValidator::createValidator(0, Object(Cliente), Array, Array)
#2 /var/www/html/framework/base/CModel.php(260): CModel->createValidators()
#3 /var/www/html/framework/base/CModel.php(158): CModel->getValidators()
#4 /var/www/html/framework/db/ar/CActiveRecord.php(810): CModel->validate(NULL)
#5 /var/www/html/coalize/protected/controllers/ApiController.php(145): CActiveRecord->save()
#6 /var/www/html/framework/web/actions/CInlineAction.php(49): ApiController->actionCreate()
#7 /var/www/html/framework/web/CController.php(308): CInlineAction->runWithParams(Array)
#8 /var/www/html/framework/web/CController.php(286): CController->runAction(Object(CInlineAction))
#9 /var/www/html/framework/web/CController.php(265): CController->runActionWithFilters(Object(CInlineAction), Array)
#10 /var/www/html/framework/web/CWebApplication.php(282): CController->run('create')
#11 /var/www/html/framework/web/CWebApplication.php(141): CWebApplication->runController('api/create')
#12 /var/www/html/framework/base/CApplication.php(185): CWebApplication->processRequest()
#13 /var/www/html/coalize/index.php(13): CApplication->run()
#14 {main}
REQUEST_URI=/api/cliente
---
2024/03/10 19:03:18 [error] [exception.CException] CException: Property "CStringValidator.0" is not defined. in /var/www/html/framework/base/CComponent.php:172
Stack trace:
#0 /var/www/html/framework/validators/CValidator.php(177): CComponent->__set('0', 'validators.cpf')
#1 /var/www/html/framework/base/CModel.php(287): CValidator::createValidator(0, Object(Cliente), Array, Array)
#2 /var/www/html/framework/base/CModel.php(260): CModel->createValidators()
#3 /var/www/html/framework/base/CModel.php(158): CModel->getValidators()
#4 /var/www/html/framework/db/ar/CActiveRecord.php(810): CModel->validate(NULL)
#5 /var/www/html/coalize/protected/controllers/ApiController.php(145): CActiveRecord->save()
#6 /var/www/html/framework/web/actions/CInlineAction.php(49): ApiController->actionCreate()
#7 /var/www/html/framework/web/CController.php(308): CInlineAction->runWithParams(Array)
#8 /var/www/html/framework/web/CController.php(286): CController->runAction(Object(CInlineAction))
#9 /var/www/html/framework/web/CController.php(265): CController->runActionWithFilters(Object(CInlineAction), Array)
#10 /var/www/html/framework/web/CWebApplication.php(282): CController->run('create')
#11 /var/www/html/framework/web/CWebApplication.php(141): CWebApplication->runController('api/create')
#12 /var/www/html/framework/base/CApplication.php(185): CWebApplication->processRequest()
#13 /var/www/html/coalize/index.php(13): CApplication->run()
#14 {main}
REQUEST_URI=/api/cliente
---
2024/03/10 19:03:44 [error] [exception.CException] CException: Property "CStringValidator.0" is not defined. in /var/www/html/framework/base/CComponent.php:172
Stack trace:
#0 /var/www/html/framework/validators/CValidator.php(177): CComponent->__set('0', 'validators.cpf')
#1 /var/www/html/framework/base/CModel.php(287): CValidator::createValidator(0, Object(Cliente), Array, Array)
#2 /var/www/html/framework/base/CModel.php(260): CModel->createValidators()
#3 /var/www/html/framework/base/CModel.php(158): CModel->getValidators()
#4 /var/www/html/framework/db/ar/CActiveRecord.php(810): CModel->validate(NULL)
#5 /var/www/html/coalize/protected/controllers/ApiController.php(145): CActiveRecord->save()
#6 /var/www/html/framework/web/actions/CInlineAction.php(49): ApiController->actionCreate()
#7 /var/www/html/framework/web/CController.php(308): CInlineAction->runWithParams(Array)
#8 /var/www/html/framework/web/CController.php(286): CController->runAction(Object(CInlineAction))
#9 /var/www/html/framework/web/CController.php(265): CController->runActionWithFilters(Object(CInlineAction), Array)
#10 /var/www/html/framework/web/CWebApplication.php(282): CController->run('create')
#11 /var/www/html/framework/web/CWebApplication.php(141): CWebApplication->runController('api/create')
#12 /var/www/html/framework/base/CApplication.php(185): CWebApplication->processRequest()
#13 /var/www/html/coalize/index.php(13): CApplication->run()
#14 {main}
REQUEST_URI=/api/cliente
---
2024/03/10 19:08:46 [error] [exception.CException] CException: Property "CStringValidator.0" is not defined. in /var/www/html/framework/base/CComponent.php:172
Stack trace:
#0 /var/www/html/framework/validators/CValidator.php(177): CComponent->__set('0', 'ext.validators....')
#1 /var/www/html/framework/base/CModel.php(287): CValidator::createValidator(0, Object(Cliente), Array, Array)
#2 /var/www/html/framework/base/CModel.php(260): CModel->createValidators()
#3 /var/www/html/framework/base/CModel.php(158): CModel->getValidators()
#4 /var/www/html/framework/db/ar/CActiveRecord.php(810): CModel->validate(NULL)
#5 /var/www/html/coalize/protected/controllers/ApiController.php(145): CActiveRecord->save()
#6 /var/www/html/framework/web/actions/CInlineAction.php(49): ApiController->actionCreate()
#7 /var/www/html/framework/web/CController.php(308): CInlineAction->runWithParams(Array)
#8 /var/www/html/framework/web/CController.php(286): CController->runAction(Object(CInlineAction))
#9 /var/www/html/framework/web/CController.php(265): CController->runActionWithFilters(Object(CInlineAction), Array)
#10 /var/www/html/framework/web/CWebApplication.php(282): CController->run('create')
#11 /var/www/html/framework/web/CWebApplication.php(141): CWebApplication->runController('api/create')
#12 /var/www/html/framework/base/CApplication.php(185): CWebApplication->processRequest()
#13 /var/www/html/coalize/index.php(13): CApplication->run()
#14 {main}
REQUEST_URI=/api/cliente
---
2024/03/10 19:10:26 [error] [exception.CException] CException: Property "CStringValidator.0" is not defined. in /var/www/html/framework/base/CComponent.php:172
Stack trace:
#0 /var/www/html/framework/validators/CValidator.php(177): CComponent->__set('0', 'ext.validators....')
#1 /var/www/html/framework/base/CModel.php(287): CValidator::createValidator(0, Object(Cliente), Array, Array)
#2 /var/www/html/framework/base/CModel.php(260): CModel->createValidators()
#3 /var/www/html/framework/base/CModel.php(158): CModel->getValidators()
#4 /var/www/html/framework/db/ar/CActiveRecord.php(810): CModel->validate(NULL)
#5 /var/www/html/coalize/protected/controllers/ApiController.php(145): CActiveRecord->save()
#6 /var/www/html/framework/web/actions/CInlineAction.php(49): ApiController->actionCreate()
#7 /var/www/html/framework/web/CController.php(308): CInlineAction->runWithParams(Array)
#8 /var/www/html/framework/web/CController.php(286): CController->runAction(Object(CInlineAction))
#9 /var/www/html/framework/web/CController.php(265): CController->runActionWithFilters(Object(CInlineAction), Array)
#10 /var/www/html/framework/web/CWebApplication.php(282): CController->run('create')
#11 /var/www/html/framework/web/CWebApplication.php(141): CWebApplication->runController('api/create')
#12 /var/www/html/framework/base/CApplication.php(185): CWebApplication->processRequest()
#13 /var/www/html/coalize/index.php(13): CApplication->run()
#14 {main}
REQUEST_URI=/api/cliente
---
2024/03/10 19:15:17 [error] [exception.CException] CException: Property "CStringValidator.0" is not defined. in /var/www/html/framework/base/CComponent.php:172
Stack trace:
#0 /var/www/html/framework/validators/CValidator.php(177): CComponent->__set('0', 'ext.validators....')
#1 /var/www/html/framework/base/CModel.php(287): CValidator::createValidator(0, Object(Cliente), Array, Array)
#2 /var/www/html/framework/base/CModel.php(260): CModel->createValidators()
#3 /var/www/html/framework/base/CModel.php(158): CModel->getValidators()
#4 /var/www/html/framework/db/ar/CActiveRecord.php(810): CModel->validate(NULL)
#5 /var/www/html/coalize/protected/controllers/ApiController.php(145): CActiveRecord->save()
#6 /var/www/html/framework/web/actions/CInlineAction.php(49): ApiController->actionCreate()
#7 /var/www/html/framework/web/CController.php(308): CInlineAction->runWithParams(Array)
#8 /var/www/html/framework/web/CController.php(286): CController->runAction(Object(CInlineAction))
#9 /var/www/html/framework/web/CController.php(265): CController->runActionWithFilters(Object(CInlineAction), Array)
#10 /var/www/html/framework/web/CWebApplication.php(282): CController->run('create')
#11 /var/www/html/framework/web/CWebApplication.php(141): CWebApplication->runController('api/create')
#12 /var/www/html/framework/base/CApplication.php(185): CWebApplication->processRequest()
#13 /var/www/html/coalize/index.php(13): CApplication->run()
#14 {main}
REQUEST_URI=/api/cliente
---
2024/03/10 19:16:11 [error] [exception.CException] CException: Property "CStringValidator.0" is not defined. in /var/www/html/framework/base/CComponent.php:172
Stack trace:
#0 /var/www/html/framework/validators/CValidator.php(177): CComponent->__set('0', 'ext.validators....')
#1 /var/www/html/framework/base/CModel.php(287): CValidator::createValidator(0, Object(Cliente), Array, Array)
#2 /var/www/html/framework/base/CModel.php(260): CModel->createValidators()
#3 /var/www/html/framework/base/CModel.php(158): CModel->getValidators()
#4 /var/www/html/framework/db/ar/CActiveRecord.php(810): CModel->validate(NULL)
#5 /var/www/html/coalize/protected/controllers/ApiController.php(145): CActiveRecord->save()
#6 /var/www/html/framework/web/actions/CInlineAction.php(49): ApiController->actionCreate()
#7 /var/www/html/framework/web/CController.php(308): CInlineAction->runWithParams(Array)
#8 /var/www/html/framework/web/CController.php(286): CController->runAction(Object(CInlineAction))
#9 /var/www/html/framework/web/CController.php(265): CController->runActionWithFilters(Object(CInlineAction), Array)
#10 /var/www/html/framework/web/CWebApplication.php(282): CController->run('create')
#11 /var/www/html/framework/web/CWebApplication.php(141): CWebApplication->runController('api/create')
#12 /var/www/html/framework/base/CApplication.php(185): CWebApplication->processRequest()
#13 /var/www/html/coalize/index.php(13): CApplication->run()
#14 {main}
REQUEST_URI=/api/cliente
---
2024/03/10 19:16:38 [error] [exception.CException] CException: Property "CStringValidator.0" is not defined. in /var/www/html/framework/base/CComponent.php:172
Stack trace:
#0 /var/www/html/framework/validators/CValidator.php(177): CComponent->__set('0', 'ext.validators....')
#1 /var/www/html/framework/base/CModel.php(287): CValidator::createValidator(0, Object(Cliente), Array, Array)
#2 /var/www/html/framework/base/CModel.php(260): CModel->createValidators()
#3 /var/www/html/framework/base/CModel.php(158): CModel->getValidators()
#4 /var/www/html/framework/db/ar/CActiveRecord.php(810): CModel->validate(NULL)
#5 /var/www/html/coalize/protected/controllers/ApiController.php(145): CActiveRecord->save()
#6 /var/www/html/framework/web/actions/CInlineAction.php(49): ApiController->actionCreate()
#7 /var/www/html/framework/web/CController.php(308): CInlineAction->runWithParams(Array)
#8 /var/www/html/framework/web/CController.php(286): CController->runAction(Object(CInlineAction))
#9 /var/www/html/framework/web/CController.php(265): CController->runActionWithFilters(Object(CInlineAction), Array)
#10 /var/www/html/framework/web/CWebApplication.php(282): CController->run('create')
#11 /var/www/html/framework/web/CWebApplication.php(141): CWebApplication->runController('api/create')
#12 /var/www/html/framework/base/CApplication.php(185): CWebApplication->processRequest()
#13 /var/www/html/coalize/index.php(13): CApplication->run()
#14 {main}
REQUEST_URI=/api/cliente
---
2024/03/10 19:20:21 [error] [exception.ParseError] ParseError: syntax error, unexpected end of file, expecting function (T_FUNCTION) or const (T_CONST) in /var/www/html/coalize/protected/extensions/validators/cpf.php:64
Stack trace:
#0 /var/www/html/framework/validators/CValidator.php(174): YiiBase::import('ext.validators....', true)
#1 /var/www/html/framework/base/CModel.php(287): CValidator::createValidator('ext.validators....', Object(Cliente), Array, Array)
#2 /var/www/html/framework/base/CModel.php(260): CModel->createValidators()
#3 /var/www/html/framework/base/CModel.php(158): CModel->getValidators()
#4 /var/www/html/framework/db/ar/CActiveRecord.php(810): CModel->validate(NULL)
#5 /var/www/html/coalize/protected/controllers/ApiController.php(145): CActiveRecord->save()
#6 /var/www/html/framework/web/actions/CInlineAction.php(49): ApiController->actionCreate()
#7 /var/www/html/framework/web/CController.php(308): CInlineAction->runWithParams(Array)
#8 /var/www/html/framework/web/CController.php(286): CController->runAction(Object(CInlineAction))
#9 /var/www/html/framework/web/CController.php(265): CController->runActionWithFilters(Object(CInlineAction), Array)
#10 /var/www/html/framework/web/CWebApplication.php(282): CController->run('create')
#11 /var/www/html/framework/web/CWebApplication.php(141): CWebApplication->runController('api/create')
#12 /var/www/html/framework/base/CApplication.php(185): CWebApplication->processRequest()
#13 /var/www/html/coalize/index.php(13): CApplication->run()
#14 {main}
REQUEST_URI=/api/cliente
---
2024/03/10 19:56:20 [error] [exception.CException] CException: User and its behaviors do not have a method or closure named "validatePassword". in /var/www/html/framework/base/CComponent.php:264
Stack trace:
#0 /var/www/html/framework/db/ar/CActiveRecord.php(229): CComponent->__call('validatePasswor...', Array)
#1 /var/www/html/coalize/protected/controllers/ApiController.php(353): CActiveRecord->__call('validatePasswor...', Array)
#2 /var/www/html/coalize/protected/controllers/ApiController.php(29): ApiController->_checkAuth()
#3 /var/www/html/framework/web/actions/CInlineAction.php(49): ApiController->actionList()
#4 /var/www/html/framework/web/CController.php(308): CInlineAction->runWithParams(Array)
#5 /var/www/html/framework/web/CController.php(286): CController->runAction(Object(CInlineAction))
#6 /var/www/html/framework/web/CController.php(265): CController->runActionWithFilters(Object(CInlineAction), Array)
#7 /var/www/html/framework/web/CWebApplication.php(282): CController->run('list')
#8 /var/www/html/framework/web/CWebApplication.php(141): CWebApplication->runController('api/list')
#9 /var/www/html/framework/base/CApplication.php(185): CWebApplication->processRequest()
#10 /var/www/html/coalize/index.php(13): CApplication->run()
#11 {main}
REQUEST_URI=/api/clientes
---
2024/03/10 19:57:52 [error] [exception.CException] CException: User and its behaviors do not have a method or closure named "validatePassword". in /var/www/html/framework/base/CComponent.php:264
Stack trace:
#0 /var/www/html/framework/db/ar/CActiveRecord.php(229): CComponent->__call('validatePasswor...', Array)
#1 /var/www/html/coalize/protected/controllers/ApiController.php(353): CActiveRecord->__call('validatePasswor...', Array)
#2 /var/www/html/coalize/protected/controllers/ApiController.php(29): ApiController->_checkAuth()
#3 /var/www/html/framework/web/actions/CInlineAction.php(49): ApiController->actionList()
#4 /var/www/html/framework/web/CController.php(308): CInlineAction->runWithParams(Array)
#5 /var/www/html/framework/web/CController.php(286): CController->runAction(Object(CInlineAction))
#6 /var/www/html/framework/web/CController.php(265): CController->runActionWithFilters(Object(CInlineAction), Array)
#7 /var/www/html/framework/web/CWebApplication.php(282): CController->run('list')
#8 /var/www/html/framework/web/CWebApplication.php(141): CWebApplication->runController('api/list')
#9 /var/www/html/framework/base/CApplication.php(185): CWebApplication->processRequest()
#10 /var/www/html/coalize/index.php(13): CApplication->run()
#11 {main}
REQUEST_URI=/api/clientes
---
2024/03/10 19:58:13 [error] [exception.CException] CException: User and its behaviors do not have a method or closure named "validatePassword". in /var/www/html/framework/base/CComponent.php:264
Stack trace:
#0 /var/www/html/framework/db/ar/CActiveRecord.php(229): CComponent->__call('validatePasswor...', Array)
#1 /var/www/html/coalize/protected/controllers/ApiController.php(353): CActiveRecord->__call('validatePasswor...', Array)
#2 /var/www/html/coalize/protected/controllers/ApiController.php(29): ApiController->_checkAuth()
#3 /var/www/html/framework/web/actions/CInlineAction.php(49): ApiController->actionList()
#4 /var/www/html/framework/web/CController.php(308): CInlineAction->runWithParams(Array)
#5 /var/www/html/framework/web/CController.php(286): CController->runAction(Object(CInlineAction))
#6 /var/www/html/framework/web/CController.php(265): CController->runActionWithFilters(Object(CInlineAction), Array)
#7 /var/www/html/framework/web/CWebApplication.php(282): CController->run('list')
#8 /var/www/html/framework/web/CWebApplication.php(141): CWebApplication->runController('api/list')
#9 /var/www/html/framework/base/CApplication.php(185): CWebApplication->processRequest()
#10 /var/www/html/coalize/index.php(13): CApplication->run()
#11 {main}
REQUEST_URI=/api/clientes
---
2024/03/10 20:39:27 [error] [exception.Error] Error: Call to a member function hashPassword() on null in /var/www/html/coalize/protected/controllers/ApiController.php:349
Stack trace:
#0 /var/www/html/coalize/protected/controllers/ApiController.php(29): ApiController->_checkAuth()
#1 /var/www/html/framework/web/actions/CInlineAction.php(49): ApiController->actionList()
#2 /var/www/html/framework/web/CController.php(308): CInlineAction->runWithParams(Array)
#3 /var/www/html/framework/web/CController.php(286): CController->runAction(Object(CInlineAction))
#4 /var/www/html/framework/web/CController.php(265): CController->runActionWithFilters(Object(CInlineAction), Array)
#5 /var/www/html/framework/web/CWebApplication.php(282): CController->run('list')
#6 /var/www/html/framework/web/CWebApplication.php(141): CWebApplication->runController('api/list')
#7 /var/www/html/framework/base/CApplication.php(185): CWebApplication->processRequest()
#8 /var/www/html/coalize/index.php(13): CApplication->run()
#9 {main}
REQUEST_URI=/api/clientes
---
2024/03/10 20:40:31 [error] [exception.Error] Error: Call to a member function hashPassword() on null in /var/www/html/coalize/protected/controllers/ApiController.php:349
Stack trace:
#0 /var/www/html/coalize/protected/controllers/ApiController.php(29): ApiController->_checkAuth()
#1 /var/www/html/framework/web/actions/CInlineAction.php(49): ApiController->actionList()
#2 /var/www/html/framework/web/CController.php(308): CInlineAction->runWithParams(Array)
#3 /var/www/html/framework/web/CController.php(286): CController->runAction(Object(CInlineAction))
#4 /var/www/html/framework/web/CController.php(265): CController->runActionWithFilters(Object(CInlineAction), Array)
#5 /var/www/html/framework/web/CWebApplication.php(282): CController->run('list')
#6 /var/www/html/framework/web/CWebApplication.php(141): CWebApplication->runController('api/list')
#7 /var/www/html/framework/base/CApplication.php(185): CWebApplication->processRequest()
#8 /var/www/html/coalize/index.php(13): CApplication->run()
#9 {main}
REQUEST_URI=/api/clientes
---
2024/03/10 20:45:24 [error] [exception.CException] CException: Property "ApiController.password_hash" is not defined. in /var/www/html/framework/base/CComponent.php:130
Stack trace:
#0 /var/www/html/coalize/protected/controllers/ApiController.php(360): CComponent->__get('password_hash')
#1 /var/www/html/coalize/protected/controllers/ApiController.php(29): ApiController->_checkAuth()
#2 /var/www/html/framework/web/actions/CInlineAction.php(49): ApiController->actionList()
#3 /var/www/html/framework/web/CController.php(308): CInlineAction->runWithParams(Array)
#4 /var/www/html/framework/web/CController.php(286): CController->runAction(Object(CInlineAction))
#5 /var/www/html/framework/web/CController.php(265): CController->runActionWithFilters(Object(CInlineAction), Array)
#6 /var/www/html/framework/web/CWebApplication.php(282): CController->run('list')
#7 /var/www/html/framework/web/CWebApplication.php(141): CWebApplication->runController('api/list')
#8 /var/www/html/framework/base/CApplication.php(185): CWebApplication->processRequest()
#9 /var/www/html/coalize/index.php(13): CApplication->run()
#10 {main}
REQUEST_URI=/api/clientes
---
2024/03/10 20:55:39 [error] [system.db.CDbCommand] CDbCommand::fetchAll() failed: SQLSTATE[42S02]: Base table or view not found: 1146 Table 'coalize.tbl_migration' doesn't exist. The SQL statement executed was: SHOW FULL COLUMNS FROM `tbl_migration`.
2024/03/10 20:55:39 [error] [system.db.CDbCommand] CDbCommand::execute() failed: SQLSTATE[42S01]: Base table or view already exists: 1050 Table 'tbl_cliente' already exists. The SQL statement executed was: CREATE TABLE `tbl_cliente` (
	`id` int(11) NOT NULL AUTO_INCREMENT PRIMARY KEY,
	`nome` varchar(255),
	`cpf` varchar(14) NOT NULL,
	`cep` varchar(10) NOT NULL,
	`logradouro` varchar(255) NOT NULL,
	`numero` char(10) NOT NULL,
	`cidade` varchar(100) NOT NULL,
	`estado` char(3) NOT NULL,
	`complemento` varchar(255) DEFAULT NULL,
	`sexo` enum("Masculino","Feminino","Outro") NOT NULL,
	`foto` longblob
).
2024/03/10 20:55:39 [error] [exception.CDbException] CDbException: CDbCommand failed to execute the SQL statement: SQLSTATE[42S01]: Base table or view already exists: 1050 Table 'tbl_cliente' already exists. The SQL statement executed was: CREATE TABLE `tbl_cliente` (
	`id` int(11) NOT NULL AUTO_INCREMENT PRIMARY KEY,
	`nome` varchar(255),
	`cpf` varchar(14) NOT NULL,
	`cep` varchar(10) NOT NULL,
	`logradouro` varchar(255) NOT NULL,
	`numero` char(10) NOT NULL,
	`cidade` varchar(100) NOT NULL,
	`estado` char(3) NOT NULL,
	`complemento` varchar(255) DEFAULT NULL,
	`sexo` enum("Masculino","Feminino","Outro") NOT NULL,
	`foto` longblob
) in /var/www/html/framework/db/CDbCommand.php:358
Stack trace:
#0 /var/www/html/framework/db/CDbCommand.php(1352): CDbCommand->execute()
#1 /var/www/html/framework/db/CDbMigration.php(250): CDbCommand->createTable('tbl_cliente', Array, NULL)
#2 /var/www/html/coalize/protected/migrations/m240309_165535_create_cliente_table.php(9): CDbMigration->createTable('tbl_cliente', Array)
#3 /var/www/html/framework/cli/commands/MigrateCommand.php(415): m240309_165535_create_cliente_table->up()
#4 /var/www/html/framework/cli/commands/MigrateCommand.php(109): MigrateCommand->migrateUp('m240309_165535_...')
#5 [internal function]: MigrateCommand->actionUp(Array)
#6 /var/www/html/framework/console/CConsoleCommand.php(177): ReflectionMethod->invokeArgs(Object(MigrateCommand), Array)
#7 /var/www/html/framework/console/CConsoleCommandRunner.php(71): CConsoleCommand->run(Array)
#8 /var/www/html/framework/console/CConsoleApplication.php(92): CConsoleCommandRunner->run(Array)
#9 /var/www/html/framework/base/CApplication.php(185): CConsoleApplication->processRequest()
#10 /var/www/html/framework/yiic.php(33): CApplication->run()
#11 /var/www/html/coalize/protected/yiic.php(7): require_once('/var/www/html/f...')
#12 {main}
---
2024/03/10 20:59:45 [error] [system.db.CDbCommand] CDbCommand::fetchAll() failed: SQLSTATE[42S02]: Base table or view not found: 1146 Table 'coalize.tbl_migration' doesn't exist. The SQL statement executed was: SHOW FULL COLUMNS FROM `tbl_migration`.
2024/03/10 21:16:53 [error] [exception.CException] CException: Property "User.enableSession" is not defined. in /var/www/html/framework/base/CComponent.php:172
Stack trace:
#0 /var/www/html/framework/db/ar/CActiveRecord.php(162): CComponent->__set('enableSession', true)
#1 /var/www/html/coalize/protected/controllers/ApiController.php(359): CActiveRecord->__set('enableSession', true)
#2 /var/www/html/coalize/protected/controllers/ApiController.php(29): ApiController->_checkAuth()
#3 /var/www/html/framework/web/actions/CInlineAction.php(49): ApiController->actionList()
#4 /var/www/html/framework/web/CController.php(308): CInlineAction->runWithParams(Array)
#5 /var/www/html/framework/web/CController.php(286): CController->runAction(Object(CInlineAction))
#6 /var/www/html/framework/web/CController.php(265): CController->runActionWithFilters(Object(CInlineAction), Array)
#7 /var/www/html/framework/web/CWebApplication.php(282): CController->run('list')
#8 /var/www/html/framework/web/CWebApplication.php(141): CWebApplication->runController('api/list')
#9 /var/www/html/framework/base/CApplication.php(185): CWebApplication->processRequest()
#10 /var/www/html/coalize/index.php(13): CApplication->run()
#11 {main}
REQUEST_URI=/api/clientes
---
2024/03/10 21:25:52 [error] [php] Object of class User could not be converted to string (/var/www/html/coalize/protected/controllers/ApiController.php:360)
Stack trace:
#0 /var/www/html/coalize/protected/controllers/ApiController.php(29): ApiController->_checkAuth()
#1 /var/www/html/framework/web/actions/CInlineAction.php(49): ApiController->actionList()
#2 /var/www/html/framework/web/CController.php(308): CInlineAction->runWithParams()
#3 /var/www/html/framework/web/CController.php(286): ApiController->runAction()
#4 /var/www/html/framework/web/CController.php(265): ApiController->runActionWithFilters()
#5 /var/www/html/framework/web/CWebApplication.php(282): ApiController->run()
#6 /var/www/html/framework/web/CWebApplication.php(141): CWebApplication->runController()
#7 /var/www/html/framework/base/CApplication.php(185): CWebApplication->processRequest()
#8 /var/www/html/coalize/index.php(13): CWebApplication->run()
REQUEST_URI=/api/clientes
in /var/www/html/coalize/protected/controllers/ApiController.php (360)
in /var/www/html/coalize/protected/controllers/ApiController.php (29)
in /var/www/html/coalize/index.php (13)
2024/03/10 21:26:26 [error] [php] Object of class User could not be converted to string (/var/www/html/coalize/protected/controllers/ApiController.php:360)
Stack trace:
#0 /var/www/html/coalize/protected/controllers/ApiController.php(29): ApiController->_checkAuth()
#1 /var/www/html/framework/web/actions/CInlineAction.php(49): ApiController->actionList()
#2 /var/www/html/framework/web/CController.php(308): CInlineAction->runWithParams()
#3 /var/www/html/framework/web/CController.php(286): ApiController->runAction()
#4 /var/www/html/framework/web/CController.php(265): ApiController->runActionWithFilters()
#5 /var/www/html/framework/web/CWebApplication.php(282): ApiController->run()
#6 /var/www/html/framework/web/CWebApplication.php(141): CWebApplication->runController()
#7 /var/www/html/framework/base/CApplication.php(185): CWebApplication->processRequest()
#8 /var/www/html/coalize/index.php(13): CWebApplication->run()
REQUEST_URI=/api/clientes
in /var/www/html/coalize/protected/controllers/ApiController.php (360)
in /var/www/html/coalize/protected/controllers/ApiController.php (29)
in /var/www/html/coalize/index.php (13)
2024/03/10 21:26:40 [error] [exception.CException] CException: Property "CWebUser.enableSession" is not defined. in /var/www/html/framework/base/CComponent.php:172
Stack trace:
#0 /var/www/html/framework/web/auth/CWebUser.php(161): CComponent->__set('enableSession', true)
#1 /var/www/html/coalize/protected/controllers/ApiController.php(360): CWebUser->__set('enableSession', true)
#2 /var/www/html/coalize/protected/controllers/ApiController.php(29): ApiController->_checkAuth()
#3 /var/www/html/framework/web/actions/CInlineAction.php(49): ApiController->actionList()
#4 /var/www/html/framework/web/CController.php(308): CInlineAction->runWithParams(Array)
#5 /var/www/html/framework/web/CController.php(286): CController->runAction(Object(CInlineAction))
#6 /var/www/html/framework/web/CController.php(265): CController->runActionWithFilters(Object(CInlineAction), Array)
#7 /var/www/html/framework/web/CWebApplication.php(282): CController->run('list')
#8 /var/www/html/framework/web/CWebApplication.php(141): CWebApplication->runController('api/list')
#9 /var/www/html/framework/base/CApplication.php(185): CWebApplication->processRequest()
#10 /var/www/html/coalize/index.php(13): CApplication->run()
#11 {main}
REQUEST_URI=/api/clientes
---
2024/03/10 21:30:56 [error] [exception.ParseError] ParseError: syntax error, unexpected 'else' (T_ELSE) in /var/www/html/coalize/protected/controllers/ApiController.php:364
Stack trace:
#0 /var/www/html/framework/web/CWebApplication.php(276): CWebApplication->createController('list/')
#1 /var/www/html/framework/web/CWebApplication.php(141): CWebApplication->runController('api/list')
#2 /var/www/html/framework/base/CApplication.php(185): CWebApplication->processRequest()
#3 /var/www/html/coalize/index.php(13): CApplication->run()
#4 {main}
REQUEST_URI=/api/clientes
---
2024/03/10 21:32:55 [error] [php] Object of class UserIdentity could not be converted to string (/var/www/html/coalize/protected/controllers/ApiController.php:363)
Stack trace:
#0 /var/www/html/coalize/protected/controllers/ApiController.php(29): ApiController->_checkAuth()
#1 /var/www/html/framework/web/actions/CInlineAction.php(49): ApiController->actionList()
#2 /var/www/html/framework/web/CController.php(308): CInlineAction->runWithParams()
#3 /var/www/html/framework/web/CController.php(286): ApiController->runAction()
#4 /var/www/html/framework/web/CController.php(265): ApiController->runActionWithFilters()
#5 /var/www/html/framework/web/CWebApplication.php(282): ApiController->run()
#6 /var/www/html/framework/web/CWebApplication.php(141): CWebApplication->runController()
#7 /var/www/html/framework/base/CApplication.php(185): CWebApplication->processRequest()
#8 /var/www/html/coalize/index.php(13): CWebApplication->run()
REQUEST_URI=/api/clientes
in /var/www/html/coalize/protected/controllers/ApiController.php (363)
in /var/www/html/coalize/protected/controllers/ApiController.php (29)
in /var/www/html/coalize/index.php (13)
2024/03/10 23:06:01 [error] [exception.CException] CException: ApiController and its behaviors do not have a method or closure named "setState". in /var/www/html/framework/base/CComponent.php:264
Stack trace:
#0 /var/www/html/coalize/protected/controllers/ApiController.php(362): CComponent->__call('setState', Array)
#1 /var/www/html/coalize/protected/controllers/ApiController.php(29): ApiController->_checkAuth()
#2 /var/www/html/framework/web/actions/CInlineAction.php(49): ApiController->actionList()
#3 /var/www/html/framework/web/CController.php(308): CInlineAction->runWithParams(Array)
#4 /var/www/html/framework/web/CController.php(286): CController->runAction(Object(CInlineAction))
#5 /var/www/html/framework/web/CController.php(265): CController->runActionWithFilters(Object(CInlineAction), Array)
#6 /var/www/html/framework/web/CWebApplication.php(282): CController->run('list')
#7 /var/www/html/framework/web/CWebApplication.php(141): CWebApplication->runController('api/list')
#8 /var/www/html/framework/base/CApplication.php(185): CWebApplication->processRequest()
#9 /var/www/html/coalize/index.php(13): CApplication->run()
#10 {main}
REQUEST_URI=/api/clientes
---
2024/03/10 23:06:15 [error] [exception.CException] CException: User and its behaviors do not have a method or closure named "setState". in /var/www/html/framework/base/CComponent.php:264
Stack trace:
#0 /var/www/html/framework/db/ar/CActiveRecord.php(229): CComponent->__call('setState', Array)
#1 /var/www/html/coalize/protected/controllers/ApiController.php(362): CActiveRecord->__call('setState', Array)
#2 /var/www/html/coalize/protected/controllers/ApiController.php(29): ApiController->_checkAuth()
#3 /var/www/html/framework/web/actions/CInlineAction.php(49): ApiController->actionList()
#4 /var/www/html/framework/web/CController.php(308): CInlineAction->runWithParams(Array)
#5 /var/www/html/framework/web/CController.php(286): CController->runAction(Object(CInlineAction))
#6 /var/www/html/framework/web/CController.php(265): CController->runActionWithFilters(Object(CInlineAction), Array)
#7 /var/www/html/framework/web/CWebApplication.php(282): CController->run('list')
#8 /var/www/html/framework/web/CWebApplication.php(141): CWebApplication->runController('api/list')
#9 /var/www/html/framework/base/CApplication.php(185): CWebApplication->processRequest()
#10 /var/www/html/coalize/index.php(13): CApplication->run()
#11 {main}
REQUEST_URI=/api/clientes
---
2024/03/10 23:06:56 [error] [exception.CException] CException: User and its behaviors do not have a method or closure named "setState". in /var/www/html/framework/base/CComponent.php:264
Stack trace:
#0 /var/www/html/framework/db/ar/CActiveRecord.php(229): CComponent->__call('setState', Array)
#1 /var/www/html/coalize/protected/controllers/ApiController.php(362): CActiveRecord->__call('setState', Array)
#2 /var/www/html/coalize/protected/controllers/ApiController.php(29): ApiController->_checkAuth()
#3 /var/www/html/framework/web/actions/CInlineAction.php(49): ApiController->actionList()
#4 /var/www/html/framework/web/CController.php(308): CInlineAction->runWithParams(Array)
#5 /var/www/html/framework/web/CController.php(286): CController->runAction(Object(CInlineAction))
#6 /var/www/html/framework/web/CController.php(265): CController->runActionWithFilters(Object(CInlineAction), Array)
#7 /var/www/html/framework/web/CWebApplication.php(282): CController->run('list')
#8 /var/www/html/framework/web/CWebApplication.php(141): CWebApplication->runController('api/list')
#9 /var/www/html/framework/base/CApplication.php(185): CWebApplication->processRequest()
#10 /var/www/html/coalize/index.php(13): CApplication->run()
#11 {main}
REQUEST_URI=/api/clientes
---
2024/03/10 23:08:14 [error] [exception.ParseError] ParseError: syntax error, unexpected ';', expecting ')' in /var/www/html/coalize/protected/controllers/ApiController.php:363
Stack trace:
#0 /var/www/html/framework/web/CWebApplication.php(276): CWebApplication->createController('list/')
#1 /var/www/html/framework/web/CWebApplication.php(141): CWebApplication->runController('api/list')
#2 /var/www/html/framework/base/CApplication.php(185): CWebApplication->processRequest()
#3 /var/www/html/coalize/index.php(13): CApplication->run()
#4 {main}
REQUEST_URI=/api/clientes
---
2024/03/10 23:10:48 [error] [exception.CException] CException: Property "CWebUser.4037be909741e1501f4445c7d96f9c6a" is not defined. in /var/www/html/framework/base/CComponent.php:130
Stack trace:
#0 /var/www/html/framework/web/auth/CWebUser.php(146): CComponent->__get('4037be909741e15...')
#1 /var/www/html/coalize/protected/controllers/ApiController.php(363): CWebUser->__get('4037be909741e15...')
#2 /var/www/html/coalize/protected/controllers/ApiController.php(29): ApiController->_checkAuth()
#3 /var/www/html/framework/web/actions/CInlineAction.php(49): ApiController->actionList()
#4 /var/www/html/framework/web/CController.php(308): CInlineAction->runWithParams(Array)
#5 /var/www/html/framework/web/CController.php(286): CController->runAction(Object(CInlineAction))
#6 /var/www/html/framework/web/CController.php(265): CController->runActionWithFilters(Object(CInlineAction), Array)
#7 /var/www/html/framework/web/CWebApplication.php(282): CController->run('list')
#8 /var/www/html/framework/web/CWebApplication.php(141): CWebApplication->runController('api/list')
#9 /var/www/html/framework/base/CApplication.php(185): CWebApplication->processRequest()
#10 /var/www/html/coalize/index.php(13): CApplication->run()
#11 {main}
REQUEST_URI=/api/clientes
---
2024/03/10 23:13:56 [error] [exception.Error] Error: Access to undeclared static property: Yii::$app in /var/www/html/coalize/protected/controllers/ApiController.php:364
Stack trace:
#0 /var/www/html/coalize/protected/controllers/ApiController.php(29): ApiController->_checkAuth()
#1 /var/www/html/framework/web/actions/CInlineAction.php(49): ApiController->actionList()
#2 /var/www/html/framework/web/CController.php(308): CInlineAction->runWithParams(Array)
#3 /var/www/html/framework/web/CController.php(286): CController->runAction(Object(CInlineAction))
#4 /var/www/html/framework/web/CController.php(265): CController->runActionWithFilters(Object(CInlineAction), Array)
#5 /var/www/html/framework/web/CWebApplication.php(282): CController->run('list')
#6 /var/www/html/framework/web/CWebApplication.php(141): CWebApplication->runController('api/list')
#7 /var/www/html/framework/base/CApplication.php(185): CWebApplication->processRequest()
#8 /var/www/html/coalize/index.php(13): CApplication->run()
#9 {main}
REQUEST_URI=/api/clientes
---
2024/03/10 23:14:14 [error] [exception.CException] CException: Property "CWebApplication.response" is not defined. in /var/www/html/framework/base/CComponent.php:130
Stack trace:
#0 /var/www/html/framework/base/CModule.php(105): CComponent->__get('response')
#1 /var/www/html/coalize/protected/controllers/ApiController.php(364): CModule->__get('response')
#2 /var/www/html/coalize/protected/controllers/ApiController.php(29): ApiController->_checkAuth()
#3 /var/www/html/framework/web/actions/CInlineAction.php(49): ApiController->actionList()
#4 /var/www/html/framework/web/CController.php(308): CInlineAction->runWithParams(Array)
#5 /var/www/html/framework/web/CController.php(286): CController->runAction(Object(CInlineAction))
#6 /var/www/html/framework/web/CController.php(265): CController->runActionWithFilters(Object(CInlineAction), Array)
#7 /var/www/html/framework/web/CWebApplication.php(282): CController->run('list')
#8 /var/www/html/framework/web/CWebApplication.php(141): CWebApplication->runController('api/list')
#9 /var/www/html/framework/base/CApplication.php(185): CWebApplication->processRequest()
#10 /var/www/html/coalize/index.php(13): CApplication->run()
#11 {main}
REQUEST_URI=/api/clientes
---
2024/03/10 23:15:39 [error] [exception.Error] Error: Function name must be a string in /var/www/html/coalize/protected/controllers/ApiController.php:364
Stack trace:
#0 /var/www/html/coalize/protected/controllers/ApiController.php(29): ApiController->_checkAuth()
#1 /var/www/html/framework/web/actions/CInlineAction.php(49): ApiController->actionList()
#2 /var/www/html/framework/web/CController.php(308): CInlineAction->runWithParams(Array)
#3 /var/www/html/framework/web/CController.php(286): CController->runAction(Object(CInlineAction))
#4 /var/www/html/framework/web/CController.php(265): CController->runActionWithFilters(Object(CInlineAction), Array)
#5 /var/www/html/framework/web/CWebApplication.php(282): CController->run('list')
#6 /var/www/html/framework/web/CWebApplication.php(141): CWebApplication->runController('api/list')
#7 /var/www/html/framework/base/CApplication.php(185): CWebApplication->processRequest()
#8 /var/www/html/coalize/index.php(13): CApplication->run()
#9 {main}
REQUEST_URI=/api/clientes
---
2024/03/10 23:17:04 [error] [exception.Error] Error: Function name must be a string in /var/www/html/coalize/protected/controllers/ApiController.php:364
Stack trace:
#0 /var/www/html/coalize/protected/controllers/ApiController.php(29): ApiController->_checkAuth()
#1 /var/www/html/framework/web/actions/CInlineAction.php(49): ApiController->actionList()
#2 /var/www/html/framework/web/CController.php(308): CInlineAction->runWithParams(Array)
#3 /var/www/html/framework/web/CController.php(286): CController->runAction(Object(CInlineAction))
#4 /var/www/html/framework/web/CController.php(265): CController->runActionWithFilters(Object(CInlineAction), Array)
#5 /var/www/html/framework/web/CWebApplication.php(282): CController->run('list')
#6 /var/www/html/framework/web/CWebApplication.php(141): CWebApplication->runController('api/list')
#7 /var/www/html/framework/base/CApplication.php(185): CWebApplication->processRequest()
#8 /var/www/html/coalize/index.php(13): CApplication->run()
#9 {main}
REQUEST_URI=/api/clientes
---
2024/03/10 23:17:21 [error] [exception.CException] CException: Property "CWebApplication.response" is not defined. in /var/www/html/framework/base/CComponent.php:130
Stack trace:
#0 /var/www/html/framework/base/CModule.php(105): CComponent->__get('response')
#1 /var/www/html/coalize/protected/controllers/ApiController.php(364): CModule->__get('response')
#2 /var/www/html/coalize/protected/controllers/ApiController.php(29): ApiController->_checkAuth()
#3 /var/www/html/framework/web/actions/CInlineAction.php(49): ApiController->actionList()
#4 /var/www/html/framework/web/CController.php(308): CInlineAction->runWithParams(Array)
#5 /var/www/html/framework/web/CController.php(286): CController->runAction(Object(CInlineAction))
#6 /var/www/html/framework/web/CController.php(265): CController->runActionWithFilters(Object(CInlineAction), Array)
#7 /var/www/html/framework/web/CWebApplication.php(282): CController->run('list')
#8 /var/www/html/framework/web/CWebApplication.php(141): CWebApplication->runController('api/list')
#9 /var/www/html/framework/base/CApplication.php(185): CWebApplication->processRequest()
#10 /var/www/html/coalize/index.php(13): CApplication->run()
#11 {main}
REQUEST_URI=/api/clientes
---
2024/03/10 23:19:40 [error] [exception.CException] CException: Property "CWebApplication.response" is not defined. in /var/www/html/framework/base/CComponent.php:130
Stack trace:
#0 /var/www/html/framework/base/CModule.php(105): CComponent->__get('response')
#1 /var/www/html/coalize/protected/controllers/ApiController.php(364): CModule->__get('response')
#2 /var/www/html/coalize/protected/controllers/ApiController.php(29): ApiController->_checkAuth()
#3 /var/www/html/framework/web/actions/CInlineAction.php(49): ApiController->actionList()
#4 /var/www/html/framework/web/CController.php(308): CInlineAction->runWithParams(Array)
#5 /var/www/html/framework/web/CController.php(286): CController->runAction(Object(CInlineAction))
#6 /var/www/html/framework/web/CController.php(265): CController->runActionWithFilters(Object(CInlineAction), Array)
#7 /var/www/html/framework/web/CWebApplication.php(282): CController->run('list')
#8 /var/www/html/framework/web/CWebApplication.php(141): CWebApplication->runController('api/list')
#9 /var/www/html/framework/base/CApplication.php(185): CWebApplication->processRequest()
#10 /var/www/html/coalize/index.php(13): CApplication->run()
#11 {main}
REQUEST_URI=/api/clientes
---
2024/03/10 23:22:21 [error] [exception.ParseError] ParseError: syntax error, unexpected '(', expecting identifier (T_STRING) or variable (T_VARIABLE) or '{' or '$' in /var/www/html/coalize/protected/controllers/ApiController.php:364
Stack trace:
#0 /var/www/html/framework/web/CWebApplication.php(276): CWebApplication->createController('list/')
#1 /var/www/html/framework/web/CWebApplication.php(141): CWebApplication->runController('api/list')
#2 /var/www/html/framework/base/CApplication.php(185): CWebApplication->processRequest()
#3 /var/www/html/coalize/index.php(13): CApplication->run()
#4 {main}
REQUEST_URI=/api/clientes
---
2024/03/10 23:22:52 [error] [exception.ParseError] ParseError: syntax error, unexpected '(', expecting identifier (T_STRING) or variable (T_VARIABLE) or '{' or '$' in /var/www/html/coalize/protected/controllers/ApiController.php:364
Stack trace:
#0 /var/www/html/framework/web/CWebApplication.php(276): CWebApplication->createController('list/')
#1 /var/www/html/framework/web/CWebApplication.php(141): CWebApplication->runController('api/list')
#2 /var/www/html/framework/base/CApplication.php(185): CWebApplication->processRequest()
#3 /var/www/html/coalize/index.php(13): CApplication->run()
#4 {main}
REQUEST_URI=/api/clientes
---
2024/03/10 23:23:06 [error] [exception.CException] CException: Property "CWebApplication.response" is not defined. in /var/www/html/framework/base/CComponent.php:130
Stack trace:
#0 /var/www/html/framework/base/CModule.php(105): CComponent->__get('response')
#1 /var/www/html/coalize/protected/controllers/ApiController.php(364): CModule->__get('response')
#2 /var/www/html/coalize/protected/controllers/ApiController.php(29): ApiController->_checkAuth()
#3 /var/www/html/framework/web/actions/CInlineAction.php(49): ApiController->actionList()
#4 /var/www/html/framework/web/CController.php(308): CInlineAction->runWithParams(Array)
#5 /var/www/html/framework/web/CController.php(286): CController->runAction(Object(CInlineAction))
#6 /var/www/html/framework/web/CController.php(265): CController->runActionWithFilters(Object(CInlineAction), Array)
#7 /var/www/html/framework/web/CWebApplication.php(282): CController->run('list')
#8 /var/www/html/framework/web/CWebApplication.php(141): CWebApplication->runController('api/list')
#9 /var/www/html/framework/base/CApplication.php(185): CWebApplication->processRequest()
#10 /var/www/html/coalize/index.php(13): CApplication->run()
#11 {main}
REQUEST_URI=/api/clientes
---
2024/03/10 23:23:20 [error] [exception.CException] CException: Property "CWebApplication.response" is not defined. in /var/www/html/framework/base/CComponent.php:130
Stack trace:
#0 /var/www/html/framework/base/CModule.php(105): CComponent->__get('response')
#1 /var/www/html/coalize/protected/controllers/ApiController.php(364): CModule->__get('response')
#2 /var/www/html/coalize/protected/controllers/ApiController.php(29): ApiController->_checkAuth()
#3 /var/www/html/framework/web/actions/CInlineAction.php(49): ApiController->actionList()
#4 /var/www/html/framework/web/CController.php(308): CInlineAction->runWithParams(Array)
#5 /var/www/html/framework/web/CController.php(286): CController->runAction(Object(CInlineAction))
#6 /var/www/html/framework/web/CController.php(265): CController->runActionWithFilters(Object(CInlineAction), Array)
#7 /var/www/html/framework/web/CWebApplication.php(282): CController->run('list')
#8 /var/www/html/framework/web/CWebApplication.php(141): CWebApplication->runController('api/list')
#9 /var/www/html/framework/base/CApplication.php(185): CWebApplication->processRequest()
#10 /var/www/html/coalize/index.php(13): CApplication->run()
#11 {main}
REQUEST_URI=/api/clientes
---
2024/03/10 23:23:48 [error] [exception.CException] CException: Property "CWebApplication.response" is not defined. in /var/www/html/framework/base/CComponent.php:130
Stack trace:
#0 /var/www/html/framework/base/CModule.php(105): CComponent->__get('response')
#1 /var/www/html/coalize/protected/controllers/ApiController.php(364): CModule->__get('response')
#2 /var/www/html/coalize/protected/controllers/ApiController.php(29): ApiController->_checkAuth()
#3 /var/www/html/framework/web/actions/CInlineAction.php(49): ApiController->actionList()
#4 /var/www/html/framework/web/CController.php(308): CInlineAction->runWithParams(Array)
#5 /var/www/html/framework/web/CController.php(286): CController->runAction(Object(CInlineAction))
#6 /var/www/html/framework/web/CController.php(265): CController->runActionWithFilters(Object(CInlineAction), Array)
#7 /var/www/html/framework/web/CWebApplication.php(282): CController->run('list')
#8 /var/www/html/framework/web/CWebApplication.php(141): CWebApplication->runController('api/list')
#9 /var/www/html/framework/base/CApplication.php(185): CWebApplication->processRequest()
#10 /var/www/html/coalize/index.php(13): CApplication->run()
#11 {main}
REQUEST_URI=/api/clientes
---
2024/03/10 23:25:08 [error] [exception.CException] CException: Property "CWebApplication.response" is not defined. in /var/www/html/framework/base/CComponent.php:130
Stack trace:
#0 /var/www/html/framework/base/CModule.php(105): CComponent->__get('response')
#1 /var/www/html/coalize/protected/controllers/ApiController.php(364): CModule->__get('response')
#2 /var/www/html/coalize/protected/controllers/ApiController.php(29): ApiController->_checkAuth()
#3 /var/www/html/framework/web/actions/CInlineAction.php(49): ApiController->actionList()
#4 /var/www/html/framework/web/CController.php(308): CInlineAction->runWithParams(Array)
#5 /var/www/html/framework/web/CController.php(286): CController->runAction(Object(CInlineAction))
#6 /var/www/html/framework/web/CController.php(265): CController->runActionWithFilters(Object(CInlineAction), Array)
#7 /var/www/html/framework/web/CWebApplication.php(282): CController->run('list')
#8 /var/www/html/framework/web/CWebApplication.php(141): CWebApplication->runController('api/list')
#9 /var/www/html/framework/base/CApplication.php(185): CWebApplication->processRequest()
#10 /var/www/html/coalize/index.php(13): CApplication->run()
#11 {main}
REQUEST_URI=/api/clientes
---
2024/03/10 23:25:32 [error] [exception.CException] CException: Property "CWebApplication.response" is not defined. in /var/www/html/framework/base/CComponent.php:130
Stack trace:
#0 /var/www/html/framework/base/CModule.php(105): CComponent->__get('response')
#1 /var/www/html/coalize/protected/controllers/ApiController.php(364): CModule->__get('response')
#2 /var/www/html/coalize/protected/controllers/ApiController.php(29): ApiController->_checkAuth()
#3 /var/www/html/framework/web/actions/CInlineAction.php(49): ApiController->actionList()
#4 /var/www/html/framework/web/CController.php(308): CInlineAction->runWithParams(Array)
#5 /var/www/html/framework/web/CController.php(286): CController->runAction(Object(CInlineAction))
#6 /var/www/html/framework/web/CController.php(265): CController->runActionWithFilters(Object(CInlineAction), Array)
#7 /var/www/html/framework/web/CWebApplication.php(282): CController->run('list')
#8 /var/www/html/framework/web/CWebApplication.php(141): CWebApplication->runController('api/list')
#9 /var/www/html/framework/base/CApplication.php(185): CWebApplication->processRequest()
#10 /var/www/html/coalize/index.php(13): CApplication->run()
#11 {main}
REQUEST_URI=/api/clientes
---
2024/03/10 23:25:41 [error] [exception.Error] Error: Function name must be a string in /var/www/html/coalize/protected/controllers/ApiController.php:364
Stack trace:
#0 /var/www/html/coalize/protected/controllers/ApiController.php(29): ApiController->_checkAuth()
#1 /var/www/html/framework/web/actions/CInlineAction.php(49): ApiController->actionList()
#2 /var/www/html/framework/web/CController.php(308): CInlineAction->runWithParams(Array)
#3 /var/www/html/framework/web/CController.php(286): CController->runAction(Object(CInlineAction))
#4 /var/www/html/framework/web/CController.php(265): CController->runActionWithFilters(Object(CInlineAction), Array)
#5 /var/www/html/framework/web/CWebApplication.php(282): CController->run('list')
#6 /var/www/html/framework/web/CWebApplication.php(141): CWebApplication->runController('api/list')
#7 /var/www/html/framework/base/CApplication.php(185): CWebApplication->processRequest()
#8 /var/www/html/coalize/index.php(13): CApplication->run()
#9 {main}
REQUEST_URI=/api/clientes
---
2024/03/10 23:30:21 [error] [exception.CException] CException: Property "CWebApplication.response" is not defined. in /var/www/html/framework/base/CComponent.php:130
Stack trace:
#0 /var/www/html/framework/base/CModule.php(105): CComponent->__get('response')
#1 /var/www/html/coalize/protected/controllers/ApiController.php(364): CModule->__get('response')
#2 /var/www/html/coalize/protected/controllers/ApiController.php(29): ApiController->_checkAuth()
#3 /var/www/html/framework/web/actions/CInlineAction.php(49): ApiController->actionList()
#4 /var/www/html/framework/web/CController.php(308): CInlineAction->runWithParams(Array)
#5 /var/www/html/framework/web/CController.php(286): CController->runAction(Object(CInlineAction))
#6 /var/www/html/framework/web/CController.php(265): CController->runActionWithFilters(Object(CInlineAction), Array)
#7 /var/www/html/framework/web/CWebApplication.php(282): CController->run('list')
#8 /var/www/html/framework/web/CWebApplication.php(141): CWebApplication->runController('api/list')
#9 /var/www/html/framework/base/CApplication.php(185): CWebApplication->processRequest()
#10 /var/www/html/coalize/index.php(13): CApplication->run()
#11 {main}
REQUEST_URI=/api/clientes
---
2024/03/10 23:30:51 [error] [exception.CException] CException: Property "CWebApplication.httpclient" is not defined. in /var/www/html/framework/base/CComponent.php:130
Stack trace:
#0 /var/www/html/framework/base/CModule.php(105): CComponent->__get('httpclient')
#1 /var/www/html/coalize/protected/controllers/ApiController.php(364): CModule->__get('httpclient')
#2 /var/www/html/coalize/protected/controllers/ApiController.php(29): ApiController->_checkAuth()
#3 /var/www/html/framework/web/actions/CInlineAction.php(49): ApiController->actionList()
#4 /var/www/html/framework/web/CController.php(308): CInlineAction->runWithParams(Array)
#5 /var/www/html/framework/web/CController.php(286): CController->runAction(Object(CInlineAction))
#6 /var/www/html/framework/web/CController.php(265): CController->runActionWithFilters(Object(CInlineAction), Array)
#7 /var/www/html/framework/web/CWebApplication.php(282): CController->run('list')
#8 /var/www/html/framework/web/CWebApplication.php(141): CWebApplication->runController('api/list')
#9 /var/www/html/framework/base/CApplication.php(185): CWebApplication->processRequest()
#10 /var/www/html/coalize/index.php(13): CApplication->run()
#11 {main}
REQUEST_URI=/api/clientes
---
2024/03/11 00:06:32 [error] [php] Cannot modify header information - headers already sent by (output started at /var/www/html/coalize/protected/controllers/ApiController.php:342) (/var/www/html/coalize/protected/controllers/ApiController.php:261)
Stack trace:
#0 /var/www/html/coalize/protected/controllers/ApiController.php(261): header()
#1 /var/www/html/coalize/protected/controllers/ApiController.php(87): ApiController->_sendResponse()
#2 /var/www/html/framework/web/actions/CInlineAction.php(49): ApiController->actionList()
#3 /var/www/html/framework/web/CController.php(308): CInlineAction->runWithParams()
#4 /var/www/html/framework/web/CController.php(286): ApiController->runAction()
#5 /var/www/html/framework/web/CController.php(265): ApiController->runActionWithFilters()
#6 /var/www/html/framework/web/CWebApplication.php(282): ApiController->run()
#7 /var/www/html/framework/web/CWebApplication.php(141): CWebApplication->runController()
#8 /var/www/html/framework/base/CApplication.php(185): CWebApplication->processRequest()
#9 /var/www/html/coalize/index.php(13): CWebApplication->run()
REQUEST_URI=/api/clientes
in /var/www/html/coalize/protected/controllers/ApiController.php (261)
in /var/www/html/coalize/protected/controllers/ApiController.php (87)
in /var/www/html/coalize/index.php (13)
2024/03/11 00:07:31 [error] [php] Cannot modify header information - headers already sent by (output started at /var/www/html/coalize/protected/controllers/ApiController.php:342) (/var/www/html/coalize/protected/controllers/ApiController.php:261)
Stack trace:
#0 /var/www/html/coalize/protected/controllers/ApiController.php(261): header()
#1 /var/www/html/coalize/protected/controllers/ApiController.php(87): ApiController->_sendResponse()
#2 /var/www/html/framework/web/actions/CInlineAction.php(49): ApiController->actionList()
#3 /var/www/html/framework/web/CController.php(308): CInlineAction->runWithParams()
#4 /var/www/html/framework/web/CController.php(286): ApiController->runAction()
#5 /var/www/html/framework/web/CController.php(265): ApiController->runActionWithFilters()
#6 /var/www/html/framework/web/CWebApplication.php(282): ApiController->run()
#7 /var/www/html/framework/web/CWebApplication.php(141): CWebApplication->runController()
#8 /var/www/html/framework/base/CApplication.php(185): CWebApplication->processRequest()
#9 /var/www/html/coalize/index.php(13): CWebApplication->run()
REQUEST_URI=/api/clientes
in /var/www/html/coalize/protected/controllers/ApiController.php (261)
in /var/www/html/coalize/protected/controllers/ApiController.php (87)
in /var/www/html/coalize/index.php (13)
2024/03/11 09:23:55 [error] [php] include(user.php): failed to open stream: No such file or directory (/var/www/html/framework/YiiBase.php:463)
Stack trace:
#0 /var/www/html/framework/YiiBase.php(463): include()
#1 unknown(0): autoload()
#2 /var/www/html/coalize/protected/commands/UserCommand.php(9): spl_autoload_call()
#3 unknown(0): UserCommand->actionIndex()
#4 /var/www/html/framework/console/CConsoleCommand.php(177): ReflectionMethod->invokeArgs()
#5 /var/www/html/framework/console/CConsoleCommandRunner.php(71): UserCommand->run()
#6 /var/www/html/framework/console/CConsoleApplication.php(92): CConsoleCommandRunner->run()
#7 /var/www/html/framework/base/CApplication.php(185): CConsoleApplication->processRequest()
#8 /var/www/html/framework/yiic.php(33): CConsoleApplication->run()
#9 /var/www/html/coalize/protected/yiic.php(7): require_once()
#10 /var/www/html/coalize/protected/yiic(4): require_once()

2024/03/11 09:25:27 [error] [php] include(user.php): failed to open stream: No such file or directory (/var/www/html/framework/YiiBase.php:463)
Stack trace:
#0 /var/www/html/framework/YiiBase.php(463): include()
#1 unknown(0): autoload()
#2 /var/www/html/coalize/protected/commands/UserCommand.php(9): spl_autoload_call()
#3 unknown(0): UserCommand->actionIndex()
#4 /var/www/html/framework/console/CConsoleCommand.php(177): ReflectionMethod->invokeArgs()
#5 /var/www/html/framework/console/CConsoleCommandRunner.php(71): UserCommand->run()
#6 /var/www/html/framework/console/CConsoleApplication.php(92): CConsoleCommandRunner->run()
#7 /var/www/html/framework/base/CApplication.php(185): CConsoleApplication->processRequest()
#8 /var/www/html/framework/yiic.php(33): CConsoleApplication->run()
#9 /var/www/html/coalize/protected/yiic.php(7): require_once()
#10 /var/www/html/coalize/protected/yiic(4): require_once()

2024/03/11 09:50:49 [error] [exception.ParseError] ParseError: syntax error, unexpected 'User' (T_STRING) in /var/www/html/coalize/protected/commands/UserCommand.php:6
Stack trace:
#0 /var/www/html/framework/console/CConsoleCommandRunner.php(67): CConsoleCommandRunner->createCommand('user')
#1 /var/www/html/framework/console/CConsoleApplication.php(92): CConsoleCommandRunner->run(Array)
#2 /var/www/html/framework/base/CApplication.php(185): CConsoleApplication->processRequest()
#3 /var/www/html/framework/yiic.php(33): CApplication->run()
#4 /var/www/html/coalize/protected/yiic.php(7): require_once('/var/www/html/f...')
#5 /var/www/html/coalize/protected/yiic(4): require_once('/var/www/html/c...')
#6 {main}
---
2024/03/11 09:51:14 [error] [exception.Error] Error: Call to undefined function User() in /var/www/html/coalize/protected/commands/UserCommand.php:6
Stack trace:
#0 [internal function]: UserCommand->actionIndex('username', 'password', 'email@mail.com')
#1 /var/www/html/framework/console/CConsoleCommand.php(177): ReflectionMethod->invokeArgs(Object(UserCommand), Array)
#2 /var/www/html/framework/console/CConsoleCommandRunner.php(71): CConsoleCommand->run(Array)
#3 /var/www/html/framework/console/CConsoleApplication.php(92): CConsoleCommandRunner->run(Array)
#4 /var/www/html/framework/base/CApplication.php(185): CConsoleApplication->processRequest()
#5 /var/www/html/framework/yiic.php(33): CApplication->run()
#6 /var/www/html/coalize/protected/yiic.php(7): require_once('/var/www/html/f...')
#7 /var/www/html/coalize/protected/yiic(4): require_once('/var/www/html/c...')
#8 {main}
---
2024/03/11 10:06:26 [error] [php] include(user.php): failed to open stream: No such file or directory (/var/www/html/framework/YiiBase.php:463)
Stack trace:
#0 /var/www/html/framework/YiiBase.php(463): include()
#1 unknown(0): autoload()
#2 /var/www/html/coalize/protected/commands/UserCommand.php(6): spl_autoload_call()
#3 unknown(0): UserCommand->actionIndex()
#4 /var/www/html/framework/console/CConsoleCommand.php(177): ReflectionMethod->invokeArgs()
#5 /var/www/html/framework/console/CConsoleCommandRunner.php(71): UserCommand->run()
#6 /var/www/html/framework/console/CConsoleApplication.php(92): CConsoleCommandRunner->run()
#7 /var/www/html/framework/base/CApplication.php(185): CConsoleApplication->processRequest()
#8 /var/www/html/framework/yiic.php(33): CConsoleApplication->run()
#9 /var/www/html/coalize/protected/yiic.php(7): require_once()
#10 /var/www/html/coalize/protected/yiic(4): require_once()

2024/03/11 10:07:01 [error] [php] include(user.php): failed to open stream: No such file or directory (/var/www/html/framework/YiiBase.php:463)
Stack trace:
#0 /var/www/html/framework/YiiBase.php(463): include()
#1 unknown(0): autoload()
#2 /var/www/html/coalize/protected/commands/UserCommand.php(6): spl_autoload_call()
#3 unknown(0): UserCommand->actionIndex()
#4 /var/www/html/framework/console/CConsoleCommand.php(177): ReflectionMethod->invokeArgs()
#5 /var/www/html/framework/console/CConsoleCommandRunner.php(71): UserCommand->run()
#6 /var/www/html/framework/console/CConsoleApplication.php(92): CConsoleCommandRunner->run()
#7 /var/www/html/framework/base/CApplication.php(185): CConsoleApplication->processRequest()
#8 /var/www/html/framework/yiic.php(33): CConsoleApplication->run()
#9 /var/www/html/coalize/protected/yiic.php(7): require_once()
#10 /var/www/html/coalize/protected/yiic(4): require_once()

2024/03/11 10:08:18 [error] [php] include(user.php): failed to open stream: No such file or directory (/var/www/html/framework/YiiBase.php:463)
Stack trace:
#0 /var/www/html/framework/YiiBase.php(463): include()
#1 unknown(0): autoload()
#2 /var/www/html/coalize/protected/commands/UserCommand.php(6): spl_autoload_call()
#3 unknown(0): UserCommand->actionIndex()
#4 /var/www/html/framework/console/CConsoleCommand.php(177): ReflectionMethod->invokeArgs()
#5 /var/www/html/framework/console/CConsoleCommandRunner.php(71): UserCommand->run()
#6 /var/www/html/framework/console/CConsoleApplication.php(92): CConsoleCommandRunner->run()
#7 /var/www/html/framework/base/CApplication.php(185): CConsoleApplication->processRequest()
#8 /var/www/html/framework/yiic.php(33): CConsoleApplication->run()
#9 /var/www/html/coalize/protected/yiic.php(7): require_once()
#10 /var/www/html/coalize/protected/yiic(4): require_once()

2024/03/11 10:10:11 [error] [php] include(user.php): failed to open stream: No such file or directory (/var/www/html/framework/YiiBase.php:463)
Stack trace:
#0 /var/www/html/framework/YiiBase.php(463): include()
#1 unknown(0): autoload()
#2 /var/www/html/coalize/protected/commands/UserCommand.php(6): spl_autoload_call()
#3 unknown(0): UserCommand->actionIndex()
#4 /var/www/html/framework/console/CConsoleCommand.php(177): ReflectionMethod->invokeArgs()
#5 /var/www/html/framework/console/CConsoleCommandRunner.php(71): UserCommand->run()
#6 /var/www/html/framework/console/CConsoleApplication.php(92): CConsoleCommandRunner->run()
#7 /var/www/html/framework/base/CApplication.php(185): CConsoleApplication->processRequest()
#8 /var/www/html/framework/yiic.php(33): CConsoleApplication->run()
#9 /var/www/html/coalize/protected/yiic.php(7): require_once()
#10 /var/www/html/coalize/protected/yiic(4): require_once()

2024/03/11 10:11:18 [error] [php] include(User.php): failed to open stream: No such file or directory (/var/www/html/framework/YiiBase.php:463)
Stack trace:
#0 /var/www/html/framework/YiiBase.php(463): include()
#1 unknown(0): autoload()
#2 /var/www/html/coalize/protected/commands/UserCommand.php(6): spl_autoload_call()
#3 unknown(0): UserCommand->actionIndex()
#4 /var/www/html/framework/console/CConsoleCommand.php(177): ReflectionMethod->invokeArgs()
#5 /var/www/html/framework/console/CConsoleCommandRunner.php(71): UserCommand->run()
#6 /var/www/html/framework/console/CConsoleApplication.php(92): CConsoleCommandRunner->run()
#7 /var/www/html/framework/base/CApplication.php(185): CConsoleApplication->processRequest()
#8 /var/www/html/framework/yiic.php(33): CConsoleApplication->run()
#9 /var/www/html/coalize/protected/yiic.php(7): require_once()
#10 /var/www/html/coalize/protected/yiic(4): require_once()

2024/03/11 10:13:55 [error] [php] include(User.php): failed to open stream: No such file or directory (/var/www/html/framework/YiiBase.php:463)
Stack trace:
#0 /var/www/html/framework/YiiBase.php(463): include()
#1 unknown(0): autoload()
#2 /var/www/html/coalize/protected/commands/CreateUserCommand.php(6): spl_autoload_call()
#3 unknown(0): CreateUserCommand->actionIndex()
#4 /var/www/html/framework/console/CConsoleCommand.php(177): ReflectionMethod->invokeArgs()
#5 /var/www/html/framework/console/CConsoleCommandRunner.php(71): CreateUserCommand->run()
#6 /var/www/html/framework/console/CConsoleApplication.php(92): CConsoleCommandRunner->run()
#7 /var/www/html/framework/base/CApplication.php(185): CConsoleApplication->processRequest()
#8 /var/www/html/framework/yiic.php(33): CConsoleApplication->run()
#9 /var/www/html/coalize/protected/yiic.php(7): require_once()
#10 /var/www/html/coalize/protected/yiic(4): require_once()

2024/03/11 10:14:54 [error] [php] include(User.php): failed to open stream: No such file or directory (/var/www/html/framework/YiiBase.php:463)
Stack trace:
#0 /var/www/html/framework/YiiBase.php(463): include()
#1 unknown(0): autoload()
#2 /var/www/html/coalize/protected/commands/CreateUserCommand.php(6): spl_autoload_call()
#3 unknown(0): CreateUserCommand->actionIndex()
#4 /var/www/html/framework/console/CConsoleCommand.php(177): ReflectionMethod->invokeArgs()
#5 /var/www/html/framework/console/CConsoleCommandRunner.php(71): CreateUserCommand->run()
#6 /var/www/html/framework/console/CConsoleApplication.php(92): CConsoleCommandRunner->run()
#7 /var/www/html/framework/base/CApplication.php(185): CConsoleApplication->processRequest()
#8 /var/www/html/framework/yiic.php(33): CConsoleApplication->run()
#9 /var/www/html/coalize/protected/yiic.php(7): require_once()
#10 /var/www/html/coalize/protected/yiic(4): require_once()

2024/03/11 10:23:21 [error] [php] include(User.php): failed to open stream: No such file or directory (/var/www/html/framework/YiiBase.php:463)
Stack trace:
#0 /var/www/html/framework/YiiBase.php(463): include()
#1 unknown(0): autoload()
#2 /var/www/html/coalize/protected/commands/CreateUserCommand.php(15): spl_autoload_call()
#3 /var/www/html/framework/console/CConsoleCommandRunner.php(71): CreateUserCommand->run()
#4 /var/www/html/framework/console/CConsoleApplication.php(92): CConsoleCommandRunner->run()
#5 /var/www/html/framework/base/CApplication.php(185): CConsoleApplication->processRequest()
#6 /var/www/html/framework/yiic.php(33): CConsoleApplication->run()
#7 /var/www/html/coalize/protected/yiic.php(7): require_once()
#8 /var/www/html/coalize/protected/yiic(4): require_once()

2024/03/11 10:38:13 [error] [php] include(/var/www/html/framework/security/CPasswordHelper.php): failed to open stream: No such file or directory (/var/www/html/framework/YiiBase.php:435)
Stack trace:
#0 /var/www/html/framework/YiiBase.php(435): include()
#1 unknown(0): autoload()
#2 /var/www/html/coalize/protected/commands/CreateUserCommand.php(20): spl_autoload_call()
#3 /var/www/html/framework/console/CConsoleCommandRunner.php(71): CreateUserCommand->run()
#4 /var/www/html/framework/console/CConsoleApplication.php(92): CConsoleCommandRunner->run()
#5 /var/www/html/framework/base/CApplication.php(185): CConsoleApplication->processRequest()
#6 /var/www/html/framework/yiic.php(33): CConsoleApplication->run()
#7 /var/www/html/coalize/protected/yiic.php(7): require_once()
#8 /var/www/html/coalize/protected/yiic(4): require_once()

2024/03/11 10:46:39 [error] [exception.CException] CException: Property "CConsoleApplication.user" is not defined. in /var/www/html/framework/base/CComponent.php:130
Stack trace:
#0 /var/www/html/framework/base/CModule.php(105): CComponent->__get('user')
#1 /var/www/html/coalize/protected/commands/CreateUserCommand.php(20): CModule->__get('user')
#2 /var/www/html/framework/console/CConsoleCommandRunner.php(71): CreateUserCommand->run(Array)
#3 /var/www/html/framework/console/CConsoleApplication.php(92): CConsoleCommandRunner->run(Array)
#4 /var/www/html/framework/base/CApplication.php(185): CConsoleApplication->processRequest()
#5 /var/www/html/framework/yiic.php(33): CApplication->run()
#6 /var/www/html/coalize/protected/yiic.php(7): require_once('/var/www/html/f...')
#7 /var/www/html/coalize/protected/yiic(4): require_once('/var/www/html/c...')
#8 {main}
---
2024/03/11 11:12:16 [error] [system.db.CDbCommand] CDbCommand::fetchAll() failed: SQLSTATE[42S02]: Base table or view not found: 1146 Table 'coalize.tbl_migration' doesn't exist. The SQL statement executed was: SHOW FULL COLUMNS FROM `tbl_migration`.
2024/03/11 11:13:54 [error] [system.db.CDbCommand] CDbCommand::fetchAll() failed: SQLSTATE[42S02]: Base table or view not found: 1146 Table 'coalize.tbl_migration' doesn't exist. The SQL statement executed was: SHOW FULL COLUMNS FROM `tbl_migration`.
2024/03/11 11:16:09 [error] [system.db.CDbCommand] CDbCommand::fetchAll() failed: SQLSTATE[42S02]: Base table or view not found: 1146 Table 'coalize.tbl_migration' doesn't exist. The SQL statement executed was: SHOW FULL COLUMNS FROM `tbl_migration`.
2024/03/11 11:17:35 [error] [system.db.CDbCommand] CDbCommand::fetchAll() failed: SQLSTATE[42S02]: Base table or view not found: 1146 Table 'coalize.tbl_migration' doesn't exist. The SQL statement executed was: SHOW FULL COLUMNS FROM `tbl_migration`.
2024/03/11 11:23:38 [error] [php] Cannot modify header information - headers already sent by (output started at /var/www/html/coalize/protected/controllers/ApiController.php:371) (/var/www/html/coalize/protected/controllers/ApiController.php:273)
Stack trace:
#0 /var/www/html/coalize/protected/controllers/ApiController.php(273): header()
#1 /var/www/html/coalize/protected/controllers/ApiController.php(373): ApiController->_sendResponse()
#2 /var/www/html/coalize/protected/controllers/ApiController.php(94): ApiController->_checkAuth()
#3 /var/www/html/framework/web/actions/CInlineAction.php(49): ApiController->actionView()
#4 /var/www/html/framework/web/CController.php(308): CInlineAction->runWithParams()
#5 /var/www/html/framework/web/CController.php(286): ApiController->runAction()
#6 /var/www/html/framework/web/CController.php(265): ApiController->runActionWithFilters()
#7 /var/www/html/framework/web/CWebApplication.php(282): ApiController->run()
#8 /var/www/html/framework/web/CWebApplication.php(141): CWebApplication->runController()
#9 /var/www/html/framework/base/CApplication.php(185): CWebApplication->processRequest()
#10 /var/www/html/coalize/index.php(13): CWebApplication->run()
REQUEST_URI=/api/produto/2
in /var/www/html/coalize/protected/controllers/ApiController.php (273)
in /var/www/html/coalize/protected/controllers/ApiController.php (373)
in /var/www/html/coalize/protected/controllers/ApiController.php (94)
2024/03/11 11:26:25 [error] [system.db.CDbCommand] CDbCommand::fetchAll() failed: SQLSTATE[42S02]: Base table or view not found: 1146 Table 'coalize.tbl_migration' doesn't exist. The SQL statement executed was: SHOW FULL COLUMNS FROM `tbl_migration`.
2024/03/11 11:30:14 [error] [system.db.CDbCommand] CDbCommand::fetchAll() failed: SQLSTATE[42S02]: Base table or view not found: 1146 Table 'coalize.tbl_migration' doesn't exist. The SQL statement executed was: SHOW FULL COLUMNS FROM `tbl_migration`.
2024/03/11 11:32:22 [error] [php] Cannot modify header information - headers already sent by (output started at /var/www/html/coalize/protected/controllers/ApiController.php:371) (/var/www/html/coalize/protected/controllers/ApiController.php:273)
Stack trace:
#0 /var/www/html/coalize/protected/controllers/ApiController.php(273): header()
#1 /var/www/html/coalize/protected/controllers/ApiController.php(373): ApiController->_sendResponse()
#2 /var/www/html/coalize/protected/controllers/ApiController.php(29): ApiController->_checkAuth()
#3 /var/www/html/framework/web/actions/CInlineAction.php(49): ApiController->actionList()
#4 /var/www/html/framework/web/CController.php(308): CInlineAction->runWithParams()
#5 /var/www/html/framework/web/CController.php(286): ApiController->runAction()
#6 /var/www/html/framework/web/CController.php(265): ApiController->runActionWithFilters()
#7 /var/www/html/framework/web/CWebApplication.php(282): ApiController->run()
#8 /var/www/html/framework/web/CWebApplication.php(141): CWebApplication->runController()
#9 /var/www/html/framework/base/CApplication.php(185): CWebApplication->processRequest()
#10 /var/www/html/coalize/index.php(13): CWebApplication->run()
REQUEST_URI=/api/produtos
in /var/www/html/coalize/protected/controllers/ApiController.php (273)
in /var/www/html/coalize/protected/controllers/ApiController.php (373)
in /var/www/html/coalize/protected/controllers/ApiController.php (29)
2024/03/11 11:33:02 [error] [php] Cannot modify header information - headers already sent by (output started at /var/www/html/coalize/protected/controllers/ApiController.php:371) (/var/www/html/coalize/protected/controllers/ApiController.php:273)
Stack trace:
#0 /var/www/html/coalize/protected/controllers/ApiController.php(273): header()
#1 /var/www/html/coalize/protected/controllers/ApiController.php(373): ApiController->_sendResponse()
#2 /var/www/html/coalize/protected/controllers/ApiController.php(29): ApiController->_checkAuth()
#3 /var/www/html/framework/web/actions/CInlineAction.php(49): ApiController->actionList()
#4 /var/www/html/framework/web/CController.php(308): CInlineAction->runWithParams()
#5 /var/www/html/framework/web/CController.php(286): ApiController->runAction()
#6 /var/www/html/framework/web/CController.php(265): ApiController->runActionWithFilters()
#7 /var/www/html/framework/web/CWebApplication.php(282): ApiController->run()
#8 /var/www/html/framework/web/CWebApplication.php(141): CWebApplication->runController()
#9 /var/www/html/framework/base/CApplication.php(185): CWebApplication->processRequest()
#10 /var/www/html/coalize/index.php(13): CWebApplication->run()
REQUEST_URI=/api/produtos
in /var/www/html/coalize/protected/controllers/ApiController.php (273)
in /var/www/html/coalize/protected/controllers/ApiController.php (373)
in /var/www/html/coalize/protected/controllers/ApiController.php (29)
2024/03/11 11:33:06 [error] [php] Cannot modify header information - headers already sent by (output started at /var/www/html/coalize/protected/controllers/ApiController.php:371) (/var/www/html/coalize/protected/controllers/ApiController.php:273)
Stack trace:
#0 /var/www/html/coalize/protected/controllers/ApiController.php(273): header()
#1 /var/www/html/coalize/protected/controllers/ApiController.php(373): ApiController->_sendResponse()
#2 /var/www/html/coalize/protected/controllers/ApiController.php(29): ApiController->_checkAuth()
#3 /var/www/html/framework/web/actions/CInlineAction.php(49): ApiController->actionList()
#4 /var/www/html/framework/web/CController.php(308): CInlineAction->runWithParams()
#5 /var/www/html/framework/web/CController.php(286): ApiController->runAction()
#6 /var/www/html/framework/web/CController.php(265): ApiController->runActionWithFilters()
#7 /var/www/html/framework/web/CWebApplication.php(282): ApiController->run()
#8 /var/www/html/framework/web/CWebApplication.php(141): CWebApplication->runController()
#9 /var/www/html/framework/base/CApplication.php(185): CWebApplication->processRequest()
#10 /var/www/html/coalize/index.php(13): CWebApplication->run()
REQUEST_URI=/api/produtos
in /var/www/html/coalize/protected/controllers/ApiController.php (273)
in /var/www/html/coalize/protected/controllers/ApiController.php (373)
in /var/www/html/coalize/protected/controllers/ApiController.php (29)
2024/03/11 11:38:14 [error] [exception.Error] Error: Call to a member function hashPassword() on null in /var/www/html/coalize/protected/controllers/ApiController.php:362
Stack trace:
#0 /var/www/html/coalize/protected/controllers/ApiController.php(29): ApiController->_checkAuth()
#1 /var/www/html/framework/web/actions/CInlineAction.php(49): ApiController->actionList()
#2 /var/www/html/framework/web/CController.php(308): CInlineAction->runWithParams(Array)
#3 /var/www/html/framework/web/CController.php(286): CController->runAction(Object(CInlineAction))
#4 /var/www/html/framework/web/CController.php(265): CController->runActionWithFilters(Object(CInlineAction), Array)
#5 /var/www/html/framework/web/CWebApplication.php(282): CController->run('list')
#6 /var/www/html/framework/web/CWebApplication.php(141): CWebApplication->runController('api/list')
#7 /var/www/html/framework/base/CApplication.php(185): CWebApplication->processRequest()
#8 /var/www/html/coalize/index.php(13): CApplication->run()
#9 {main}
REQUEST_URI=/api/produtos/cliente/3
---
2024/03/11 11:39:52 [error] [php] Cannot modify header information - headers already sent by (output started at /var/www/html/coalize/protected/models/User.php:69) (/var/www/html/coalize/protected/controllers/ApiController.php:273)
Stack trace:
#0 /var/www/html/coalize/protected/controllers/ApiController.php(273): header()
#1 /var/www/html/coalize/protected/controllers/ApiController.php(373): ApiController->_sendResponse()
#2 /var/www/html/coalize/protected/controllers/ApiController.php(29): ApiController->_checkAuth()
#3 /var/www/html/framework/web/actions/CInlineAction.php(49): ApiController->actionList()
#4 /var/www/html/framework/web/CController.php(308): CInlineAction->runWithParams()
#5 /var/www/html/framework/web/CController.php(286): ApiController->runAction()
#6 /var/www/html/framework/web/CController.php(265): ApiController->runActionWithFilters()
#7 /var/www/html/framework/web/CWebApplication.php(282): ApiController->run()
#8 /var/www/html/framework/web/CWebApplication.php(141): CWebApplication->runController()
#9 /var/www/html/framework/base/CApplication.php(185): CWebApplication->processRequest()
#10 /var/www/html/coalize/index.php(13): CWebApplication->run()
REQUEST_URI=/api/produtos/cliente/3
in /var/www/html/coalize/protected/controllers/ApiController.php (273)
in /var/www/html/coalize/protected/controllers/ApiController.php (373)
in /var/www/html/coalize/protected/controllers/ApiController.php (29)
2024/03/11 11:40:20 [error] [php] Cannot modify header information - headers already sent by (output started at /var/www/html/coalize/protected/models/User.php:69) (/var/www/html/coalize/protected/controllers/ApiController.php:273)
Stack trace:
#0 /var/www/html/coalize/protected/controllers/ApiController.php(273): header()
#1 /var/www/html/coalize/protected/controllers/ApiController.php(373): ApiController->_sendResponse()
#2 /var/www/html/coalize/protected/controllers/ApiController.php(29): ApiController->_checkAuth()
#3 /var/www/html/framework/web/actions/CInlineAction.php(49): ApiController->actionList()
#4 /var/www/html/framework/web/CController.php(308): CInlineAction->runWithParams()
#5 /var/www/html/framework/web/CController.php(286): ApiController->runAction()
#6 /var/www/html/framework/web/CController.php(265): ApiController->runActionWithFilters()
#7 /var/www/html/framework/web/CWebApplication.php(282): ApiController->run()
#8 /var/www/html/framework/web/CWebApplication.php(141): CWebApplication->runController()
#9 /var/www/html/framework/base/CApplication.php(185): CWebApplication->processRequest()
#10 /var/www/html/coalize/index.php(13): CWebApplication->run()
REQUEST_URI=/api/produtos/cliente/3
in /var/www/html/coalize/protected/controllers/ApiController.php (273)
in /var/www/html/coalize/protected/controllers/ApiController.php (373)
in /var/www/html/coalize/protected/controllers/ApiController.php (29)
2024/03/11 11:40:41 [error] [php] Cannot modify header information - headers already sent by (output started at /var/www/html/coalize/protected/models/User.php:69) (/var/www/html/coalize/protected/controllers/ApiController.php:273)
Stack trace:
#0 /var/www/html/coalize/protected/controllers/ApiController.php(273): header()
#1 /var/www/html/coalize/protected/controllers/ApiController.php(373): ApiController->_sendResponse()
#2 /var/www/html/coalize/protected/controllers/ApiController.php(29): ApiController->_checkAuth()
#3 /var/www/html/framework/web/actions/CInlineAction.php(49): ApiController->actionList()
#4 /var/www/html/framework/web/CController.php(308): CInlineAction->runWithParams()
#5 /var/www/html/framework/web/CController.php(286): ApiController->runAction()
#6 /var/www/html/framework/web/CController.php(265): ApiController->runActionWithFilters()
#7 /var/www/html/framework/web/CWebApplication.php(282): ApiController->run()
#8 /var/www/html/framework/web/CWebApplication.php(141): CWebApplication->runController()
#9 /var/www/html/framework/base/CApplication.php(185): CWebApplication->processRequest()
#10 /var/www/html/coalize/index.php(13): CWebApplication->run()
REQUEST_URI=/api/produtos/cliente/3
in /var/www/html/coalize/protected/controllers/ApiController.php (273)
in /var/www/html/coalize/protected/controllers/ApiController.php (373)
in /var/www/html/coalize/protected/controllers/ApiController.php (29)
2024/03/11 12:21:09 [error] [php] Cannot modify header information - headers already sent by (output started at /var/www/html/coalize/protected/controllers/ApiController.php:367) (/var/www/html/coalize/protected/controllers/ApiController.php:273)
Stack trace:
#0 /var/www/html/coalize/protected/controllers/ApiController.php(273): header()
#1 /var/www/html/coalize/protected/controllers/ApiController.php(375): ApiController->_sendResponse()
#2 /var/www/html/coalize/protected/controllers/ApiController.php(29): ApiController->_checkAuth()
#3 /var/www/html/framework/web/actions/CInlineAction.php(49): ApiController->actionList()
#4 /var/www/html/framework/web/CController.php(308): CInlineAction->runWithParams()
#5 /var/www/html/framework/web/CController.php(286): ApiController->runAction()
#6 /var/www/html/framework/web/CController.php(265): ApiController->runActionWithFilters()
#7 /var/www/html/framework/web/CWebApplication.php(282): ApiController->run()
#8 /var/www/html/framework/web/CWebApplication.php(141): CWebApplication->runController()
#9 /var/www/html/framework/base/CApplication.php(185): CWebApplication->processRequest()
#10 /var/www/html/coalize/index.php(13): CWebApplication->run()
REQUEST_URI=/api/produtos/cliente/3
in /var/www/html/coalize/protected/controllers/ApiController.php (273)
in /var/www/html/coalize/protected/controllers/ApiController.php (375)
in /var/www/html/coalize/protected/controllers/ApiController.php (29)
2024/03/11 12:21:29 [error] [php] Cannot modify header information - headers already sent by (output started at /var/www/html/coalize/protected/controllers/ApiController.php:367) (/var/www/html/coalize/protected/controllers/ApiController.php:273)
Stack trace:
#0 /var/www/html/coalize/protected/controllers/ApiController.php(273): header()
#1 /var/www/html/coalize/protected/controllers/ApiController.php(375): ApiController->_sendResponse()
#2 /var/www/html/coalize/protected/controllers/ApiController.php(29): ApiController->_checkAuth()
#3 /var/www/html/framework/web/actions/CInlineAction.php(49): ApiController->actionList()
#4 /var/www/html/framework/web/CController.php(308): CInlineAction->runWithParams()
#5 /var/www/html/framework/web/CController.php(286): ApiController->runAction()
#6 /var/www/html/framework/web/CController.php(265): ApiController->runActionWithFilters()
#7 /var/www/html/framework/web/CWebApplication.php(282): ApiController->run()
#8 /var/www/html/framework/web/CWebApplication.php(141): CWebApplication->runController()
#9 /var/www/html/framework/base/CApplication.php(185): CWebApplication->processRequest()
#10 /var/www/html/coalize/index.php(13): CWebApplication->run()
REQUEST_URI=/api/produtos/cliente/3
in /var/www/html/coalize/protected/controllers/ApiController.php (273)
in /var/www/html/coalize/protected/controllers/ApiController.php (375)
in /var/www/html/coalize/protected/controllers/ApiController.php (29)
2024/03/11 12:23:00 [error] [exception.ParseError] ParseError: syntax error, unexpected ';', expecting ',' or ')' in /var/www/html/coalize/protected/controllers/ApiController.php:362
Stack trace:
#0 /var/www/html/framework/web/CWebApplication.php(276): CWebApplication->createController('list/')
#1 /var/www/html/framework/web/CWebApplication.php(141): CWebApplication->runController('api/list')
#2 /var/www/html/framework/base/CApplication.php(185): CWebApplication->processRequest()
#3 /var/www/html/coalize/index.php(13): CApplication->run()
#4 {main}
REQUEST_URI=/api/produtos/cliente/3
---
2024/03/11 12:23:12 [error] [exception.ParseError] ParseError: syntax error, unexpected ';', expecting ',' or ')' in /var/www/html/coalize/protected/controllers/ApiController.php:362
Stack trace:
#0 /var/www/html/framework/web/CWebApplication.php(276): CWebApplication->createController('list/')
#1 /var/www/html/framework/web/CWebApplication.php(141): CWebApplication->runController('api/list')
#2 /var/www/html/framework/base/CApplication.php(185): CWebApplication->processRequest()
#3 /var/www/html/coalize/index.php(13): CApplication->run()
#4 {main}
REQUEST_URI=/api/produtos/cliente/3
---
2024/03/11 12:24:04 [error] [exception.ParseError] ParseError: syntax error, unexpected ';', expecting ',' or ')' in /var/www/html/coalize/protected/controllers/ApiController.php:362
Stack trace:
#0 /var/www/html/framework/web/CWebApplication.php(276): CWebApplication->createController('list/')
#1 /var/www/html/framework/web/CWebApplication.php(141): CWebApplication->runController('api/list')
#2 /var/www/html/framework/base/CApplication.php(185): CWebApplication->processRequest()
#3 /var/www/html/coalize/index.php(13): CApplication->run()
#4 {main}
REQUEST_URI=/api/produtos/cliente/3
---
2024/03/11 12:26:48 [error] [system.db.CDbCommand] CDbCommand::fetchAll() failed: SQLSTATE[42S02]: Base table or view not found: 1146 Table 'coalize.tbl_migration' doesn't exist. The SQL statement executed was: SHOW FULL COLUMNS FROM `tbl_migration`.
2024/03/11 12:38:37 [error] [system.db.CDbCommand] CDbCommand::fetchAll() failed: SQLSTATE[42S02]: Base table or view not found: 1146 Table 'coalize.tbl_migration' doesn't exist. The SQL statement executed was: SHOW FULL COLUMNS FROM `tbl_migration`.
2024/03/11 13:02:17 [error] [system.db.CDbCommand] CDbCommand::fetchAll() failed: SQLSTATE[42S02]: Base table or view not found: 1146 Table 'coalize.tbl_migration' doesn't exist. The SQL statement executed was: SHOW FULL COLUMNS FROM `tbl_migration`.
2024/03/11 13:08:07 [error] [exception.CHttpException.404] CHttpException: The system is unable to find the requested action "cliente". in /var/www/html/framework/web/CController.php:486
Stack trace:
#0 /var/www/html/framework/web/CController.php(270): CController->missingAction('cliente')
#1 /var/www/html/framework/web/CWebApplication.php(282): CController->run('cliente')
#2 /var/www/html/framework/web/CWebApplication.php(141): CWebApplication->runController('api/cliente')
#3 /var/www/html/framework/base/CApplication.php(185): CWebApplication->processRequest()
#4 /var/www/html/coalize/index.php(13): CApplication->run()
#5 {main}
REQUEST_URI=/api/cliente/
---
2024/03/11 13:15:44 [error] [system.db.CDbCommand] CDbCommand::fetchAll() failed: SQLSTATE[42S02]: Base table or view not found: 1146 Table 'coalize.tbl_migration' doesn't exist. The SQL statement executed was: SHOW FULL COLUMNS FROM `tbl_migration`.
2024/03/11 13:16:01 [error] [exception.CException] CException: Property "CWebUser.token" is not defined. in /var/www/html/framework/base/CComponent.php:130
Stack trace:
#0 /var/www/html/framework/web/auth/CWebUser.php(146): CComponent->__get('token')
#1 /var/www/html/coalize/protected/controllers/ApiController.php(353): CWebUser->__get('token')
#2 /var/www/html/coalize/protected/controllers/ApiController.php(29): ApiController->_checkAuth()
#3 /var/www/html/framework/web/actions/CInlineAction.php(49): ApiController->actionList()
#4 /var/www/html/framework/web/CController.php(308): CInlineAction->runWithParams(Array)
#5 /var/www/html/framework/web/CController.php(286): CController->runAction(Object(CInlineAction))
#6 /var/www/html/framework/web/CController.php(265): CController->runActionWithFilters(Object(CInlineAction), Array)
#7 /var/www/html/framework/web/CWebApplication.php(282): CController->run('list')
#8 /var/www/html/framework/web/CWebApplication.php(141): CWebApplication->runController('api/list')
#9 /var/www/html/framework/base/CApplication.php(185): CWebApplication->processRequest()
#10 /var/www/html/coalize/index.php(13): CApplication->run()
#11 {main}
REQUEST_URI=/api/produtos
---
2024/03/11 13:17:42 [error] [exception.CException] CException: Property "CWebUser.token" is not defined. in /var/www/html/framework/base/CComponent.php:130
Stack trace:
#0 /var/www/html/framework/web/auth/CWebUser.php(146): CComponent->__get('token')
#1 /var/www/html/coalize/protected/controllers/ApiController.php(353): CWebUser->__get('token')
#2 /var/www/html/coalize/protected/controllers/ApiController.php(29): ApiController->_checkAuth()
#3 /var/www/html/framework/web/actions/CInlineAction.php(49): ApiController->actionList()
#4 /var/www/html/framework/web/CController.php(308): CInlineAction->runWithParams(Array)
#5 /var/www/html/framework/web/CController.php(286): CController->runAction(Object(CInlineAction))
#6 /var/www/html/framework/web/CController.php(265): CController->runActionWithFilters(Object(CInlineAction), Array)
#7 /var/www/html/framework/web/CWebApplication.php(282): CController->run('list')
#8 /var/www/html/framework/web/CWebApplication.php(141): CWebApplication->runController('api/list')
#9 /var/www/html/framework/base/CApplication.php(185): CWebApplication->processRequest()
#10 /var/www/html/coalize/index.php(13): CApplication->run()
#11 {main}
REQUEST_URI=/api/produtos
---
2024/03/11 13:19:19 [error] [exception.ParseError] ParseError: syntax error, unexpected ')' in /var/www/html/coalize/protected/controllers/ApiController.php:355
Stack trace:
#0 /var/www/html/framework/web/CWebApplication.php(276): CWebApplication->createController('list/')
#1 /var/www/html/framework/web/CWebApplication.php(141): CWebApplication->runController('api/list')
#2 /var/www/html/framework/base/CApplication.php(185): CWebApplication->processRequest()
#3 /var/www/html/coalize/index.php(13): CApplication->run()
#4 {main}
REQUEST_URI=/api/produtos
---
2024/03/11 13:19:25 [error] [exception.CException] CException: Property "CWebUser.token" is not defined. in /var/www/html/framework/base/CComponent.php:130
Stack trace:
#0 /var/www/html/framework/web/auth/CWebUser.php(146): CComponent->__get('token')
#1 /var/www/html/coalize/protected/controllers/ApiController.php(354): CWebUser->__get('token')
#2 /var/www/html/coalize/protected/controllers/ApiController.php(29): ApiController->_checkAuth()
#3 /var/www/html/framework/web/actions/CInlineAction.php(49): ApiController->actionList()
#4 /var/www/html/framework/web/CController.php(308): CInlineAction->runWithParams(Array)
#5 /var/www/html/framework/web/CController.php(286): CController->runAction(Object(CInlineAction))
#6 /var/www/html/framework/web/CController.php(265): CController->runActionWithFilters(Object(CInlineAction), Array)
#7 /var/www/html/framework/web/CWebApplication.php(282): CController->run('list')
#8 /var/www/html/framework/web/CWebApplication.php(141): CWebApplication->runController('api/list')
#9 /var/www/html/framework/base/CApplication.php(185): CWebApplication->processRequest()
#10 /var/www/html/coalize/index.php(13): CApplication->run()
#11 {main}
REQUEST_URI=/api/produtos
---
2024/03/11 13:19:46 [error] [exception.CException] CException: Property "CWebUser.token" is not defined. in /var/www/html/framework/base/CComponent.php:130
Stack trace:
#0 /var/www/html/framework/web/auth/CWebUser.php(146): CComponent->__get('token')
#1 /var/www/html/coalize/protected/controllers/ApiController.php(354): CWebUser->__get('token')
#2 /var/www/html/coalize/protected/controllers/ApiController.php(29): ApiController->_checkAuth()
#3 /var/www/html/framework/web/actions/CInlineAction.php(49): ApiController->actionList()
#4 /var/www/html/framework/web/CController.php(308): CInlineAction->runWithParams(Array)
#5 /var/www/html/framework/web/CController.php(286): CController->runAction(Object(CInlineAction))
#6 /var/www/html/framework/web/CController.php(265): CController->runActionWithFilters(Object(CInlineAction), Array)
#7 /var/www/html/framework/web/CWebApplication.php(282): CController->run('list')
#8 /var/www/html/framework/web/CWebApplication.php(141): CWebApplication->runController('api/list')
#9 /var/www/html/framework/base/CApplication.php(185): CWebApplication->processRequest()
#10 /var/www/html/coalize/index.php(13): CApplication->run()
#11 {main}
REQUEST_URI=/api/produtos
---
2024/03/11 13:22:16 [error] [php] Cannot modify header information - headers already sent by (output started at /var/www/html/coalize/protected/controllers/ApiController.php:355) (/var/www/html/coalize/protected/controllers/ApiController.php:273)
Stack trace:
#0 /var/www/html/coalize/protected/controllers/ApiController.php(273): header()
#1 /var/www/html/coalize/protected/controllers/ApiController.php(87): ApiController->_sendResponse()
#2 /var/www/html/framework/web/actions/CInlineAction.php(49): ApiController->actionList()
#3 /var/www/html/framework/web/CController.php(308): CInlineAction->runWithParams()
#4 /var/www/html/framework/web/CController.php(286): ApiController->runAction()
#5 /var/www/html/framework/web/CController.php(265): ApiController->runActionWithFilters()
#6 /var/www/html/framework/web/CWebApplication.php(282): ApiController->run()
#7 /var/www/html/framework/web/CWebApplication.php(141): CWebApplication->runController()
#8 /var/www/html/framework/base/CApplication.php(185): CWebApplication->processRequest()
#9 /var/www/html/coalize/index.php(13): CWebApplication->run()
REQUEST_URI=/api/produtos
in /var/www/html/coalize/protected/controllers/ApiController.php (273)
in /var/www/html/coalize/protected/controllers/ApiController.php (87)
in /var/www/html/coalize/index.php (13)
2024/03/11 13:29:02 [error] [php] Cannot modify header information - headers already sent by (output started at /var/www/html/coalize/protected/controllers/ApiController.php:355) (/var/www/html/coalize/protected/controllers/ApiController.php:382)
Stack trace:
#0 /var/www/html/coalize/protected/controllers/ApiController.php(382): header()
#1 /var/www/html/coalize/protected/controllers/ApiController.php(29): ApiController->_checkAuth()
#2 /var/www/html/framework/web/actions/CInlineAction.php(49): ApiController->actionList()
#3 /var/www/html/framework/web/CController.php(308): CInlineAction->runWithParams()
#4 /var/www/html/framework/web/CController.php(286): ApiController->runAction()
#5 /var/www/html/framework/web/CController.php(265): ApiController->runActionWithFilters()
#6 /var/www/html/framework/web/CWebApplication.php(282): ApiController->run()
#7 /var/www/html/framework/web/CWebApplication.php(141): CWebApplication->runController()
#8 /var/www/html/framework/base/CApplication.php(185): CWebApplication->processRequest()
#9 /var/www/html/coalize/index.php(13): CWebApplication->run()
REQUEST_URI=/api/produtos
in /var/www/html/coalize/protected/controllers/ApiController.php (382)
in /var/www/html/coalize/protected/controllers/ApiController.php (29)
in /var/www/html/coalize/index.php (13)
2024/03/11 13:29:35 [error] [php] Object of class CWebUser could not be converted to string (/var/www/html/coalize/protected/controllers/ApiController.php:355)
Stack trace:
#0 /var/www/html/coalize/protected/controllers/ApiController.php(29): ApiController->_checkAuth()
#1 /var/www/html/framework/web/actions/CInlineAction.php(49): ApiController->actionList()
#2 /var/www/html/framework/web/CController.php(308): CInlineAction->runWithParams()
#3 /var/www/html/framework/web/CController.php(286): ApiController->runAction()
#4 /var/www/html/framework/web/CController.php(265): ApiController->runActionWithFilters()
#5 /var/www/html/framework/web/CWebApplication.php(282): ApiController->run()
#6 /var/www/html/framework/web/CWebApplication.php(141): CWebApplication->runController()
#7 /var/www/html/framework/base/CApplication.php(185): CWebApplication->processRequest()
#8 /var/www/html/coalize/index.php(13): CWebApplication->run()
REQUEST_URI=/api/produtos
in /var/www/html/coalize/protected/controllers/ApiController.php (355)
in /var/www/html/coalize/protected/controllers/ApiController.php (29)
in /var/www/html/coalize/index.php (13)
2024/03/11 13:29:54 [error] [php] Cannot modify header information - headers already sent by (output started at /var/www/html/coalize/protected/controllers/ApiController.php:355) (/var/www/html/coalize/protected/controllers/ApiController.php:382)
Stack trace:
#0 /var/www/html/coalize/protected/controllers/ApiController.php(382): header()
#1 /var/www/html/coalize/protected/controllers/ApiController.php(29): ApiController->_checkAuth()
#2 /var/www/html/framework/web/actions/CInlineAction.php(49): ApiController->actionList()
#3 /var/www/html/framework/web/CController.php(308): CInlineAction->runWithParams()
#4 /var/www/html/framework/web/CController.php(286): ApiController->runAction()
#5 /var/www/html/framework/web/CController.php(265): ApiController->runActionWithFilters()
#6 /var/www/html/framework/web/CWebApplication.php(282): ApiController->run()
#7 /var/www/html/framework/web/CWebApplication.php(141): CWebApplication->runController()
#8 /var/www/html/framework/base/CApplication.php(185): CWebApplication->processRequest()
#9 /var/www/html/coalize/index.php(13): CWebApplication->run()
REQUEST_URI=/api/produtos
in /var/www/html/coalize/protected/controllers/ApiController.php (382)
in /var/www/html/coalize/protected/controllers/ApiController.php (29)
in /var/www/html/coalize/index.php (13)
2024/03/11 13:30:20 [error] [php] Cannot modify header information - headers already sent by (output started at /var/www/html/coalize/protected/controllers/ApiController.php:355) (/var/www/html/coalize/protected/controllers/ApiController.php:273)
Stack trace:
#0 /var/www/html/coalize/protected/controllers/ApiController.php(273): header()
#1 /var/www/html/coalize/protected/controllers/ApiController.php(363): ApiController->_sendResponse()
#2 /var/www/html/coalize/protected/controllers/ApiController.php(29): ApiController->_checkAuth()
#3 /var/www/html/framework/web/actions/CInlineAction.php(49): ApiController->actionList()
#4 /var/www/html/framework/web/CController.php(308): CInlineAction->runWithParams()
#5 /var/www/html/framework/web/CController.php(286): ApiController->runAction()
#6 /var/www/html/framework/web/CController.php(265): ApiController->runActionWithFilters()
#7 /var/www/html/framework/web/CWebApplication.php(282): ApiController->run()
#8 /var/www/html/framework/web/CWebApplication.php(141): CWebApplication->runController()
#9 /var/www/html/framework/base/CApplication.php(185): CWebApplication->processRequest()
#10 /var/www/html/coalize/index.php(13): CWebApplication->run()
REQUEST_URI=/api/produtos
in /var/www/html/coalize/protected/controllers/ApiController.php (273)
in /var/www/html/coalize/protected/controllers/ApiController.php (363)
in /var/www/html/coalize/protected/controllers/ApiController.php (29)
2024/03/11 13:36:38 [error] [exception.ParseError] ParseError: syntax error, unexpected ')' in /var/www/html/coalize/protected/controllers/ApiController.php:380
Stack trace:
#0 /var/www/html/framework/web/CWebApplication.php(276): CWebApplication->createController('list/')
#1 /var/www/html/framework/web/CWebApplication.php(141): CWebApplication->runController('api/list')
#2 /var/www/html/framework/base/CApplication.php(185): CWebApplication->processRequest()
#3 /var/www/html/coalize/index.php(13): CApplication->run()
#4 {main}
REQUEST_URI=/api/produtos
---
2024/03/11 13:36:46 [error] [php] str_replace() expects at least 3 parameters, 2 given (/var/www/html/coalize/protected/controllers/ApiController.php:380)
Stack trace:
#0 /var/www/html/coalize/protected/controllers/ApiController.php(380): str_replace()
#1 /var/www/html/coalize/protected/controllers/ApiController.php(29): ApiController->_checkAuth()
#2 /var/www/html/framework/web/actions/CInlineAction.php(49): ApiController->actionList()
#3 /var/www/html/framework/web/CController.php(308): CInlineAction->runWithParams()
#4 /var/www/html/framework/web/CController.php(286): ApiController->runAction()
#5 /var/www/html/framework/web/CController.php(265): ApiController->runActionWithFilters()
#6 /var/www/html/framework/web/CWebApplication.php(282): ApiController->run()
#7 /var/www/html/framework/web/CWebApplication.php(141): CWebApplication->runController()
#8 /var/www/html/framework/base/CApplication.php(185): CWebApplication->processRequest()
#9 /var/www/html/coalize/index.php(13): CWebApplication->run()
REQUEST_URI=/api/produtos
in /var/www/html/coalize/protected/controllers/ApiController.php (380)
in /var/www/html/coalize/protected/controllers/ApiController.php (29)
in /var/www/html/coalize/index.php (13)
2024/03/11 13:47:46 [error] [system.db.CDbCommand] CDbCommand::fetchAll() failed: SQLSTATE[42S02]: Base table or view not found: 1146 Table 'coalize.tbl_migration' doesn't exist. The SQL statement executed was: SHOW FULL COLUMNS FROM `tbl_migration`.
2024/03/11 13:47:54 [error] [exception.CException] CException: Property "CWebUser.token" is not defined. in /var/www/html/framework/base/CComponent.php:130
Stack trace:
#0 /var/www/html/framework/web/auth/CWebUser.php(146): CComponent->__get('token')
#1 /var/www/html/coalize/protected/controllers/ApiController.php(353): CWebUser->__get('token')
#2 /var/www/html/coalize/protected/controllers/ApiController.php(29): ApiController->_checkAuth()
#3 /var/www/html/framework/web/actions/CInlineAction.php(49): ApiController->actionList()
#4 /var/www/html/framework/web/CController.php(308): CInlineAction->runWithParams(Array)
#5 /var/www/html/framework/web/CController.php(286): CController->runAction(Object(CInlineAction))
#6 /var/www/html/framework/web/CController.php(265): CController->runActionWithFilters(Object(CInlineAction), Array)
#7 /var/www/html/framework/web/CWebApplication.php(282): CController->run('list')
#8 /var/www/html/framework/web/CWebApplication.php(141): CWebApplication->runController('api/list')
#9 /var/www/html/framework/base/CApplication.php(185): CWebApplication->processRequest()
#10 /var/www/html/coalize/index.php(13): CApplication->run()
#11 {main}
REQUEST_URI=/api/produtos
---
2024/03/11 13:51:05 [error] [exception.CException] CException: Property "CWebUser.token" is not defined. in /var/www/html/framework/base/CComponent.php:130
Stack trace:
#0 /var/www/html/framework/web/auth/CWebUser.php(146): CComponent->__get('token')
#1 /var/www/html/coalize/protected/controllers/ApiController.php(380): CWebUser->__get('token')
#2 /var/www/html/coalize/protected/controllers/ApiController.php(29): ApiController->_checkAuth()
#3 /var/www/html/framework/web/actions/CInlineAction.php(49): ApiController->actionList()
#4 /var/www/html/framework/web/CController.php(308): CInlineAction->runWithParams(Array)
#5 /var/www/html/framework/web/CController.php(286): CController->runAction(Object(CInlineAction))
#6 /var/www/html/framework/web/CController.php(265): CController->runActionWithFilters(Object(CInlineAction), Array)
#7 /var/www/html/framework/web/CWebApplication.php(282): CController->run('list')
#8 /var/www/html/framework/web/CWebApplication.php(141): CWebApplication->runController('api/list')
#9 /var/www/html/framework/base/CApplication.php(185): CWebApplication->processRequest()
#10 /var/www/html/coalize/index.php(13): CApplication->run()
#11 {main}
REQUEST_URI=/api/produtos
---
2024/03/11 13:51:14 [error] [exception.CException] CException: Property "CWebUser.token" is not defined. in /var/www/html/framework/base/CComponent.php:130
Stack trace:
#0 /var/www/html/framework/web/auth/CWebUser.php(146): CComponent->__get('token')
#1 /var/www/html/coalize/protected/controllers/ApiController.php(380): CWebUser->__get('token')
#2 /var/www/html/coalize/protected/controllers/ApiController.php(29): ApiController->_checkAuth()
#3 /var/www/html/framework/web/actions/CInlineAction.php(49): ApiController->actionList()
#4 /var/www/html/framework/web/CController.php(308): CInlineAction->runWithParams(Array)
#5 /var/www/html/framework/web/CController.php(286): CController->runAction(Object(CInlineAction))
#6 /var/www/html/framework/web/CController.php(265): CController->runActionWithFilters(Object(CInlineAction), Array)
#7 /var/www/html/framework/web/CWebApplication.php(282): CController->run('list')
#8 /var/www/html/framework/web/CWebApplication.php(141): CWebApplication->runController('api/list')
#9 /var/www/html/framework/base/CApplication.php(185): CWebApplication->processRequest()
#10 /var/www/html/coalize/index.php(13): CApplication->run()
#11 {main}
REQUEST_URI=/api/produtos
---
2024/03/11 13:53:29 [error] [exception.CHttpException.404] CHttpException: The system is unable to find the requested action "cliente". in /var/www/html/framework/web/CController.php:486
Stack trace:
#0 /var/www/html/framework/web/CController.php(270): CController->missingAction('cliente')
#1 /var/www/html/framework/web/CWebApplication.php(282): CController->run('cliente')
#2 /var/www/html/framework/web/CWebApplication.php(141): CWebApplication->runController('api/cliente')
#3 /var/www/html/framework/base/CApplication.php(185): CWebApplication->processRequest()
#4 /var/www/html/coalize/index.php(13): CApplication->run()
#5 {main}
REQUEST_URI=/api/cliente/
---
2024/03/11 14:03:51 [error] [system.db.CDbCommand] CDbCommand::fetchAll() failed: SQLSTATE[42S02]: Base table or view not found: 1146 Table 'coalize.tbl_user' doesn't exist. The SQL statement executed was: SHOW FULL COLUMNS FROM `tbl_user`.
in /var/www/html/coalize/protected/controllers/ApiController.php (363)
in /var/www/html/coalize/protected/controllers/ApiController.php (29)
in /var/www/html/coalize/index.php (13)
2024/03/11 14:03:51 [error] [exception.CDbException] CDbException: The table "tbl_user" for active record class "User" cannot be found in the database. in /var/www/html/framework/db/ar/CActiveRecord.php:2391
Stack trace:
#0 /var/www/html/framework/db/ar/CActiveRecord.php(413): CActiveRecordMetaData->__construct(Object(User))
#1 /var/www/html/framework/db/ar/CActiveRecord.php(663): CActiveRecord->getMetaData()
#2 /var/www/html/framework/db/ar/CActiveRecord.php(1358): CActiveRecord->getTableSchema()
#3 /var/www/html/framework/db/ar/CActiveRecord.php(1464): CActiveRecord->query(Object(CDbCriteria))
#4 /var/www/html/coalize/protected/controllers/ApiController.php(363): CActiveRecord->find('LOWER(username)...', Array)
#5 /var/www/html/coalize/protected/controllers/ApiController.php(29): ApiController->_checkAuth()
#6 /var/www/html/framework/web/actions/CInlineAction.php(49): ApiController->actionList()
#7 /var/www/html/framework/web/CController.php(308): CInlineAction->runWithParams(Array)
#8 /var/www/html/framework/web/CController.php(286): CController->runAction(Object(CInlineAction))
#9 /var/www/html/framework/web/CController.php(265): CController->runActionWithFilters(Object(CInlineAction), Array)
#10 /var/www/html/framework/web/CWebApplication.php(282): CController->run('list')
#11 /var/www/html/framework/web/CWebApplication.php(141): CWebApplication->runController('api/list')
#12 /var/www/html/framework/base/CApplication.php(185): CWebApplication->processRequest()
#13 /var/www/html/coalize/index.php(13): CApplication->run()
#14 {main}
REQUEST_URI=/api/produtos
---
2024/03/11 14:03:51 [error] [system.db.CDbCommand] CDbCommand::fetchAll() failed: SQLSTATE[42S02]: Base table or view not found: 1146 Table 'coalize.tbl_user' doesn't exist. The SQL statement executed was: SHOW FULL COLUMNS FROM `tbl_user`.
in /var/www/html/coalize/protected/controllers/ApiController.php (363)
in /var/www/html/coalize/protected/controllers/ApiController.php (94)
in /var/www/html/coalize/index.php (13)
2024/03/11 14:03:51 [error] [exception.CDbException] CDbException: The table "tbl_user" for active record class "User" cannot be found in the database. in /var/www/html/framework/db/ar/CActiveRecord.php:2391
Stack trace:
#0 /var/www/html/framework/db/ar/CActiveRecord.php(413): CActiveRecordMetaData->__construct(Object(User))
#1 /var/www/html/framework/db/ar/CActiveRecord.php(663): CActiveRecord->getMetaData()
#2 /var/www/html/framework/db/ar/CActiveRecord.php(1358): CActiveRecord->getTableSchema()
#3 /var/www/html/framework/db/ar/CActiveRecord.php(1464): CActiveRecord->query(Object(CDbCriteria))
#4 /var/www/html/coalize/protected/controllers/ApiController.php(363): CActiveRecord->find('LOWER(username)...', Array)
#5 /var/www/html/coalize/protected/controllers/ApiController.php(94): ApiController->_checkAuth()
#6 /var/www/html/framework/web/actions/CInlineAction.php(49): ApiController->actionView()
#7 /var/www/html/framework/web/CController.php(308): CInlineAction->runWithParams(Array)
#8 /var/www/html/framework/web/CController.php(286): CController->runAction(Object(CInlineAction))
#9 /var/www/html/framework/web/CController.php(265): CController->runActionWithFilters(Object(CInlineAction), Array)
#10 /var/www/html/framework/web/CWebApplication.php(282): CController->run('view')
#11 /var/www/html/framework/web/CWebApplication.php(141): CWebApplication->runController('api/view')
#12 /var/www/html/framework/base/CApplication.php(185): CWebApplication->processRequest()
#13 /var/www/html/coalize/index.php(13): CApplication->run()
#14 {main}
REQUEST_URI=/api/produto/2
---
2024/03/11 14:03:52 [error] [system.db.CDbCommand] CDbCommand::fetchAll() failed: SQLSTATE[42S02]: Base table or view not found: 1146 Table 'coalize.tbl_user' doesn't exist. The SQL statement executed was: SHOW FULL COLUMNS FROM `tbl_user`.
in /var/www/html/coalize/protected/controllers/ApiController.php (363)
in /var/www/html/coalize/protected/controllers/ApiController.php (29)
in /var/www/html/coalize/index.php (13)
2024/03/11 14:03:52 [error] [exception.CDbException] CDbException: The table "tbl_user" for active record class "User" cannot be found in the database. in /var/www/html/framework/db/ar/CActiveRecord.php:2391
Stack trace:
#0 /var/www/html/framework/db/ar/CActiveRecord.php(413): CActiveRecordMetaData->__construct(Object(User))
#1 /var/www/html/framework/db/ar/CActiveRecord.php(663): CActiveRecord->getMetaData()
#2 /var/www/html/framework/db/ar/CActiveRecord.php(1358): CActiveRecord->getTableSchema()
#3 /var/www/html/framework/db/ar/CActiveRecord.php(1464): CActiveRecord->query(Object(CDbCriteria))
#4 /var/www/html/coalize/protected/controllers/ApiController.php(363): CActiveRecord->find('LOWER(username)...', Array)
#5 /var/www/html/coalize/protected/controllers/ApiController.php(29): ApiController->_checkAuth()
#6 /var/www/html/framework/web/actions/CInlineAction.php(49): ApiController->actionList()
#7 /var/www/html/framework/web/CController.php(308): CInlineAction->runWithParams(Array)
#8 /var/www/html/framework/web/CController.php(286): CController->runAction(Object(CInlineAction))
#9 /var/www/html/framework/web/CController.php(265): CController->runActionWithFilters(Object(CInlineAction), Array)
#10 /var/www/html/framework/web/CWebApplication.php(282): CController->run('list')
#11 /var/www/html/framework/web/CWebApplication.php(141): CWebApplication->runController('api/list')
#12 /var/www/html/framework/base/CApplication.php(185): CWebApplication->processRequest()
#13 /var/www/html/coalize/index.php(13): CApplication->run()
#14 {main}
REQUEST_URI=/api/produtos/cliente/3
---
2024/03/11 14:03:52 [error] [system.db.CDbCommand] CDbCommand::fetchAll() failed: SQLSTATE[42S02]: Base table or view not found: 1146 Table 'coalize.tbl_user' doesn't exist. The SQL statement executed was: SHOW FULL COLUMNS FROM `tbl_user`.
in /var/www/html/coalize/protected/controllers/ApiController.php (363)
in /var/www/html/coalize/protected/controllers/ApiController.php (29)
in /var/www/html/coalize/index.php (13)
2024/03/11 14:03:52 [error] [exception.CDbException] CDbException: The table "tbl_user" for active record class "User" cannot be found in the database. in /var/www/html/framework/db/ar/CActiveRecord.php:2391
Stack trace:
#0 /var/www/html/framework/db/ar/CActiveRecord.php(413): CActiveRecordMetaData->__construct(Object(User))
#1 /var/www/html/framework/db/ar/CActiveRecord.php(663): CActiveRecord->getMetaData()
#2 /var/www/html/framework/db/ar/CActiveRecord.php(1358): CActiveRecord->getTableSchema()
#3 /var/www/html/framework/db/ar/CActiveRecord.php(1464): CActiveRecord->query(Object(CDbCriteria))
#4 /var/www/html/coalize/protected/controllers/ApiController.php(363): CActiveRecord->find('LOWER(username)...', Array)
#5 /var/www/html/coalize/protected/controllers/ApiController.php(29): ApiController->_checkAuth()
#6 /var/www/html/framework/web/actions/CInlineAction.php(49): ApiController->actionList()
#7 /var/www/html/framework/web/CController.php(308): CInlineAction->runWithParams(Array)
#8 /var/www/html/framework/web/CController.php(286): CController->runAction(Object(CInlineAction))
#9 /var/www/html/framework/web/CController.php(265): CController->runActionWithFilters(Object(CInlineAction), Array)
#10 /var/www/html/framework/web/CWebApplication.php(282): CController->run('list')
#11 /var/www/html/framework/web/CWebApplication.php(141): CWebApplication->runController('api/list')
#12 /var/www/html/framework/base/CApplication.php(185): CWebApplication->processRequest()
#13 /var/www/html/coalize/index.php(13): CApplication->run()
#14 {main}
REQUEST_URI=/api/produtos/offset/1/limit/5
---
2024/03/11 14:03:52 [error] [system.db.CDbCommand] CDbCommand::fetchAll() failed: SQLSTATE[42S02]: Base table or view not found: 1146 Table 'coalize.tbl_user' doesn't exist. The SQL statement executed was: SHOW FULL COLUMNS FROM `tbl_user`.
in /var/www/html/coalize/protected/controllers/ApiController.php (363)
in /var/www/html/coalize/protected/controllers/ApiController.php (125)
in /var/www/html/coalize/index.php (13)
2024/03/11 14:03:52 [error] [exception.CDbException] CDbException: The table "tbl_user" for active record class "User" cannot be found in the database. in /var/www/html/framework/db/ar/CActiveRecord.php:2391
Stack trace:
#0 /var/www/html/framework/db/ar/CActiveRecord.php(413): CActiveRecordMetaData->__construct(Object(User))
#1 /var/www/html/framework/db/ar/CActiveRecord.php(663): CActiveRecord->getMetaData()
#2 /var/www/html/framework/db/ar/CActiveRecord.php(1358): CActiveRecord->getTableSchema()
#3 /var/www/html/framework/db/ar/CActiveRecord.php(1464): CActiveRecord->query(Object(CDbCriteria))
#4 /var/www/html/coalize/protected/controllers/ApiController.php(363): CActiveRecord->find('LOWER(username)...', Array)
#5 /var/www/html/coalize/protected/controllers/ApiController.php(125): ApiController->_checkAuth()
#6 /var/www/html/framework/web/actions/CInlineAction.php(49): ApiController->actionCreate()
#7 /var/www/html/framework/web/CController.php(308): CInlineAction->runWithParams(Array)
#8 /var/www/html/framework/web/CController.php(286): CController->runAction(Object(CInlineAction))
#9 /var/www/html/framework/web/CController.php(265): CController->runActionWithFilters(Object(CInlineAction), Array)
#10 /var/www/html/framework/web/CWebApplication.php(282): CController->run('create')
#11 /var/www/html/framework/web/CWebApplication.php(141): CWebApplication->runController('api/create')
#12 /var/www/html/framework/base/CApplication.php(185): CWebApplication->processRequest()
#13 /var/www/html/coalize/index.php(13): CApplication->run()
#14 {main}
REQUEST_URI=/api/produto
---
2024/03/11 14:03:53 [error] [system.db.CDbCommand] CDbCommand::fetchAll() failed: SQLSTATE[42S02]: Base table or view not found: 1146 Table 'coalize.tbl_user' doesn't exist. The SQL statement executed was: SHOW FULL COLUMNS FROM `tbl_user`.
in /var/www/html/coalize/protected/controllers/ApiController.php (363)
in /var/www/html/coalize/protected/controllers/ApiController.php (175)
in /var/www/html/coalize/index.php (13)
2024/03/11 14:03:53 [error] [exception.CDbException] CDbException: The table "tbl_user" for active record class "User" cannot be found in the database. in /var/www/html/framework/db/ar/CActiveRecord.php:2391
Stack trace:
#0 /var/www/html/framework/db/ar/CActiveRecord.php(413): CActiveRecordMetaData->__construct(Object(User))
#1 /var/www/html/framework/db/ar/CActiveRecord.php(663): CActiveRecord->getMetaData()
#2 /var/www/html/framework/db/ar/CActiveRecord.php(1358): CActiveRecord->getTableSchema()
#3 /var/www/html/framework/db/ar/CActiveRecord.php(1464): CActiveRecord->query(Object(CDbCriteria))
#4 /var/www/html/coalize/protected/controllers/ApiController.php(363): CActiveRecord->find('LOWER(username)...', Array)
#5 /var/www/html/coalize/protected/controllers/ApiController.php(175): ApiController->_checkAuth()
#6 /var/www/html/framework/web/actions/CInlineAction.php(49): ApiController->actionUpdate()
#7 /var/www/html/framework/web/CController.php(308): CInlineAction->runWithParams(Array)
#8 /var/www/html/framework/web/CController.php(286): CController->runAction(Object(CInlineAction))
#9 /var/www/html/framework/web/CController.php(265): CController->runActionWithFilters(Object(CInlineAction), Array)
#10 /var/www/html/framework/web/CWebApplication.php(282): CController->run('update')
#11 /var/www/html/framework/web/CWebApplication.php(141): CWebApplication->runController('api/update')
#12 /var/www/html/framework/base/CApplication.php(185): CWebApplication->processRequest()
#13 /var/www/html/coalize/index.php(13): CApplication->run()
#14 {main}
REQUEST_URI=/api/produto/2
---
2024/03/11 14:03:53 [error] [system.db.CDbCommand] CDbCommand::fetchAll() failed: SQLSTATE[42S02]: Base table or view not found: 1146 Table 'coalize.tbl_user' doesn't exist. The SQL statement executed was: SHOW FULL COLUMNS FROM `tbl_user`.
in /var/www/html/coalize/protected/controllers/ApiController.php (363)
in /var/www/html/coalize/protected/controllers/ApiController.php (235)
in /var/www/html/coalize/index.php (13)
2024/03/11 14:03:53 [error] [exception.CDbException] CDbException: The table "tbl_user" for active record class "User" cannot be found in the database. in /var/www/html/framework/db/ar/CActiveRecord.php:2391
Stack trace:
#0 /var/www/html/framework/db/ar/CActiveRecord.php(413): CActiveRecordMetaData->__construct(Object(User))
#1 /var/www/html/framework/db/ar/CActiveRecord.php(663): CActiveRecord->getMetaData()
#2 /var/www/html/framework/db/ar/CActiveRecord.php(1358): CActiveRecord->getTableSchema()
#3 /var/www/html/framework/db/ar/CActiveRecord.php(1464): CActiveRecord->query(Object(CDbCriteria))
#4 /var/www/html/coalize/protected/controllers/ApiController.php(363): CActiveRecord->find('LOWER(username)...', Array)
#5 /var/www/html/coalize/protected/controllers/ApiController.php(235): ApiController->_checkAuth()
#6 /var/www/html/framework/web/actions/CInlineAction.php(49): ApiController->actionDelete()
#7 /var/www/html/framework/web/CController.php(308): CInlineAction->runWithParams(Array)
#8 /var/www/html/framework/web/CController.php(286): CController->runAction(Object(CInlineAction))
#9 /var/www/html/framework/web/CController.php(265): CController->runActionWithFilters(Object(CInlineAction), Array)
#10 /var/www/html/framework/web/CWebApplication.php(282): CController->run('delete')
#11 /var/www/html/framework/web/CWebApplication.php(141): CWebApplication->runController('api/delete')
#12 /var/www/html/framework/base/CApplication.php(185): CWebApplication->processRequest()
#13 /var/www/html/coalize/index.php(13): CApplication->run()
#14 {main}
REQUEST_URI=/api/produto/22
---
2024/03/11 14:03:53 [error] [system.db.CDbCommand] CDbCommand::fetchAll() failed: SQLSTATE[42S02]: Base table or view not found: 1146 Table 'coalize.tbl_user' doesn't exist. The SQL statement executed was: SHOW FULL COLUMNS FROM `tbl_user`.
in /var/www/html/coalize/protected/controllers/ApiController.php (363)
in /var/www/html/coalize/protected/controllers/ApiController.php (29)
in /var/www/html/coalize/index.php (13)
2024/03/11 14:03:53 [error] [exception.CDbException] CDbException: The table "tbl_user" for active record class "User" cannot be found in the database. in /var/www/html/framework/db/ar/CActiveRecord.php:2391
Stack trace:
#0 /var/www/html/framework/db/ar/CActiveRecord.php(413): CActiveRecordMetaData->__construct(Object(User))
#1 /var/www/html/framework/db/ar/CActiveRecord.php(663): CActiveRecord->getMetaData()
#2 /var/www/html/framework/db/ar/CActiveRecord.php(1358): CActiveRecord->getTableSchema()
#3 /var/www/html/framework/db/ar/CActiveRecord.php(1464): CActiveRecord->query(Object(CDbCriteria))
#4 /var/www/html/coalize/protected/controllers/ApiController.php(363): CActiveRecord->find('LOWER(username)...', Array)
#5 /var/www/html/coalize/protected/controllers/ApiController.php(29): ApiController->_checkAuth()
#6 /var/www/html/framework/web/actions/CInlineAction.php(49): ApiController->actionList()
#7 /var/www/html/framework/web/CController.php(308): CInlineAction->runWithParams(Array)
#8 /var/www/html/framework/web/CController.php(286): CController->runAction(Object(CInlineAction))
#9 /var/www/html/framework/web/CController.php(265): CController->runActionWithFilters(Object(CInlineAction), Array)
#10 /var/www/html/framework/web/CWebApplication.php(282): CController->run('list')
#11 /var/www/html/framework/web/CWebApplication.php(141): CWebApplication->runController('api/list')
#12 /var/www/html/framework/base/CApplication.php(185): CWebApplication->processRequest()
#13 /var/www/html/coalize/index.php(13): CApplication->run()
#14 {main}
REQUEST_URI=/api/clientes
---
2024/03/11 14:03:53 [error] [system.db.CDbCommand] CDbCommand::fetchAll() failed: SQLSTATE[42S02]: Base table or view not found: 1146 Table 'coalize.tbl_user' doesn't exist. The SQL statement executed was: SHOW FULL COLUMNS FROM `tbl_user`.
in /var/www/html/coalize/protected/controllers/ApiController.php (363)
in /var/www/html/coalize/protected/controllers/ApiController.php (29)
in /var/www/html/coalize/index.php (13)
2024/03/11 14:03:53 [error] [exception.CDbException] CDbException: The table "tbl_user" for active record class "User" cannot be found in the database. in /var/www/html/framework/db/ar/CActiveRecord.php:2391
Stack trace:
#0 /var/www/html/framework/db/ar/CActiveRecord.php(413): CActiveRecordMetaData->__construct(Object(User))
#1 /var/www/html/framework/db/ar/CActiveRecord.php(663): CActiveRecord->getMetaData()
#2 /var/www/html/framework/db/ar/CActiveRecord.php(1358): CActiveRecord->getTableSchema()
#3 /var/www/html/framework/db/ar/CActiveRecord.php(1464): CActiveRecord->query(Object(CDbCriteria))
#4 /var/www/html/coalize/protected/controllers/ApiController.php(363): CActiveRecord->find('LOWER(username)...', Array)
#5 /var/www/html/coalize/protected/controllers/ApiController.php(29): ApiController->_checkAuth()
#6 /var/www/html/framework/web/actions/CInlineAction.php(49): ApiController->actionList()
#7 /var/www/html/framework/web/CController.php(308): CInlineAction->runWithParams(Array)
#8 /var/www/html/framework/web/CController.php(286): CController->runAction(Object(CInlineAction))
#9 /var/www/html/framework/web/CController.php(265): CController->runActionWithFilters(Object(CInlineAction), Array)
#10 /var/www/html/framework/web/CWebApplication.php(282): CController->run('list')
#11 /var/www/html/framework/web/CWebApplication.php(141): CWebApplication->runController('api/list')
#12 /var/www/html/framework/base/CApplication.php(185): CWebApplication->processRequest()
#13 /var/www/html/coalize/index.php(13): CApplication->run()
#14 {main}
REQUEST_URI=/api/clientes/offset/1/limit/5
---
2024/03/11 14:03:54 [error] [system.db.CDbCommand] CDbCommand::fetchAll() failed: SQLSTATE[42S02]: Base table or view not found: 1146 Table 'coalize.tbl_user' doesn't exist. The SQL statement executed was: SHOW FULL COLUMNS FROM `tbl_user`.
in /var/www/html/coalize/protected/controllers/ApiController.php (363)
in /var/www/html/coalize/protected/controllers/ApiController.php (94)
in /var/www/html/coalize/index.php (13)
2024/03/11 14:03:54 [error] [exception.CDbException] CDbException: The table "tbl_user" for active record class "User" cannot be found in the database. in /var/www/html/framework/db/ar/CActiveRecord.php:2391
Stack trace:
#0 /var/www/html/framework/db/ar/CActiveRecord.php(413): CActiveRecordMetaData->__construct(Object(User))
#1 /var/www/html/framework/db/ar/CActiveRecord.php(663): CActiveRecord->getMetaData()
#2 /var/www/html/framework/db/ar/CActiveRecord.php(1358): CActiveRecord->getTableSchema()
#3 /var/www/html/framework/db/ar/CActiveRecord.php(1464): CActiveRecord->query(Object(CDbCriteria))
#4 /var/www/html/coalize/protected/controllers/ApiController.php(363): CActiveRecord->find('LOWER(username)...', Array)
#5 /var/www/html/coalize/protected/controllers/ApiController.php(94): ApiController->_checkAuth()
#6 /var/www/html/framework/web/actions/CInlineAction.php(49): ApiController->actionView()
#7 /var/www/html/framework/web/CController.php(308): CInlineAction->runWithParams(Array)
#8 /var/www/html/framework/web/CController.php(286): CController->runAction(Object(CInlineAction))
#9 /var/www/html/framework/web/CController.php(265): CController->runActionWithFilters(Object(CInlineAction), Array)
#10 /var/www/html/framework/web/CWebApplication.php(282): CController->run('view')
#11 /var/www/html/framework/web/CWebApplication.php(141): CWebApplication->runController('api/view')
#12 /var/www/html/framework/base/CApplication.php(185): CWebApplication->processRequest()
#13 /var/www/html/coalize/index.php(13): CApplication->run()
#14 {main}
REQUEST_URI=/api/cliente/1
---
2024/03/11 14:03:54 [error] [system.db.CDbCommand] CDbCommand::fetchAll() failed: SQLSTATE[42S02]: Base table or view not found: 1146 Table 'coalize.tbl_user' doesn't exist. The SQL statement executed was: SHOW FULL COLUMNS FROM `tbl_user`.
in /var/www/html/coalize/protected/controllers/ApiController.php (363)
in /var/www/html/coalize/protected/controllers/ApiController.php (125)
in /var/www/html/coalize/index.php (13)
2024/03/11 14:03:54 [error] [exception.CDbException] CDbException: The table "tbl_user" for active record class "User" cannot be found in the database. in /var/www/html/framework/db/ar/CActiveRecord.php:2391
Stack trace:
#0 /var/www/html/framework/db/ar/CActiveRecord.php(413): CActiveRecordMetaData->__construct(Object(User))
#1 /var/www/html/framework/db/ar/CActiveRecord.php(663): CActiveRecord->getMetaData()
#2 /var/www/html/framework/db/ar/CActiveRecord.php(1358): CActiveRecord->getTableSchema()
#3 /var/www/html/framework/db/ar/CActiveRecord.php(1464): CActiveRecord->query(Object(CDbCriteria))
#4 /var/www/html/coalize/protected/controllers/ApiController.php(363): CActiveRecord->find('LOWER(username)...', Array)
#5 /var/www/html/coalize/protected/controllers/ApiController.php(125): ApiController->_checkAuth()
#6 /var/www/html/framework/web/actions/CInlineAction.php(49): ApiController->actionCreate()
#7 /var/www/html/framework/web/CController.php(308): CInlineAction->runWithParams(Array)
#8 /var/www/html/framework/web/CController.php(286): CController->runAction(Object(CInlineAction))
#9 /var/www/html/framework/web/CController.php(265): CController->runActionWithFilters(Object(CInlineAction), Array)
#10 /var/www/html/framework/web/CWebApplication.php(282): CController->run('create')
#11 /var/www/html/framework/web/CWebApplication.php(141): CWebApplication->runController('api/create')
#12 /var/www/html/framework/base/CApplication.php(185): CWebApplication->processRequest()
#13 /var/www/html/coalize/index.php(13): CApplication->run()
#14 {main}
REQUEST_URI=/api/cliente
---
2024/03/11 14:03:54 [error] [system.db.CDbCommand] CDbCommand::fetchAll() failed: SQLSTATE[42S02]: Base table or view not found: 1146 Table 'coalize.tbl_user' doesn't exist. The SQL statement executed was: SHOW FULL COLUMNS FROM `tbl_user`.
in /var/www/html/coalize/protected/controllers/ApiController.php (363)
in /var/www/html/coalize/protected/controllers/ApiController.php (175)
in /var/www/html/coalize/index.php (13)
2024/03/11 14:03:54 [error] [exception.CDbException] CDbException: The table "tbl_user" for active record class "User" cannot be found in the database. in /var/www/html/framework/db/ar/CActiveRecord.php:2391
Stack trace:
#0 /var/www/html/framework/db/ar/CActiveRecord.php(413): CActiveRecordMetaData->__construct(Object(User))
#1 /var/www/html/framework/db/ar/CActiveRecord.php(663): CActiveRecord->getMetaData()
#2 /var/www/html/framework/db/ar/CActiveRecord.php(1358): CActiveRecord->getTableSchema()
#3 /var/www/html/framework/db/ar/CActiveRecord.php(1464): CActiveRecord->query(Object(CDbCriteria))
#4 /var/www/html/coalize/protected/controllers/ApiController.php(363): CActiveRecord->find('LOWER(username)...', Array)
#5 /var/www/html/coalize/protected/controllers/ApiController.php(175): ApiController->_checkAuth()
#6 /var/www/html/framework/web/actions/CInlineAction.php(49): ApiController->actionUpdate()
#7 /var/www/html/framework/web/CController.php(308): CInlineAction->runWithParams(Array)
#8 /var/www/html/framework/web/CController.php(286): CController->runAction(Object(CInlineAction))
#9 /var/www/html/framework/web/CController.php(265): CController->runActionWithFilters(Object(CInlineAction), Array)
#10 /var/www/html/framework/web/CWebApplication.php(282): CController->run('update')
#11 /var/www/html/framework/web/CWebApplication.php(141): CWebApplication->runController('api/update')
#12 /var/www/html/framework/base/CApplication.php(185): CWebApplication->processRequest()
#13 /var/www/html/coalize/index.php(13): CApplication->run()
#14 {main}
REQUEST_URI=/api/cliente/22
---
2024/03/11 14:03:55 [error] [system.db.CDbCommand] CDbCommand::fetchAll() failed: SQLSTATE[42S02]: Base table or view not found: 1146 Table 'coalize.tbl_user' doesn't exist. The SQL statement executed was: SHOW FULL COLUMNS FROM `tbl_user`.
in /var/www/html/coalize/protected/controllers/ApiController.php (363)
in /var/www/html/coalize/protected/controllers/ApiController.php (235)
in /var/www/html/coalize/index.php (13)
2024/03/11 14:03:55 [error] [exception.CDbException] CDbException: The table "tbl_user" for active record class "User" cannot be found in the database. in /var/www/html/framework/db/ar/CActiveRecord.php:2391
Stack trace:
#0 /var/www/html/framework/db/ar/CActiveRecord.php(413): CActiveRecordMetaData->__construct(Object(User))
#1 /var/www/html/framework/db/ar/CActiveRecord.php(663): CActiveRecord->getMetaData()
#2 /var/www/html/framework/db/ar/CActiveRecord.php(1358): CActiveRecord->getTableSchema()
#3 /var/www/html/framework/db/ar/CActiveRecord.php(1464): CActiveRecord->query(Object(CDbCriteria))
#4 /var/www/html/coalize/protected/controllers/ApiController.php(363): CActiveRecord->find('LOWER(username)...', Array)
#5 /var/www/html/coalize/protected/controllers/ApiController.php(235): ApiController->_checkAuth()
#6 /var/www/html/framework/web/actions/CInlineAction.php(49): ApiController->actionDelete()
#7 /var/www/html/framework/web/CController.php(308): CInlineAction->runWithParams(Array)
#8 /var/www/html/framework/web/CController.php(286): CController->runAction(Object(CInlineAction))
#9 /var/www/html/framework/web/CController.php(265): CController->runActionWithFilters(Object(CInlineAction), Array)
#10 /var/www/html/framework/web/CWebApplication.php(282): CController->run('delete')
#11 /var/www/html/framework/web/CWebApplication.php(141): CWebApplication->runController('api/delete')
#12 /var/www/html/framework/base/CApplication.php(185): CWebApplication->processRequest()
#13 /var/www/html/coalize/index.php(13): CApplication->run()
#14 {main}
REQUEST_URI=/api/cliente/22
---
2024/03/11 14:04:18 [error] [system.db.CDbCommand] CDbCommand::fetchAll() failed: SQLSTATE[42S02]: Base table or view not found: 1146 Table 'coalize.tbl_migration' doesn't exist. The SQL statement executed was: SHOW FULL COLUMNS FROM `tbl_migration`.
2024/03/11 14:14:52 [error] [system.db.CDbCommand] CDbCommand::fetchAll() failed: SQLSTATE[42S02]: Base table or view not found: 1146 Table 'coalize.tbl_migration' doesn't exist. The SQL statement executed was: SHOW FULL COLUMNS FROM `tbl_migration`.
2024/03/11 14:17:17 [error] [system.db.CDbCommand] CDbCommand::fetchAll() failed: SQLSTATE[42S02]: Base table or view not found: 1146 Table 'coalize.tbl_migration' doesn't exist. The SQL statement executed was: SHOW FULL COLUMNS FROM `tbl_migration`.
2024/03/11 16:34:49 [error] [system.db.CDbCommand] CDbCommand::fetchAll() failed: SQLSTATE[42S02]: Base table or view not found: 1146 Table 'coalize.tbl_migration' doesn't exist. The SQL statement executed was: SHOW FULL COLUMNS FROM `tbl_migration`.
